{"/home/christian/MEGA/Phase 3/Project/backend/app/app.js": {"path":"/home/christian/MEGA/Phase 3/Project/backend/app/app.js","statementMap":{"0":{"start":{"line":1,"column":0},"end":{"line":3,"column":1}},"1":{"start":{"line":2,"column":2},"end":{"line":2,"column":29}},"2":{"start":{"line":5,"column":13},"end":{"line":5,"column":28}},"3":{"start":{"line":6,"column":16},"end":{"line":6,"column":34}},"4":{"start":{"line":7,"column":12},"end":{"line":7,"column":21}},"5":{"start":{"line":8,"column":15},"end":{"line":8,"column":35}},"6":{"start":{"line":9,"column":25},"end":{"line":9,"column":49}},"7":{"start":{"line":11,"column":0},"end":{"line":11,"column":16}},"8":{"start":{"line":12,"column":0},"end":{"line":12,"column":48}},"9":{"start":{"line":13,"column":0},"end":{"line":13,"column":24}},"10":{"start":{"line":14,"column":0},"end":{"line":14,"column":16}},"11":{"start":{"line":15,"column":0},"end":{"line":15,"column":22}},"12":{"start":{"line":17,"column":0},"end":{"line":17,"column":21}}},"fnMap":{},"branchMap":{"0":{"loc":{"start":{"line":1,"column":0},"end":{"line":3,"column":1}},"type":"if","locations":[{"start":{"line":1,"column":0},"end":{"line":3,"column":1}},{"start":{},"end":{}}],"line":1}},"s":{"0":1,"1":1,"2":1,"3":1,"4":1,"5":1,"6":1,"7":1,"8":1,"9":1,"10":1,"11":1,"12":1},"f":{},"b":{"0":[1,0]},"_coverageSchema":"1a1c01bbd47fc00a2c39e90264f33305004495a9","hash":"1851fac516df4d5d4d79487d6d2bdd51d16d2d90"}
,"/home/christian/MEGA/Phase 3/Project/backend/app/controllers/authController.js": {"path":"/home/christian/MEGA/Phase 3/Project/backend/app/controllers/authController.js","statementMap":{"0":{"start":{"line":6,"column":4},"end":{"line":6,"column":25}},"1":{"start":{"line":7,"column":17},"end":{"line":7,"column":37}},"2":{"start":{"line":8,"column":30},"end":{"line":8,"column":73}},"3":{"start":{"line":14,"column":4},"end":{"line":37,"column":5}},"4":{"start":{"line":15,"column":40},"end":{"line":15,"column":48}},"5":{"start":{"line":17,"column":26},"end":{"line":27,"column":8}},"6":{"start":{"line":29,"column":6},"end":{"line":29,"column":69}},"7":{"start":{"line":31,"column":6},"end":{"line":34,"column":9}},"8":{"start":{"line":36,"column":6},"end":{"line":36,"column":16}},"9":{"start":{"line":43,"column":4},"end":{"line":75,"column":5}},"10":{"start":{"line":47,"column":6},"end":{"line":52,"column":7}},"11":{"start":{"line":48,"column":8},"end":{"line":48,"column":34}},"12":{"start":{"line":49,"column":8},"end":{"line":49,"column":31}},"13":{"start":{"line":51,"column":8},"end":{"line":51,"column":40}},"14":{"start":{"line":54,"column":27},"end":{"line":65,"column":7}},"15":{"start":{"line":67,"column":6},"end":{"line":67,"column":71}},"16":{"start":{"line":67,"column":29},"end":{"line":67,"column":71}},"17":{"start":{"line":69,"column":6},"end":{"line":72,"column":9}},"18":{"start":{"line":74,"column":6},"end":{"line":74,"column":16}},"19":{"start":{"line":81,"column":4},"end":{"line":133,"column":5}},"20":{"start":{"line":82,"column":34},"end":{"line":82,"column":42}},"21":{"start":{"line":83,"column":6},"end":{"line":83,"column":50}},"22":{"start":{"line":83,"column":18},"end":{"line":83,"column":50}},"23":{"start":{"line":84,"column":6},"end":{"line":84,"column":56}},"24":{"start":{"line":84,"column":21},"end":{"line":84,"column":56}},"25":{"start":{"line":85,"column":19},"end":{"line":89,"column":8}},"26":{"start":{"line":90,"column":6},"end":{"line":90,"column":48}},"27":{"start":{"line":90,"column":17},"end":{"line":90,"column":48}},"28":{"start":{"line":91,"column":30},"end":{"line":91,"column":70}},"29":{"start":{"line":92,"column":6},"end":{"line":92,"column":59}},"30":{"start":{"line":92,"column":28},"end":{"line":92,"column":59}},"31":{"start":{"line":93,"column":6},"end":{"line":93,"column":64}},"32":{"start":{"line":93,"column":33},"end":{"line":93,"column":64}},"33":{"start":{"line":96,"column":18},"end":{"line":96,"column":28}},"34":{"start":{"line":98,"column":26},"end":{"line":98,"column":40}},"35":{"start":{"line":100,"column":6},"end":{"line":114,"column":7}},"36":{"start":{"line":101,"column":30},"end":{"line":110,"column":9}},"37":{"start":{"line":111,"column":8},"end":{"line":111,"column":30}},"38":{"start":{"line":113,"column":8},"end":{"line":113,"column":29}},"39":{"start":{"line":116,"column":27},"end":{"line":121,"column":8}},"40":{"start":{"line":122,"column":6},"end":{"line":130,"column":9}},"41":{"start":{"line":132,"column":6},"end":{"line":132,"column":16}},"42":{"start":{"line":137,"column":0},"end":{"line":137,"column":32}}},"fnMap":{"0":{"name":"(anonymous_0)","decl":{"start":{"line":13,"column":2},"end":{"line":13,"column":3}},"loc":{"start":{"line":13,"column":40},"end":{"line":38,"column":3}},"line":13},"1":{"name":"(anonymous_1)","decl":{"start":{"line":42,"column":2},"end":{"line":42,"column":3}},"loc":{"start":{"line":42,"column":44},"end":{"line":76,"column":3}},"line":42},"2":{"name":"(anonymous_2)","decl":{"start":{"line":80,"column":2},"end":{"line":80,"column":3}},"loc":{"start":{"line":80,"column":37},"end":{"line":134,"column":3}},"line":80}},"branchMap":{"0":{"loc":{"start":{"line":47,"column":6},"end":{"line":52,"column":7}},"type":"if","locations":[{"start":{"line":47,"column":6},"end":{"line":52,"column":7}},{"start":{"line":50,"column":13},"end":{"line":52,"column":7}}],"line":47},"1":{"loc":{"start":{"line":67,"column":6},"end":{"line":67,"column":71}},"type":"if","locations":[{"start":{"line":67,"column":6},"end":{"line":67,"column":71}},{"start":{},"end":{}}],"line":67},"2":{"loc":{"start":{"line":83,"column":6},"end":{"line":83,"column":50}},"type":"if","locations":[{"start":{"line":83,"column":6},"end":{"line":83,"column":50}},{"start":{},"end":{}}],"line":83},"3":{"loc":{"start":{"line":84,"column":6},"end":{"line":84,"column":56}},"type":"if","locations":[{"start":{"line":84,"column":6},"end":{"line":84,"column":56}},{"start":{},"end":{}}],"line":84},"4":{"loc":{"start":{"line":90,"column":6},"end":{"line":90,"column":48}},"type":"if","locations":[{"start":{"line":90,"column":6},"end":{"line":90,"column":48}},{"start":{},"end":{}}],"line":90},"5":{"loc":{"start":{"line":92,"column":6},"end":{"line":92,"column":59}},"type":"if","locations":[{"start":{"line":92,"column":6},"end":{"line":92,"column":59}},{"start":{},"end":{}}],"line":92},"6":{"loc":{"start":{"line":93,"column":6},"end":{"line":93,"column":64}},"type":"if","locations":[{"start":{"line":93,"column":6},"end":{"line":93,"column":64}},{"start":{},"end":{}}],"line":93},"7":{"loc":{"start":{"line":100,"column":6},"end":{"line":114,"column":7}},"type":"if","locations":[{"start":{"line":100,"column":6},"end":{"line":114,"column":7}},{"start":{"line":112,"column":13},"end":{"line":114,"column":7}}],"line":100},"8":{"loc":{"start":{"line":100,"column":10},"end":{"line":100,"column":57}},"type":"binary-expr","locations":[{"start":{"line":100,"column":10},"end":{"line":100,"column":29}},{"start":{"line":100,"column":33},"end":{"line":100,"column":57}}],"line":100}},"s":{"0":1,"1":1,"2":1,"3":7,"4":7,"5":7,"6":1,"7":1,"8":6,"9":3,"10":3,"11":2,"12":2,"13":1,"14":2,"15":2,"16":1,"17":1,"18":2,"19":7,"20":7,"21":7,"22":1,"23":6,"24":1,"25":5,"26":5,"27":1,"28":4,"29":4,"30":1,"31":3,"32":1,"33":2,"34":2,"35":2,"36":1,"37":1,"38":1,"39":2,"40":2,"41":5,"42":1},"f":{"0":7,"1":3,"2":7},"b":{"0":[2,1],"1":[1,1],"2":[1,6],"3":[1,5],"4":[1,4],"5":[1,3],"6":[1,2],"7":[1,1],"8":[2,1]},"_coverageSchema":"1a1c01bbd47fc00a2c39e90264f33305004495a9","hash":"23b87974980a49075fc50bbe0356bfebd8f497db"}
,"/home/christian/MEGA/Phase 3/Project/backend/app/controllers/categoryController.js": {"path":"/home/christian/MEGA/Phase 3/Project/backend/app/controllers/categoryController.js","statementMap":{"0":{"start":{"line":1,"column":15},"end":{"line":1,"column":35}},"1":{"start":{"line":2,"column":21},"end":{"line":2,"column":41}},"2":{"start":{"line":6,"column":4},"end":{"line":75,"column":5}},"3":{"start":{"line":7,"column":53},"end":{"line":7,"column":62}},"4":{"start":{"line":9,"column":27},"end":{"line":9,"column":29}},"5":{"start":{"line":12,"column":23},"end":{"line":12,"column":37}},"6":{"start":{"line":13,"column":6},"end":{"line":15,"column":7}},"7":{"start":{"line":14,"column":8},"end":{"line":14,"column":24}},"8":{"start":{"line":18,"column":6},"end":{"line":22,"column":7}},"9":{"start":{"line":19,"column":8},"end":{"line":21,"column":10}},"10":{"start":{"line":25,"column":19},"end":{"line":25,"column":23}},"11":{"start":{"line":26,"column":22},"end":{"line":26,"column":27}},"12":{"start":{"line":28,"column":6},"end":{"line":32,"column":7}},"13":{"start":{"line":29,"column":8},"end":{"line":29,"column":27}},"14":{"start":{"line":31,"column":8},"end":{"line":31,"column":26}},"15":{"start":{"line":34,"column":21},"end":{"line":34,"column":50}},"16":{"start":{"line":37,"column":30},"end":{"line":39,"column":8}},"17":{"start":{"line":42,"column":25},"end":{"line":42,"column":64}},"18":{"start":{"line":44,"column":21},"end":{"line":44,"column":22}},"19":{"start":{"line":45,"column":6},"end":{"line":51,"column":7}},"20":{"start":{"line":46,"column":8},"end":{"line":46,"column":30}},"21":{"start":{"line":47,"column":13},"end":{"line":51,"column":7}},"22":{"start":{"line":48,"column":8},"end":{"line":48,"column":21}},"23":{"start":{"line":50,"column":8},"end":{"line":50,"column":25}},"24":{"start":{"line":54,"column":24},"end":{"line":54,"column":52}},"25":{"start":{"line":55,"column":6},"end":{"line":57,"column":7}},"26":{"start":{"line":56,"column":8},"end":{"line":56,"column":24}},"27":{"start":{"line":60,"column":29},"end":{"line":65,"column":8}},"28":{"start":{"line":67,"column":6},"end":{"line":72,"column":9}},"29":{"start":{"line":74,"column":6},"end":{"line":74,"column":16}},"30":{"start":{"line":79,"column":4},"end":{"line":89,"column":5}},"31":{"start":{"line":80,"column":21},"end":{"line":80,"column":31}},"32":{"start":{"line":82,"column":19},"end":{"line":82,"column":46}},"33":{"start":{"line":84,"column":6},"end":{"line":84,"column":44}},"34":{"start":{"line":84,"column":17},"end":{"line":84,"column":44}},"35":{"start":{"line":86,"column":6},"end":{"line":86,"column":33}},"36":{"start":{"line":88,"column":6},"end":{"line":88,"column":16}},"37":{"start":{"line":93,"column":4},"end":{"line":105,"column":5}},"38":{"start":{"line":94,"column":23},"end":{"line":94,"column":31}},"39":{"start":{"line":96,"column":6},"end":{"line":96,"column":48}},"40":{"start":{"line":96,"column":17},"end":{"line":96,"column":48}},"41":{"start":{"line":98,"column":19},"end":{"line":100,"column":8}},"42":{"start":{"line":102,"column":6},"end":{"line":102,"column":33}},"43":{"start":{"line":104,"column":6},"end":{"line":104,"column":16}},"44":{"start":{"line":109,"column":4},"end":{"line":131,"column":5}},"45":{"start":{"line":110,"column":23},"end":{"line":110,"column":31}},"46":{"start":{"line":111,"column":21},"end":{"line":111,"column":31}},"47":{"start":{"line":113,"column":6},"end":{"line":113,"column":49}},"48":{"start":{"line":113,"column":17},"end":{"line":113,"column":49}},"49":{"start":{"line":115,"column":24},"end":{"line":122,"column":7}},"50":{"start":{"line":124,"column":6},"end":{"line":124,"column":53}},"51":{"start":{"line":124,"column":26},"end":{"line":124,"column":53}},"52":{"start":{"line":126,"column":6},"end":{"line":128,"column":9}},"53":{"start":{"line":130,"column":6},"end":{"line":130,"column":16}},"54":{"start":{"line":135,"column":4},"end":{"line":151,"column":5}},"55":{"start":{"line":136,"column":21},"end":{"line":136,"column":31}},"56":{"start":{"line":138,"column":26},"end":{"line":142,"column":8}},"57":{"start":{"line":144,"column":6},"end":{"line":144,"column":55}},"58":{"start":{"line":144,"column":28},"end":{"line":144,"column":55}},"59":{"start":{"line":146,"column":6},"end":{"line":148,"column":9}},"60":{"start":{"line":150,"column":6},"end":{"line":150,"column":16}},"61":{"start":{"line":155,"column":0},"end":{"line":155,"column":36}}},"fnMap":{"0":{"name":"(anonymous_0)","decl":{"start":{"line":5,"column":2},"end":{"line":5,"column":3}},"loc":{"start":{"line":5,"column":44},"end":{"line":76,"column":3}},"line":5},"1":{"name":"(anonymous_1)","decl":{"start":{"line":78,"column":2},"end":{"line":78,"column":3}},"loc":{"start":{"line":78,"column":47},"end":{"line":90,"column":3}},"line":78},"2":{"name":"(anonymous_2)","decl":{"start":{"line":92,"column":2},"end":{"line":92,"column":3}},"loc":{"start":{"line":92,"column":46},"end":{"line":106,"column":3}},"line":92},"3":{"name":"(anonymous_3)","decl":{"start":{"line":108,"column":2},"end":{"line":108,"column":3}},"loc":{"start":{"line":108,"column":44},"end":{"line":132,"column":3}},"line":108},"4":{"name":"(anonymous_4)","decl":{"start":{"line":134,"column":2},"end":{"line":134,"column":3}},"loc":{"start":{"line":134,"column":46},"end":{"line":152,"column":3}},"line":134}},"branchMap":{"0":{"loc":{"start":{"line":13,"column":6},"end":{"line":15,"column":7}},"type":"if","locations":[{"start":{"line":13,"column":6},"end":{"line":15,"column":7}},{"start":{},"end":{}}],"line":13},"1":{"loc":{"start":{"line":13,"column":10},"end":{"line":13,"column":69}},"type":"binary-expr","locations":[{"start":{"line":13,"column":10},"end":{"line":13,"column":24}},{"start":{"line":13,"column":28},"end":{"line":13,"column":48}},{"start":{"line":13,"column":52},"end":{"line":13,"column":69}}],"line":13},"2":{"loc":{"start":{"line":18,"column":6},"end":{"line":22,"column":7}},"type":"if","locations":[{"start":{"line":18,"column":6},"end":{"line":22,"column":7}},{"start":{},"end":{}}],"line":18},"3":{"loc":{"start":{"line":28,"column":6},"end":{"line":32,"column":7}},"type":"if","locations":[{"start":{"line":28,"column":6},"end":{"line":32,"column":7}},{"start":{"line":30,"column":13},"end":{"line":32,"column":7}}],"line":28},"4":{"loc":{"start":{"line":28,"column":10},"end":{"line":28,"column":43}},"type":"binary-expr","locations":[{"start":{"line":28,"column":10},"end":{"line":28,"column":20}},{"start":{"line":28,"column":24},"end":{"line":28,"column":43}}],"line":28},"5":{"loc":{"start":{"line":45,"column":6},"end":{"line":51,"column":7}},"type":"if","locations":[{"start":{"line":45,"column":6},"end":{"line":51,"column":7}},{"start":{"line":47,"column":13},"end":{"line":51,"column":7}}],"line":45},"6":{"loc":{"start":{"line":45,"column":10},"end":{"line":45,"column":47}},"type":"binary-expr","locations":[{"start":{"line":45,"column":10},"end":{"line":45,"column":27}},{"start":{"line":45,"column":31},"end":{"line":45,"column":47}}],"line":45},"7":{"loc":{"start":{"line":47,"column":13},"end":{"line":51,"column":7}},"type":"if","locations":[{"start":{"line":47,"column":13},"end":{"line":51,"column":7}},{"start":{"line":49,"column":13},"end":{"line":51,"column":7}}],"line":47},"8":{"loc":{"start":{"line":47,"column":17},"end":{"line":47,"column":40}},"type":"binary-expr","locations":[{"start":{"line":47,"column":17},"end":{"line":47,"column":25}},{"start":{"line":47,"column":29},"end":{"line":47,"column":40}}],"line":47},"9":{"loc":{"start":{"line":55,"column":6},"end":{"line":57,"column":7}},"type":"if","locations":[{"start":{"line":55,"column":6},"end":{"line":57,"column":7}},{"start":{},"end":{}}],"line":55},"10":{"loc":{"start":{"line":84,"column":6},"end":{"line":84,"column":44}},"type":"if","locations":[{"start":{"line":84,"column":6},"end":{"line":84,"column":44}},{"start":{},"end":{}}],"line":84},"11":{"loc":{"start":{"line":96,"column":6},"end":{"line":96,"column":48}},"type":"if","locations":[{"start":{"line":96,"column":6},"end":{"line":96,"column":48}},{"start":{},"end":{}}],"line":96},"12":{"loc":{"start":{"line":113,"column":6},"end":{"line":113,"column":49}},"type":"if","locations":[{"start":{"line":113,"column":6},"end":{"line":113,"column":49}},{"start":{},"end":{}}],"line":113},"13":{"loc":{"start":{"line":124,"column":6},"end":{"line":124,"column":53}},"type":"if","locations":[{"start":{"line":124,"column":6},"end":{"line":124,"column":53}},{"start":{},"end":{}}],"line":124},"14":{"loc":{"start":{"line":144,"column":6},"end":{"line":144,"column":55}},"type":"if","locations":[{"start":{"line":144,"column":6},"end":{"line":144,"column":55}},{"start":{},"end":{}}],"line":144}},"s":{"0":1,"1":1,"2":4,"3":4,"4":4,"5":4,"6":4,"7":1,"8":4,"9":1,"10":4,"11":4,"12":4,"13":3,"14":1,"15":4,"16":4,"17":4,"18":4,"19":4,"20":1,"21":3,"22":2,"23":1,"24":4,"25":4,"26":0,"27":4,"28":4,"29":0,"30":2,"31":2,"32":2,"33":2,"34":1,"35":1,"36":1,"37":2,"38":2,"39":2,"40":1,"41":1,"42":1,"43":1,"44":3,"45":3,"46":3,"47":3,"48":1,"49":2,"50":2,"51":1,"52":1,"53":2,"54":2,"55":2,"56":2,"57":2,"58":1,"59":1,"60":1,"61":1},"f":{"0":4,"1":2,"2":2,"3":3,"4":2},"b":{"0":[1,3],"1":[4,4,3],"2":[1,3],"3":[3,1],"4":[4,2],"5":[1,3],"6":[4,3],"7":[2,1],"8":[3,2],"9":[0,4],"10":[1,1],"11":[1,1],"12":[1,2],"13":[1,1],"14":[1,1]},"_coverageSchema":"1a1c01bbd47fc00a2c39e90264f33305004495a9","hash":"562498d775895432d24ab859c7ec9e0bcaf49153"}
,"/home/christian/MEGA/Phase 3/Project/backend/app/controllers/certificateController.js": {"path":"/home/christian/MEGA/Phase 3/Project/backend/app/controllers/certificateController.js","statementMap":{"0":{"start":{"line":1,"column":15},"end":{"line":1,"column":35}},"1":{"start":{"line":2,"column":57},"end":{"line":2,"column":77}},"2":{"start":{"line":8,"column":4},"end":{"line":71,"column":5}},"3":{"start":{"line":9,"column":45},"end":{"line":9,"column":54}},"4":{"start":{"line":11,"column":27},"end":{"line":11,"column":29}},"5":{"start":{"line":14,"column":23},"end":{"line":14,"column":37}},"6":{"start":{"line":15,"column":6},"end":{"line":17,"column":7}},"7":{"start":{"line":16,"column":8},"end":{"line":16,"column":24}},"8":{"start":{"line":20,"column":19},"end":{"line":20,"column":23}},"9":{"start":{"line":21,"column":22},"end":{"line":21,"column":27}},"10":{"start":{"line":23,"column":6},"end":{"line":27,"column":7}},"11":{"start":{"line":24,"column":8},"end":{"line":24,"column":27}},"12":{"start":{"line":26,"column":8},"end":{"line":26,"column":26}},"13":{"start":{"line":29,"column":21},"end":{"line":29,"column":50}},"14":{"start":{"line":32,"column":31},"end":{"line":34,"column":8}},"15":{"start":{"line":37,"column":25},"end":{"line":37,"column":65}},"16":{"start":{"line":39,"column":21},"end":{"line":39,"column":22}},"17":{"start":{"line":40,"column":6},"end":{"line":46,"column":7}},"18":{"start":{"line":41,"column":8},"end":{"line":41,"column":30}},"19":{"start":{"line":42,"column":13},"end":{"line":46,"column":7}},"20":{"start":{"line":43,"column":8},"end":{"line":43,"column":21}},"21":{"start":{"line":45,"column":8},"end":{"line":45,"column":25}},"22":{"start":{"line":49,"column":24},"end":{"line":49,"column":52}},"23":{"start":{"line":50,"column":6},"end":{"line":52,"column":7}},"24":{"start":{"line":51,"column":8},"end":{"line":51,"column":24}},"25":{"start":{"line":55,"column":30},"end":{"line":61,"column":8}},"26":{"start":{"line":63,"column":6},"end":{"line":68,"column":9}},"27":{"start":{"line":70,"column":6},"end":{"line":70,"column":16}},"28":{"start":{"line":77,"column":4},"end":{"line":110,"column":5}},"29":{"start":{"line":78,"column":23},"end":{"line":78,"column":33}},"30":{"start":{"line":79,"column":26},"end":{"line":101,"column":8}},"31":{"start":{"line":103,"column":6},"end":{"line":105,"column":7}},"32":{"start":{"line":104,"column":8},"end":{"line":104,"column":35}},"33":{"start":{"line":107,"column":6},"end":{"line":107,"column":40}},"34":{"start":{"line":109,"column":6},"end":{"line":109,"column":16}},"35":{"start":{"line":114,"column":0},"end":{"line":114,"column":39}}},"fnMap":{"0":{"name":"(anonymous_0)","decl":{"start":{"line":7,"column":2},"end":{"line":7,"column":3}},"loc":{"start":{"line":7,"column":47},"end":{"line":72,"column":3}},"line":7},"1":{"name":"(anonymous_1)","decl":{"start":{"line":76,"column":2},"end":{"line":76,"column":3}},"loc":{"start":{"line":76,"column":49},"end":{"line":111,"column":3}},"line":76}},"branchMap":{"0":{"loc":{"start":{"line":15,"column":6},"end":{"line":17,"column":7}},"type":"if","locations":[{"start":{"line":15,"column":6},"end":{"line":17,"column":7}},{"start":{},"end":{}}],"line":15},"1":{"loc":{"start":{"line":15,"column":10},"end":{"line":15,"column":69}},"type":"binary-expr","locations":[{"start":{"line":15,"column":10},"end":{"line":15,"column":24}},{"start":{"line":15,"column":28},"end":{"line":15,"column":48}},{"start":{"line":15,"column":52},"end":{"line":15,"column":69}}],"line":15},"2":{"loc":{"start":{"line":23,"column":6},"end":{"line":27,"column":7}},"type":"if","locations":[{"start":{"line":23,"column":6},"end":{"line":27,"column":7}},{"start":{"line":25,"column":13},"end":{"line":27,"column":7}}],"line":23},"3":{"loc":{"start":{"line":23,"column":10},"end":{"line":23,"column":43}},"type":"binary-expr","locations":[{"start":{"line":23,"column":10},"end":{"line":23,"column":20}},{"start":{"line":23,"column":24},"end":{"line":23,"column":43}}],"line":23},"4":{"loc":{"start":{"line":40,"column":6},"end":{"line":46,"column":7}},"type":"if","locations":[{"start":{"line":40,"column":6},"end":{"line":46,"column":7}},{"start":{"line":42,"column":13},"end":{"line":46,"column":7}}],"line":40},"5":{"loc":{"start":{"line":40,"column":10},"end":{"line":40,"column":47}},"type":"binary-expr","locations":[{"start":{"line":40,"column":10},"end":{"line":40,"column":27}},{"start":{"line":40,"column":31},"end":{"line":40,"column":47}}],"line":40},"6":{"loc":{"start":{"line":42,"column":13},"end":{"line":46,"column":7}},"type":"if","locations":[{"start":{"line":42,"column":13},"end":{"line":46,"column":7}},{"start":{"line":44,"column":13},"end":{"line":46,"column":7}}],"line":42},"7":{"loc":{"start":{"line":42,"column":17},"end":{"line":42,"column":40}},"type":"binary-expr","locations":[{"start":{"line":42,"column":17},"end":{"line":42,"column":25}},{"start":{"line":42,"column":29},"end":{"line":42,"column":40}}],"line":42},"8":{"loc":{"start":{"line":50,"column":6},"end":{"line":52,"column":7}},"type":"if","locations":[{"start":{"line":50,"column":6},"end":{"line":52,"column":7}},{"start":{},"end":{}}],"line":50},"9":{"loc":{"start":{"line":103,"column":6},"end":{"line":105,"column":7}},"type":"if","locations":[{"start":{"line":103,"column":6},"end":{"line":105,"column":7}},{"start":{},"end":{}}],"line":103}},"s":{"0":1,"1":1,"2":3,"3":3,"4":3,"5":3,"6":3,"7":2,"8":3,"9":3,"10":3,"11":2,"12":1,"13":3,"14":3,"15":3,"16":3,"17":3,"18":1,"19":2,"20":1,"21":1,"22":3,"23":3,"24":0,"25":3,"26":3,"27":0,"28":2,"29":2,"30":2,"31":2,"32":1,"33":1,"34":1,"35":1},"f":{"0":3,"1":2},"b":{"0":[2,1],"1":[3,1,1],"2":[2,1],"3":[3,3],"4":[1,2],"5":[3,2],"6":[1,1],"7":[2,1],"8":[0,3],"9":[1,1]},"_coverageSchema":"1a1c01bbd47fc00a2c39e90264f33305004495a9","hash":"d49da8663bc81e2e3725065e007b3f5a2a8dddf7"}
,"/home/christian/MEGA/Phase 3/Project/backend/app/controllers/examController.js": {"path":"/home/christian/MEGA/Phase 3/Project/backend/app/controllers/examController.js","statementMap":{"0":{"start":{"line":1,"column":15},"end":{"line":1,"column":35}},"1":{"start":{"line":12,"column":4},"end":{"line":12,"column":24}},"2":{"start":{"line":18,"column":4},"end":{"line":114,"column":5}},"3":{"start":{"line":20,"column":8},"end":{"line":20,"column":17}},"4":{"start":{"line":22,"column":27},"end":{"line":22,"column":29}},"5":{"start":{"line":25,"column":23},"end":{"line":25,"column":37}},"6":{"start":{"line":26,"column":6},"end":{"line":28,"column":7}},"7":{"start":{"line":27,"column":8},"end":{"line":27,"column":24}},"8":{"start":{"line":31,"column":19},"end":{"line":31,"column":23}},"9":{"start":{"line":32,"column":22},"end":{"line":32,"column":27}},"10":{"start":{"line":34,"column":6},"end":{"line":38,"column":7}},"11":{"start":{"line":35,"column":8},"end":{"line":35,"column":22}},"12":{"start":{"line":37,"column":8},"end":{"line":37,"column":25}},"13":{"start":{"line":40,"column":6},"end":{"line":44,"column":7}},"14":{"start":{"line":41,"column":8},"end":{"line":41,"column":27}},"15":{"start":{"line":43,"column":8},"end":{"line":43,"column":26}},"16":{"start":{"line":46,"column":21},"end":{"line":46,"column":50}},"17":{"start":{"line":49,"column":6},"end":{"line":53,"column":7}},"18":{"start":{"line":50,"column":8},"end":{"line":50,"column":28}},"19":{"start":{"line":52,"column":8},"end":{"line":52,"column":48}},"20":{"start":{"line":56,"column":6},"end":{"line":60,"column":7}},"21":{"start":{"line":57,"column":8},"end":{"line":59,"column":10}},"22":{"start":{"line":63,"column":24},"end":{"line":65,"column":8}},"23":{"start":{"line":68,"column":25},"end":{"line":68,"column":58}},"24":{"start":{"line":70,"column":21},"end":{"line":70,"column":22}},"25":{"start":{"line":71,"column":6},"end":{"line":77,"column":7}},"26":{"start":{"line":72,"column":8},"end":{"line":72,"column":30}},"27":{"start":{"line":73,"column":13},"end":{"line":77,"column":7}},"28":{"start":{"line":74,"column":8},"end":{"line":74,"column":21}},"29":{"start":{"line":76,"column":8},"end":{"line":76,"column":25}},"30":{"start":{"line":80,"column":24},"end":{"line":80,"column":52}},"31":{"start":{"line":81,"column":6},"end":{"line":83,"column":7}},"32":{"start":{"line":82,"column":8},"end":{"line":82,"column":24}},"33":{"start":{"line":86,"column":20},"end":{"line":104,"column":8}},"34":{"start":{"line":106,"column":6},"end":{"line":111,"column":9}},"35":{"start":{"line":113,"column":6},"end":{"line":113,"column":16}},"36":{"start":{"line":120,"column":4},"end":{"line":145,"column":5}},"37":{"start":{"line":128,"column":10},"end":{"line":128,"column":18}},"38":{"start":{"line":130,"column":6},"end":{"line":131,"column":43}},"39":{"start":{"line":131,"column":8},"end":{"line":131,"column":43}},"40":{"start":{"line":132,"column":6},"end":{"line":132,"column":76}},"41":{"start":{"line":132,"column":42},"end":{"line":132,"column":76}},"42":{"start":{"line":133,"column":19},"end":{"line":141,"column":8}},"43":{"start":{"line":142,"column":6},"end":{"line":142,"column":33}},"44":{"start":{"line":144,"column":6},"end":{"line":144,"column":16}},"45":{"start":{"line":151,"column":4},"end":{"line":205,"column":5}},"46":{"start":{"line":152,"column":21},"end":{"line":152,"column":31}},"47":{"start":{"line":155,"column":28},"end":{"line":157,"column":8}},"48":{"start":{"line":159,"column":6},"end":{"line":161,"column":7}},"49":{"start":{"line":160,"column":8},"end":{"line":160,"column":39}},"50":{"start":{"line":170,"column":10},"end":{"line":170,"column":18}},"51":{"start":{"line":172,"column":6},"end":{"line":173,"column":40}},"52":{"start":{"line":173,"column":8},"end":{"line":173,"column":40}},"53":{"start":{"line":175,"column":6},"end":{"line":178,"column":7}},"54":{"start":{"line":176,"column":8},"end":{"line":177,"column":45}},"55":{"start":{"line":177,"column":10},"end":{"line":177,"column":45}},"56":{"start":{"line":179,"column":6},"end":{"line":181,"column":7}},"57":{"start":{"line":180,"column":8},"end":{"line":180,"column":78}},"58":{"start":{"line":180,"column":44},"end":{"line":180,"column":78}},"59":{"start":{"line":182,"column":19},"end":{"line":196,"column":7}},"60":{"start":{"line":198,"column":6},"end":{"line":198,"column":51}},"61":{"start":{"line":198,"column":24},"end":{"line":198,"column":51}},"62":{"start":{"line":200,"column":6},"end":{"line":202,"column":9}},"63":{"start":{"line":204,"column":6},"end":{"line":204,"column":16}},"64":{"start":{"line":211,"column":4},"end":{"line":231,"column":5}},"65":{"start":{"line":212,"column":21},"end":{"line":212,"column":31}},"66":{"start":{"line":213,"column":19},"end":{"line":213,"column":42}},"67":{"start":{"line":214,"column":6},"end":{"line":214,"column":44}},"68":{"start":{"line":214,"column":17},"end":{"line":214,"column":44}},"69":{"start":{"line":216,"column":19},"end":{"line":216,"column":23}},"70":{"start":{"line":217,"column":6},"end":{"line":217,"column":47}},"71":{"start":{"line":217,"column":32},"end":{"line":217,"column":47}},"72":{"start":{"line":219,"column":6},"end":{"line":224,"column":8}},"73":{"start":{"line":226,"column":6},"end":{"line":228,"column":9}},"74":{"start":{"line":230,"column":6},"end":{"line":230,"column":16}},"75":{"start":{"line":237,"column":4},"end":{"line":262,"column":5}},"76":{"start":{"line":238,"column":21},"end":{"line":238,"column":31}},"77":{"start":{"line":240,"column":28},"end":{"line":242,"column":8}},"78":{"start":{"line":244,"column":6},"end":{"line":246,"column":7}},"79":{"start":{"line":245,"column":8},"end":{"line":245,"column":39}},"80":{"start":{"line":249,"column":19},"end":{"line":253,"column":8}},"81":{"start":{"line":255,"column":6},"end":{"line":255,"column":48}},"82":{"start":{"line":255,"column":21},"end":{"line":255,"column":48}},"83":{"start":{"line":257,"column":6},"end":{"line":259,"column":9}},"84":{"start":{"line":261,"column":6},"end":{"line":261,"column":16}},"85":{"start":{"line":268,"column":4},"end":{"line":280,"column":5}},"86":{"start":{"line":269,"column":21},"end":{"line":269,"column":31}},"87":{"start":{"line":271,"column":20},"end":{"line":273,"column":8}},"88":{"start":{"line":275,"column":6},"end":{"line":275,"column":45}},"89":{"start":{"line":275,"column":18},"end":{"line":275,"column":45}},"90":{"start":{"line":277,"column":6},"end":{"line":277,"column":34}},"91":{"start":{"line":279,"column":6},"end":{"line":279,"column":16}},"92":{"start":{"line":286,"column":4},"end":{"line":304,"column":5}},"93":{"start":{"line":288,"column":24},"end":{"line":288,"column":42}},"94":{"start":{"line":290,"column":27},"end":{"line":290,"column":45}},"95":{"start":{"line":292,"column":28},"end":{"line":292,"column":50}},"96":{"start":{"line":294,"column":31},"end":{"line":294,"column":56}},"97":{"start":{"line":296,"column":6},"end":{"line":301,"column":9}},"98":{"start":{"line":303,"column":6},"end":{"line":303,"column":16}},"99":{"start":{"line":307,"column":0},"end":{"line":307,"column":32}}},"fnMap":{"0":{"name":"(anonymous_0)","decl":{"start":{"line":17,"column":2},"end":{"line":17,"column":3}},"loc":{"start":{"line":17,"column":41},"end":{"line":115,"column":3}},"line":17},"1":{"name":"(anonymous_1)","decl":{"start":{"line":119,"column":2},"end":{"line":119,"column":3}},"loc":{"start":{"line":119,"column":38},"end":{"line":146,"column":3}},"line":119},"2":{"name":"(anonymous_2)","decl":{"start":{"line":150,"column":2},"end":{"line":150,"column":3}},"loc":{"start":{"line":150,"column":36},"end":{"line":206,"column":3}},"line":150},"3":{"name":"(anonymous_3)","decl":{"start":{"line":210,"column":2},"end":{"line":210,"column":3}},"loc":{"start":{"line":210,"column":48},"end":{"line":232,"column":3}},"line":210},"4":{"name":"(anonymous_4)","decl":{"start":{"line":236,"column":2},"end":{"line":236,"column":3}},"loc":{"start":{"line":236,"column":38},"end":{"line":263,"column":3}},"line":236},"5":{"name":"(anonymous_5)","decl":{"start":{"line":267,"column":2},"end":{"line":267,"column":3}},"loc":{"start":{"line":267,"column":42},"end":{"line":281,"column":3}},"line":267},"6":{"name":"(anonymous_6)","decl":{"start":{"line":285,"column":2},"end":{"line":285,"column":3}},"loc":{"start":{"line":285,"column":41},"end":{"line":305,"column":3}},"line":285}},"branchMap":{"0":{"loc":{"start":{"line":26,"column":6},"end":{"line":28,"column":7}},"type":"if","locations":[{"start":{"line":26,"column":6},"end":{"line":28,"column":7}},{"start":{},"end":{}}],"line":26},"1":{"loc":{"start":{"line":26,"column":10},"end":{"line":26,"column":69}},"type":"binary-expr","locations":[{"start":{"line":26,"column":10},"end":{"line":26,"column":24}},{"start":{"line":26,"column":28},"end":{"line":26,"column":48}},{"start":{"line":26,"column":52},"end":{"line":26,"column":69}}],"line":26},"2":{"loc":{"start":{"line":34,"column":6},"end":{"line":38,"column":7}},"type":"if","locations":[{"start":{"line":34,"column":6},"end":{"line":38,"column":7}},{"start":{"line":36,"column":13},"end":{"line":38,"column":7}}],"line":34},"3":{"loc":{"start":{"line":34,"column":10},"end":{"line":34,"column":39}},"type":"binary-expr","locations":[{"start":{"line":34,"column":10},"end":{"line":34,"column":17}},{"start":{"line":34,"column":21},"end":{"line":34,"column":39}}],"line":34},"4":{"loc":{"start":{"line":40,"column":6},"end":{"line":44,"column":7}},"type":"if","locations":[{"start":{"line":40,"column":6},"end":{"line":44,"column":7}},{"start":{"line":42,"column":13},"end":{"line":44,"column":7}}],"line":40},"5":{"loc":{"start":{"line":40,"column":10},"end":{"line":40,"column":43}},"type":"binary-expr","locations":[{"start":{"line":40,"column":10},"end":{"line":40,"column":20}},{"start":{"line":40,"column":24},"end":{"line":40,"column":43}}],"line":40},"6":{"loc":{"start":{"line":49,"column":6},"end":{"line":53,"column":7}},"type":"if","locations":[{"start":{"line":49,"column":6},"end":{"line":53,"column":7}},{"start":{"line":51,"column":13},"end":{"line":53,"column":7}}],"line":49},"7":{"loc":{"start":{"line":49,"column":10},"end":{"line":49,"column":42}},"type":"binary-expr","locations":[{"start":{"line":49,"column":10},"end":{"line":49,"column":21}},{"start":{"line":49,"column":25},"end":{"line":49,"column":42}}],"line":49},"8":{"loc":{"start":{"line":56,"column":6},"end":{"line":60,"column":7}},"type":"if","locations":[{"start":{"line":56,"column":6},"end":{"line":60,"column":7}},{"start":{},"end":{}}],"line":56},"9":{"loc":{"start":{"line":71,"column":6},"end":{"line":77,"column":7}},"type":"if","locations":[{"start":{"line":71,"column":6},"end":{"line":77,"column":7}},{"start":{"line":73,"column":13},"end":{"line":77,"column":7}}],"line":71},"10":{"loc":{"start":{"line":71,"column":10},"end":{"line":71,"column":47}},"type":"binary-expr","locations":[{"start":{"line":71,"column":10},"end":{"line":71,"column":27}},{"start":{"line":71,"column":31},"end":{"line":71,"column":47}}],"line":71},"11":{"loc":{"start":{"line":73,"column":13},"end":{"line":77,"column":7}},"type":"if","locations":[{"start":{"line":73,"column":13},"end":{"line":77,"column":7}},{"start":{"line":75,"column":13},"end":{"line":77,"column":7}}],"line":73},"12":{"loc":{"start":{"line":73,"column":17},"end":{"line":73,"column":40}},"type":"binary-expr","locations":[{"start":{"line":73,"column":17},"end":{"line":73,"column":25}},{"start":{"line":73,"column":29},"end":{"line":73,"column":40}}],"line":73},"13":{"loc":{"start":{"line":81,"column":6},"end":{"line":83,"column":7}},"type":"if","locations":[{"start":{"line":81,"column":6},"end":{"line":83,"column":7}},{"start":{},"end":{}}],"line":81},"14":{"loc":{"start":{"line":130,"column":6},"end":{"line":131,"column":43}},"type":"if","locations":[{"start":{"line":130,"column":6},"end":{"line":131,"column":43}},{"start":{},"end":{}}],"line":130},"15":{"loc":{"start":{"line":130,"column":10},"end":{"line":130,"column":52}},"type":"binary-expr","locations":[{"start":{"line":130,"column":10},"end":{"line":130,"column":28}},{"start":{"line":130,"column":32},"end":{"line":130,"column":52}}],"line":130},"16":{"loc":{"start":{"line":132,"column":6},"end":{"line":132,"column":76}},"type":"if","locations":[{"start":{"line":132,"column":6},"end":{"line":132,"column":76}},{"start":{},"end":{}}],"line":132},"17":{"loc":{"start":{"line":132,"column":10},"end":{"line":132,"column":40}},"type":"binary-expr","locations":[{"start":{"line":132,"column":10},"end":{"line":132,"column":22}},{"start":{"line":132,"column":26},"end":{"line":132,"column":40}}],"line":132},"18":{"loc":{"start":{"line":159,"column":6},"end":{"line":161,"column":7}},"type":"if","locations":[{"start":{"line":159,"column":6},"end":{"line":161,"column":7}},{"start":{},"end":{}}],"line":159},"19":{"loc":{"start":{"line":172,"column":6},"end":{"line":173,"column":40}},"type":"if","locations":[{"start":{"line":172,"column":6},"end":{"line":173,"column":40}},{"start":{},"end":{}}],"line":172},"20":{"loc":{"start":{"line":172,"column":10},"end":{"line":172,"column":79}},"type":"binary-expr","locations":[{"start":{"line":172,"column":10},"end":{"line":172,"column":16}},{"start":{"line":172,"column":20},"end":{"line":172,"column":32}},{"start":{"line":172,"column":36},"end":{"line":172,"column":51}},{"start":{"line":172,"column":55},"end":{"line":172,"column":64}},{"start":{"line":172,"column":68},"end":{"line":172,"column":79}}],"line":172},"21":{"loc":{"start":{"line":175,"column":6},"end":{"line":178,"column":7}},"type":"if","locations":[{"start":{"line":175,"column":6},"end":{"line":178,"column":7}},{"start":{},"end":{}}],"line":175},"22":{"loc":{"start":{"line":176,"column":8},"end":{"line":177,"column":45}},"type":"if","locations":[{"start":{"line":176,"column":8},"end":{"line":177,"column":45}},{"start":{},"end":{}}],"line":176},"23":{"loc":{"start":{"line":176,"column":12},"end":{"line":176,"column":54}},"type":"binary-expr","locations":[{"start":{"line":176,"column":12},"end":{"line":176,"column":30}},{"start":{"line":176,"column":34},"end":{"line":176,"column":54}}],"line":176},"24":{"loc":{"start":{"line":179,"column":6},"end":{"line":181,"column":7}},"type":"if","locations":[{"start":{"line":179,"column":6},"end":{"line":181,"column":7}},{"start":{},"end":{}}],"line":179},"25":{"loc":{"start":{"line":180,"column":8},"end":{"line":180,"column":78}},"type":"if","locations":[{"start":{"line":180,"column":8},"end":{"line":180,"column":78}},{"start":{},"end":{}}],"line":180},"26":{"loc":{"start":{"line":180,"column":12},"end":{"line":180,"column":42}},"type":"binary-expr","locations":[{"start":{"line":180,"column":12},"end":{"line":180,"column":24}},{"start":{"line":180,"column":28},"end":{"line":180,"column":42}}],"line":180},"27":{"loc":{"start":{"line":198,"column":6},"end":{"line":198,"column":51}},"type":"if","locations":[{"start":{"line":198,"column":6},"end":{"line":198,"column":51}},{"start":{},"end":{}}],"line":198},"28":{"loc":{"start":{"line":214,"column":6},"end":{"line":214,"column":44}},"type":"if","locations":[{"start":{"line":214,"column":6},"end":{"line":214,"column":44}},{"start":{},"end":{}}],"line":214},"29":{"loc":{"start":{"line":217,"column":6},"end":{"line":217,"column":47}},"type":"if","locations":[{"start":{"line":217,"column":6},"end":{"line":217,"column":47}},{"start":{},"end":{}}],"line":217},"30":{"loc":{"start":{"line":227,"column":36},"end":{"line":227,"column":61}},"type":"cond-expr","locations":[{"start":{"line":227,"column":45},"end":{"line":227,"column":51}},{"start":{"line":227,"column":54},"end":{"line":227,"column":61}}],"line":227},"31":{"loc":{"start":{"line":244,"column":6},"end":{"line":246,"column":7}},"type":"if","locations":[{"start":{"line":244,"column":6},"end":{"line":246,"column":7}},{"start":{},"end":{}}],"line":244},"32":{"loc":{"start":{"line":255,"column":6},"end":{"line":255,"column":48}},"type":"if","locations":[{"start":{"line":255,"column":6},"end":{"line":255,"column":48}},{"start":{},"end":{}}],"line":255},"33":{"loc":{"start":{"line":275,"column":6},"end":{"line":275,"column":45}},"type":"if","locations":[{"start":{"line":275,"column":6},"end":{"line":275,"column":45}},{"start":{},"end":{}}],"line":275}},"s":{"0":1,"1":1,"2":2,"3":2,"4":2,"5":2,"6":2,"7":1,"8":2,"9":2,"10":2,"11":1,"12":1,"13":2,"14":1,"15":1,"16":2,"17":2,"18":1,"19":1,"20":2,"21":2,"22":2,"23":2,"24":2,"25":2,"26":0,"27":2,"28":1,"29":1,"30":2,"31":2,"32":0,"33":2,"34":2,"35":0,"36":9,"37":9,"38":9,"39":2,"40":7,"41":0,"42":7,"43":1,"44":8,"45":9,"46":9,"47":9,"48":9,"49":1,"50":8,"51":8,"52":1,"53":7,"54":7,"55":2,"56":5,"57":5,"58":2,"59":3,"60":1,"61":0,"62":1,"63":8,"64":2,"65":2,"66":2,"67":2,"68":1,"69":1,"70":1,"71":0,"72":1,"73":1,"74":1,"75":3,"76":3,"77":3,"78":3,"79":1,"80":2,"81":2,"82":1,"83":1,"84":2,"85":2,"86":2,"87":2,"88":2,"89":1,"90":1,"91":1,"92":1,"93":1,"94":1,"95":1,"96":1,"97":1,"98":0,"99":1},"f":{"0":2,"1":9,"2":9,"3":2,"4":3,"5":2,"6":1},"b":{"0":[1,1],"1":[2,2,2],"2":[1,1],"3":[2,2],"4":[1,1],"5":[2,2],"6":[1,1],"7":[2,2],"8":[2,0],"9":[0,2],"10":[2,2],"11":[1,1],"12":[2,1],"13":[0,2],"14":[2,7],"15":[9,8],"16":[0,7],"17":[7,7],"18":[1,8],"19":[1,7],"20":[8,1,1,1,1],"21":[7,0],"22":[2,5],"23":[7,6],"24":[5,0],"25":[2,3],"26":[5,4],"27":[0,1],"28":[1,1],"29":[0,1],"30":[1,0],"31":[1,2],"32":[1,1],"33":[1,1]},"_coverageSchema":"1a1c01bbd47fc00a2c39e90264f33305004495a9","hash":"2ea14be10e5fb8304b0dcffd508eb3ece133d8d9"}
,"/home/christian/MEGA/Phase 3/Project/backend/app/controllers/examUserController.js": {"path":"/home/christian/MEGA/Phase 3/Project/backend/app/controllers/examUserController.js","statementMap":{"0":{"start":{"line":1,"column":22},"end":{"line":1,"column":42}},"1":{"start":{"line":15,"column":4},"end":{"line":15,"column":24}},"2":{"start":{"line":21,"column":36},"end":{"line":21,"column":65}},"3":{"start":{"line":22,"column":4},"end":{"line":142,"column":5}},"4":{"start":{"line":23,"column":21},"end":{"line":23,"column":29}},"5":{"start":{"line":24,"column":25},"end":{"line":24,"column":35}},"6":{"start":{"line":27,"column":28},"end":{"line":30,"column":8}},"7":{"start":{"line":32,"column":6},"end":{"line":34,"column":7}},"8":{"start":{"line":33,"column":8},"end":{"line":33,"column":33}},"9":{"start":{"line":37,"column":19},"end":{"line":44,"column":8}},"10":{"start":{"line":46,"column":6},"end":{"line":48,"column":7}},"11":{"start":{"line":47,"column":8},"end":{"line":47,"column":37}},"12":{"start":{"line":51,"column":19},"end":{"line":51,"column":47}},"13":{"start":{"line":53,"column":6},"end":{"line":53,"column":44}},"14":{"start":{"line":53,"column":17},"end":{"line":53,"column":44}},"15":{"start":{"line":54,"column":6},"end":{"line":54,"column":52}},"16":{"start":{"line":54,"column":24},"end":{"line":54,"column":52}},"17":{"start":{"line":57,"column":25},"end":{"line":63,"column":8}},"18":{"start":{"line":65,"column":6},"end":{"line":65,"column":50}},"19":{"start":{"line":65,"column":22},"end":{"line":65,"column":50}},"20":{"start":{"line":69,"column":30},"end":{"line":75,"column":8}},"21":{"start":{"line":77,"column":6},"end":{"line":79,"column":7}},"22":{"start":{"line":78,"column":8},"end":{"line":78,"column":37}},"23":{"start":{"line":82,"column":23},"end":{"line":93,"column":7}},"24":{"start":{"line":96,"column":21},"end":{"line":96,"column":65}},"25":{"start":{"line":97,"column":6},"end":{"line":97,"column":36}},"26":{"start":{"line":100,"column":22},"end":{"line":109,"column":7}},"27":{"start":{"line":112,"column":27},"end":{"line":112,"column":29}},"28":{"start":{"line":113,"column":27},"end":{"line":113,"column":28}},"29":{"start":{"line":114,"column":6},"end":{"line":121,"column":9}},"30":{"start":{"line":115,"column":8},"end":{"line":119,"column":11}},"31":{"start":{"line":120,"column":8},"end":{"line":120,"column":25}},"32":{"start":{"line":125,"column":6},"end":{"line":127,"column":9}},"33":{"start":{"line":129,"column":6},"end":{"line":129,"column":45}},"34":{"start":{"line":131,"column":6},"end":{"line":138,"column":9}},"35":{"start":{"line":140,"column":6},"end":{"line":140,"column":47}},"36":{"start":{"line":141,"column":6},"end":{"line":141,"column":16}},"37":{"start":{"line":148,"column":4},"end":{"line":321,"column":5}},"38":{"start":{"line":149,"column":27},"end":{"line":149,"column":29}},"39":{"start":{"line":150,"column":19},"end":{"line":150,"column":27}},"40":{"start":{"line":152,"column":21},"end":{"line":152,"column":29}},"41":{"start":{"line":153,"column":28},"end":{"line":208,"column":8}},"42":{"start":{"line":210,"column":6},"end":{"line":318,"column":7}},"43":{"start":{"line":212,"column":20},"end":{"line":212,"column":30}},"44":{"start":{"line":214,"column":8},"end":{"line":315,"column":9}},"45":{"start":{"line":216,"column":10},"end":{"line":220,"column":13}},"46":{"start":{"line":223,"column":28},"end":{"line":229,"column":12}},"47":{"start":{"line":231,"column":30},"end":{"line":233,"column":11}},"48":{"start":{"line":235,"column":29},"end":{"line":245,"column":11}},"49":{"start":{"line":248,"column":10},"end":{"line":307,"column":11}},"50":{"start":{"line":250,"column":37},"end":{"line":250,"column":42}},"51":{"start":{"line":252,"column":33},"end":{"line":256,"column":14}},"52":{"start":{"line":259,"column":12},"end":{"line":263,"column":13}},"53":{"start":{"line":260,"column":14},"end":{"line":262,"column":15}},"54":{"start":{"line":261,"column":16},"end":{"line":261,"column":57}},"55":{"start":{"line":265,"column":25},"end":{"line":265,"column":33}},"56":{"start":{"line":268,"column":35},"end":{"line":274,"column":14}},"57":{"start":{"line":276,"column":25},"end":{"line":276,"column":53}},"58":{"start":{"line":277,"column":24},"end":{"line":279,"column":30}},"59":{"start":{"line":280,"column":23},"end":{"line":282,"column":30}},"60":{"start":{"line":284,"column":29},"end":{"line":284,"column":31}},"61":{"start":{"line":285,"column":12},"end":{"line":287,"column":13}},"62":{"start":{"line":285,"column":25},"end":{"line":285,"column":26}},"63":{"start":{"line":286,"column":14},"end":{"line":286,"column":32}},"64":{"start":{"line":288,"column":12},"end":{"line":288,"column":33}},"65":{"start":{"line":290,"column":27},"end":{"line":290,"column":86}},"66":{"start":{"line":291,"column":25},"end":{"line":291,"column":52}},"67":{"start":{"line":293,"column":29},"end":{"line":304,"column":13}},"68":{"start":{"line":306,"column":12},"end":{"line":306,"column":30}},"69":{"start":{"line":309,"column":10},"end":{"line":312,"column":13}},"70":{"start":{"line":314,"column":10},"end":{"line":314,"column":46}},"71":{"start":{"line":317,"column":8},"end":{"line":317,"column":35}},"72":{"start":{"line":320,"column":6},"end":{"line":320,"column":16}},"73":{"start":{"line":327,"column":31},"end":{"line":327,"column":60}},"74":{"start":{"line":328,"column":4},"end":{"line":460,"column":5}},"75":{"start":{"line":329,"column":27},"end":{"line":329,"column":29}},"76":{"start":{"line":330,"column":19},"end":{"line":330,"column":27}},"77":{"start":{"line":332,"column":21},"end":{"line":332,"column":29}},"78":{"start":{"line":335,"column":28},"end":{"line":342,"column":8}},"79":{"start":{"line":344,"column":6},"end":{"line":449,"column":7}},"80":{"start":{"line":345,"column":8},"end":{"line":345,"column":35}},"81":{"start":{"line":348,"column":26},"end":{"line":354,"column":10}},"82":{"start":{"line":356,"column":28},"end":{"line":358,"column":9}},"83":{"start":{"line":361,"column":27},"end":{"line":372,"column":9}},"84":{"start":{"line":375,"column":8},"end":{"line":438,"column":9}},"85":{"start":{"line":377,"column":35},"end":{"line":377,"column":40}},"86":{"start":{"line":380,"column":10},"end":{"line":392,"column":11}},"87":{"start":{"line":381,"column":33},"end":{"line":385,"column":14}},"88":{"start":{"line":387,"column":12},"end":{"line":391,"column":13}},"89":{"start":{"line":388,"column":14},"end":{"line":390,"column":15}},"90":{"start":{"line":389,"column":16},"end":{"line":389,"column":57}},"91":{"start":{"line":394,"column":23},"end":{"line":394,"column":31}},"92":{"start":{"line":397,"column":33},"end":{"line":403,"column":12}},"93":{"start":{"line":405,"column":23},"end":{"line":405,"column":51}},"94":{"start":{"line":406,"column":22},"end":{"line":408,"column":28}},"95":{"start":{"line":409,"column":21},"end":{"line":409,"column":79}},"96":{"start":{"line":411,"column":27},"end":{"line":411,"column":29}},"97":{"start":{"line":412,"column":10},"end":{"line":414,"column":11}},"98":{"start":{"line":412,"column":23},"end":{"line":412,"column":24}},"99":{"start":{"line":413,"column":12},"end":{"line":413,"column":30}},"100":{"start":{"line":415,"column":10},"end":{"line":415,"column":31}},"101":{"start":{"line":417,"column":25},"end":{"line":417,"column":84}},"102":{"start":{"line":418,"column":23},"end":{"line":418,"column":50}},"103":{"start":{"line":420,"column":27},"end":{"line":431,"column":11}},"104":{"start":{"line":433,"column":10},"end":{"line":435,"column":11}},"105":{"start":{"line":434,"column":12},"end":{"line":434,"column":44}},"106":{"start":{"line":437,"column":10},"end":{"line":437,"column":28}},"107":{"start":{"line":441,"column":33},"end":{"line":448,"column":9}},"108":{"start":{"line":451,"column":6},"end":{"line":451,"column":40}},"109":{"start":{"line":453,"column":6},"end":{"line":456,"column":9}},"110":{"start":{"line":458,"column":6},"end":{"line":458,"column":42}},"111":{"start":{"line":459,"column":6},"end":{"line":459,"column":16}},"112":{"start":{"line":466,"column":4},"end":{"line":620,"column":5}},"113":{"start":{"line":467,"column":21},"end":{"line":467,"column":29}},"114":{"start":{"line":468,"column":29},"end":{"line":468,"column":55}},"115":{"start":{"line":469,"column":39},"end":{"line":469,"column":47}},"116":{"start":{"line":472,"column":28},"end":{"line":477,"column":8}},"117":{"start":{"line":479,"column":6},"end":{"line":493,"column":7}},"118":{"start":{"line":481,"column":20},"end":{"line":481,"column":30}},"119":{"start":{"line":483,"column":8},"end":{"line":490,"column":9}},"120":{"start":{"line":484,"column":10},"end":{"line":488,"column":13}},"121":{"start":{"line":489,"column":10},"end":{"line":489,"column":37}},"122":{"start":{"line":492,"column":8},"end":{"line":492,"column":35}},"123":{"start":{"line":496,"column":23},"end":{"line":503,"column":8}},"124":{"start":{"line":505,"column":6},"end":{"line":507,"column":7}},"125":{"start":{"line":506,"column":8},"end":{"line":506,"column":35}},"126":{"start":{"line":510,"column":21},"end":{"line":516,"column":8}},"127":{"start":{"line":518,"column":6},"end":{"line":518,"column":46}},"128":{"start":{"line":518,"column":19},"end":{"line":518,"column":46}},"129":{"start":{"line":521,"column":28},"end":{"line":527,"column":8}},"130":{"start":{"line":530,"column":29},"end":{"line":538,"column":8}},"131":{"start":{"line":541,"column":6},"end":{"line":617,"column":7}},"132":{"start":{"line":543,"column":27},"end":{"line":549,"column":10}},"133":{"start":{"line":552,"column":8},"end":{"line":564,"column":9}},"134":{"start":{"line":553,"column":10},"end":{"line":563,"column":12}},"135":{"start":{"line":566,"column":8},"end":{"line":566,"column":41}},"136":{"start":{"line":569,"column":8},"end":{"line":581,"column":9}},"137":{"start":{"line":570,"column":10},"end":{"line":580,"column":12}},"138":{"start":{"line":584,"column":29},"end":{"line":597,"column":9}},"139":{"start":{"line":600,"column":8},"end":{"line":612,"column":9}},"140":{"start":{"line":601,"column":10},"end":{"line":611,"column":12}},"141":{"start":{"line":614,"column":8},"end":{"line":616,"column":11}},"142":{"start":{"line":619,"column":6},"end":{"line":619,"column":16}},"143":{"start":{"line":626,"column":4},"end":{"line":665,"column":5}},"144":{"start":{"line":627,"column":25},"end":{"line":627,"column":35}},"145":{"start":{"line":628,"column":21},"end":{"line":628,"column":29}},"146":{"start":{"line":630,"column":20},"end":{"line":658,"column":8}},"147":{"start":{"line":660,"column":6},"end":{"line":660,"column":45}},"148":{"start":{"line":660,"column":18},"end":{"line":660,"column":45}},"149":{"start":{"line":662,"column":6},"end":{"line":662,"column":34}},"150":{"start":{"line":664,"column":6},"end":{"line":664,"column":16}},"151":{"start":{"line":669,"column":0},"end":{"line":669,"column":36}}},"fnMap":{"0":{"name":"(anonymous_0)","decl":{"start":{"line":20,"column":2},"end":{"line":20,"column":3}},"loc":{"start":{"line":20,"column":37},"end":{"line":143,"column":3}},"line":20},"1":{"name":"(anonymous_1)","decl":{"start":{"line":114,"column":30},"end":{"line":114,"column":31}},"loc":{"start":{"line":114,"column":38},"end":{"line":121,"column":7}},"line":114},"2":{"name":"(anonymous_2)","decl":{"start":{"line":147,"column":2},"end":{"line":147,"column":3}},"loc":{"start":{"line":147,"column":42},"end":{"line":322,"column":3}},"line":147},"3":{"name":"(anonymous_3)","decl":{"start":{"line":326,"column":2},"end":{"line":326,"column":3}},"loc":{"start":{"line":326,"column":39},"end":{"line":461,"column":3}},"line":326},"4":{"name":"(anonymous_4)","decl":{"start":{"line":465,"column":2},"end":{"line":465,"column":3}},"loc":{"start":{"line":465,"column":38},"end":{"line":621,"column":3}},"line":465},"5":{"name":"(anonymous_5)","decl":{"start":{"line":625,"column":2},"end":{"line":625,"column":3}},"loc":{"start":{"line":625,"column":42},"end":{"line":666,"column":3}},"line":625}},"branchMap":{"0":{"loc":{"start":{"line":32,"column":6},"end":{"line":34,"column":7}},"type":"if","locations":[{"start":{"line":32,"column":6},"end":{"line":34,"column":7}},{"start":{},"end":{}}],"line":32},"1":{"loc":{"start":{"line":46,"column":6},"end":{"line":48,"column":7}},"type":"if","locations":[{"start":{"line":46,"column":6},"end":{"line":48,"column":7}},{"start":{},"end":{}}],"line":46},"2":{"loc":{"start":{"line":46,"column":10},"end":{"line":46,"column":62}},"type":"binary-expr","locations":[{"start":{"line":46,"column":10},"end":{"line":46,"column":34}},{"start":{"line":46,"column":38},"end":{"line":46,"column":62}}],"line":46},"3":{"loc":{"start":{"line":53,"column":6},"end":{"line":53,"column":44}},"type":"if","locations":[{"start":{"line":53,"column":6},"end":{"line":53,"column":44}},{"start":{},"end":{}}],"line":53},"4":{"loc":{"start":{"line":54,"column":6},"end":{"line":54,"column":52}},"type":"if","locations":[{"start":{"line":54,"column":6},"end":{"line":54,"column":52}},{"start":{},"end":{}}],"line":54},"5":{"loc":{"start":{"line":65,"column":6},"end":{"line":65,"column":50}},"type":"if","locations":[{"start":{"line":65,"column":6},"end":{"line":65,"column":50}},{"start":{},"end":{}}],"line":65},"6":{"loc":{"start":{"line":77,"column":6},"end":{"line":79,"column":7}},"type":"if","locations":[{"start":{"line":77,"column":6},"end":{"line":79,"column":7}},{"start":{},"end":{}}],"line":77},"7":{"loc":{"start":{"line":210,"column":6},"end":{"line":318,"column":7}},"type":"if","locations":[{"start":{"line":210,"column":6},"end":{"line":318,"column":7}},{"start":{"line":316,"column":13},"end":{"line":318,"column":7}}],"line":210},"8":{"loc":{"start":{"line":214,"column":8},"end":{"line":315,"column":9}},"type":"if","locations":[{"start":{"line":214,"column":8},"end":{"line":315,"column":9}},{"start":{"line":313,"column":15},"end":{"line":315,"column":9}}],"line":214},"9":{"loc":{"start":{"line":248,"column":10},"end":{"line":307,"column":11}},"type":"if","locations":[{"start":{"line":248,"column":10},"end":{"line":307,"column":11}},{"start":{},"end":{}}],"line":248},"10":{"loc":{"start":{"line":259,"column":12},"end":{"line":263,"column":13}},"type":"if","locations":[{"start":{"line":259,"column":12},"end":{"line":263,"column":13}},{"start":{},"end":{}}],"line":259},"11":{"loc":{"start":{"line":260,"column":14},"end":{"line":262,"column":15}},"type":"if","locations":[{"start":{"line":260,"column":14},"end":{"line":262,"column":15}},{"start":{},"end":{}}],"line":260},"12":{"loc":{"start":{"line":344,"column":6},"end":{"line":449,"column":7}},"type":"if","locations":[{"start":{"line":344,"column":6},"end":{"line":449,"column":7}},{"start":{"line":346,"column":13},"end":{"line":449,"column":7}}],"line":344},"13":{"loc":{"start":{"line":375,"column":8},"end":{"line":438,"column":9}},"type":"if","locations":[{"start":{"line":375,"column":8},"end":{"line":438,"column":9}},{"start":{},"end":{}}],"line":375},"14":{"loc":{"start":{"line":380,"column":10},"end":{"line":392,"column":11}},"type":"if","locations":[{"start":{"line":380,"column":10},"end":{"line":392,"column":11}},{"start":{},"end":{}}],"line":380},"15":{"loc":{"start":{"line":387,"column":12},"end":{"line":391,"column":13}},"type":"if","locations":[{"start":{"line":387,"column":12},"end":{"line":391,"column":13}},{"start":{},"end":{}}],"line":387},"16":{"loc":{"start":{"line":388,"column":14},"end":{"line":390,"column":15}},"type":"if","locations":[{"start":{"line":388,"column":14},"end":{"line":390,"column":15}},{"start":{},"end":{}}],"line":388},"17":{"loc":{"start":{"line":433,"column":10},"end":{"line":435,"column":11}},"type":"if","locations":[{"start":{"line":433,"column":10},"end":{"line":435,"column":11}},{"start":{},"end":{}}],"line":433},"18":{"loc":{"start":{"line":479,"column":6},"end":{"line":493,"column":7}},"type":"if","locations":[{"start":{"line":479,"column":6},"end":{"line":493,"column":7}},{"start":{"line":491,"column":13},"end":{"line":493,"column":7}}],"line":479},"19":{"loc":{"start":{"line":483,"column":8},"end":{"line":490,"column":9}},"type":"if","locations":[{"start":{"line":483,"column":8},"end":{"line":490,"column":9}},{"start":{},"end":{}}],"line":483},"20":{"loc":{"start":{"line":505,"column":6},"end":{"line":507,"column":7}},"type":"if","locations":[{"start":{"line":505,"column":6},"end":{"line":507,"column":7}},{"start":{},"end":{}}],"line":505},"21":{"loc":{"start":{"line":518,"column":6},"end":{"line":518,"column":46}},"type":"if","locations":[{"start":{"line":518,"column":6},"end":{"line":518,"column":46}},{"start":{},"end":{}}],"line":518},"22":{"loc":{"start":{"line":541,"column":6},"end":{"line":617,"column":7}},"type":"if","locations":[{"start":{"line":541,"column":6},"end":{"line":617,"column":7}},{"start":{"line":567,"column":13},"end":{"line":617,"column":7}}],"line":541},"23":{"loc":{"start":{"line":552,"column":8},"end":{"line":564,"column":9}},"type":"if","locations":[{"start":{"line":552,"column":8},"end":{"line":564,"column":9}},{"start":{},"end":{}}],"line":552},"24":{"loc":{"start":{"line":569,"column":8},"end":{"line":581,"column":9}},"type":"if","locations":[{"start":{"line":569,"column":8},"end":{"line":581,"column":9}},{"start":{},"end":{}}],"line":569},"25":{"loc":{"start":{"line":600,"column":8},"end":{"line":612,"column":9}},"type":"if","locations":[{"start":{"line":600,"column":8},"end":{"line":612,"column":9}},{"start":{},"end":{}}],"line":600},"26":{"loc":{"start":{"line":660,"column":6},"end":{"line":660,"column":45}},"type":"if","locations":[{"start":{"line":660,"column":6},"end":{"line":660,"column":45}},{"start":{},"end":{}}],"line":660}},"s":{"0":1,"1":1,"2":9,"3":9,"4":9,"5":9,"6":9,"7":9,"8":1,"9":8,"10":8,"11":1,"12":7,"13":7,"14":0,"15":7,"16":1,"17":6,"18":6,"19":1,"20":5,"21":5,"22":1,"23":4,"24":4,"25":4,"26":4,"27":4,"28":4,"29":4,"30":4,"31":4,"32":4,"33":4,"34":4,"35":5,"36":5,"37":3,"38":3,"39":3,"40":3,"41":3,"42":3,"43":2,"44":2,"45":1,"46":1,"47":1,"48":1,"49":1,"50":1,"51":1,"52":1,"53":0,"54":0,"55":1,"56":1,"57":1,"58":1,"59":1,"60":1,"61":1,"62":1,"63":3,"64":1,"65":1,"66":1,"67":1,"68":1,"69":1,"70":1,"71":1,"72":1,"73":2,"74":2,"75":2,"76":2,"77":2,"78":2,"79":2,"80":0,"81":2,"82":2,"83":2,"84":2,"85":2,"86":2,"87":1,"88":1,"89":1,"90":1,"91":2,"92":2,"93":2,"94":2,"95":2,"96":2,"97":2,"98":2,"99":6,"100":2,"101":2,"102":2,"103":2,"104":2,"105":0,"106":2,"107":2,"108":2,"109":2,"110":0,"111":0,"112":9,"113":9,"114":9,"115":9,"116":9,"117":9,"118":8,"119":8,"120":1,"121":1,"122":1,"123":7,"124":7,"125":2,"126":5,"127":5,"128":1,"129":4,"130":4,"131":4,"132":1,"133":1,"134":0,"135":1,"136":3,"137":1,"138":3,"139":3,"140":2,"141":3,"142":5,"143":2,"144":2,"145":2,"146":2,"147":2,"148":1,"149":1,"150":1,"151":1},"f":{"0":9,"1":4,"2":3,"3":2,"4":9,"5":2},"b":{"0":[1,8],"1":[1,7],"2":[8,8],"3":[0,7],"4":[1,6],"5":[1,5],"6":[1,4],"7":[2,1],"8":[1,1],"9":[1,0],"10":[0,1],"11":[0,0],"12":[0,2],"13":[2,0],"14":[1,1],"15":[1,0],"16":[1,0],"17":[0,2],"18":[8,1],"19":[1,7],"20":[2,5],"21":[1,4],"22":[1,3],"23":[0,1],"24":[1,2],"25":[2,1],"26":[1,1]},"_coverageSchema":"1a1c01bbd47fc00a2c39e90264f33305004495a9","hash":"b77d153677ae2dca2a7e791ab3d5d9e9895ee4ee"}
,"/home/christian/MEGA/Phase 3/Project/backend/app/controllers/gradeController.js": {"path":"/home/christian/MEGA/Phase 3/Project/backend/app/controllers/gradeController.js","statementMap":{"0":{"start":{"line":9,"column":4},"end":{"line":9,"column":24}},"1":{"start":{"line":14,"column":4},"end":{"line":31,"column":5}},"2":{"start":{"line":15,"column":21},"end":{"line":15,"column":31}},"3":{"start":{"line":17,"column":20},"end":{"line":24,"column":8}},"4":{"start":{"line":26,"column":6},"end":{"line":26,"column":57}},"5":{"start":{"line":26,"column":30},"end":{"line":26,"column":57}},"6":{"start":{"line":28,"column":6},"end":{"line":28,"column":34}},"7":{"start":{"line":30,"column":6},"end":{"line":30,"column":16}},"8":{"start":{"line":36,"column":4},"end":{"line":70,"column":5}},"9":{"start":{"line":37,"column":21},"end":{"line":37,"column":33}},"10":{"start":{"line":38,"column":21},"end":{"line":65,"column":8}},"11":{"start":{"line":67,"column":6},"end":{"line":67,"column":35}},"12":{"start":{"line":69,"column":6},"end":{"line":69,"column":16}},"13":{"start":{"line":98,"column":4},"end":{"line":213,"column":5}},"14":{"start":{"line":99,"column":26},"end":{"line":99,"column":36}},"15":{"start":{"line":100,"column":21},"end":{"line":100,"column":29}},"16":{"start":{"line":101,"column":45},"end":{"line":101,"column":54}},"17":{"start":{"line":104,"column":24},"end":{"line":127,"column":8}},"18":{"start":{"line":129,"column":6},"end":{"line":131,"column":7}},"19":{"start":{"line":130,"column":8},"end":{"line":130,"column":35}},"20":{"start":{"line":135,"column":27},"end":{"line":135,"column":69}},"21":{"start":{"line":138,"column":23},"end":{"line":138,"column":37}},"22":{"start":{"line":139,"column":6},"end":{"line":141,"column":7}},"23":{"start":{"line":140,"column":8},"end":{"line":140,"column":24}},"24":{"start":{"line":144,"column":19},"end":{"line":144,"column":35}},"25":{"start":{"line":145,"column":22},"end":{"line":145,"column":27}},"26":{"start":{"line":147,"column":6},"end":{"line":151,"column":7}},"27":{"start":{"line":148,"column":8},"end":{"line":148,"column":27}},"28":{"start":{"line":150,"column":8},"end":{"line":150,"column":26}},"29":{"start":{"line":153,"column":21},"end":{"line":153,"column":50}},"30":{"start":{"line":156,"column":26},"end":{"line":158,"column":8}},"31":{"start":{"line":161,"column":25},"end":{"line":161,"column":60}},"32":{"start":{"line":163,"column":21},"end":{"line":163,"column":22}},"33":{"start":{"line":164,"column":6},"end":{"line":170,"column":7}},"34":{"start":{"line":165,"column":8},"end":{"line":165,"column":30}},"35":{"start":{"line":166,"column":13},"end":{"line":170,"column":7}},"36":{"start":{"line":167,"column":8},"end":{"line":167,"column":21}},"37":{"start":{"line":169,"column":8},"end":{"line":169,"column":25}},"38":{"start":{"line":173,"column":24},"end":{"line":173,"column":52}},"39":{"start":{"line":174,"column":6},"end":{"line":176,"column":7}},"40":{"start":{"line":175,"column":8},"end":{"line":175,"column":24}},"41":{"start":{"line":179,"column":23},"end":{"line":198,"column":8}},"42":{"start":{"line":200,"column":6},"end":{"line":210,"column":9}},"43":{"start":{"line":212,"column":6},"end":{"line":212,"column":16}},"44":{"start":{"line":217,"column":0},"end":{"line":217,"column":33}}},"fnMap":{"0":{"name":"(anonymous_0)","decl":{"start":{"line":13,"column":2},"end":{"line":13,"column":3}},"loc":{"start":{"line":13,"column":46},"end":{"line":32,"column":3}},"line":13},"1":{"name":"(anonymous_1)","decl":{"start":{"line":35,"column":2},"end":{"line":35,"column":3}},"loc":{"start":{"line":35,"column":44},"end":{"line":71,"column":3}},"line":35},"2":{"name":"(anonymous_2)","decl":{"start":{"line":97,"column":2},"end":{"line":97,"column":3}},"loc":{"start":{"line":97,"column":40},"end":{"line":214,"column":3}},"line":97}},"branchMap":{"0":{"loc":{"start":{"line":26,"column":6},"end":{"line":26,"column":57}},"type":"if","locations":[{"start":{"line":26,"column":6},"end":{"line":26,"column":57}},{"start":{},"end":{}}],"line":26},"1":{"loc":{"start":{"line":129,"column":6},"end":{"line":131,"column":7}},"type":"if","locations":[{"start":{"line":129,"column":6},"end":{"line":131,"column":7}},{"start":{},"end":{}}],"line":129},"2":{"loc":{"start":{"line":139,"column":6},"end":{"line":141,"column":7}},"type":"if","locations":[{"start":{"line":139,"column":6},"end":{"line":141,"column":7}},{"start":{},"end":{}}],"line":139},"3":{"loc":{"start":{"line":139,"column":10},"end":{"line":139,"column":48}},"type":"binary-expr","locations":[{"start":{"line":139,"column":10},"end":{"line":139,"column":24}},{"start":{"line":139,"column":28},"end":{"line":139,"column":48}}],"line":139},"4":{"loc":{"start":{"line":147,"column":6},"end":{"line":151,"column":7}},"type":"if","locations":[{"start":{"line":147,"column":6},"end":{"line":151,"column":7}},{"start":{"line":149,"column":13},"end":{"line":151,"column":7}}],"line":147},"5":{"loc":{"start":{"line":147,"column":10},"end":{"line":147,"column":43}},"type":"binary-expr","locations":[{"start":{"line":147,"column":10},"end":{"line":147,"column":20}},{"start":{"line":147,"column":24},"end":{"line":147,"column":43}}],"line":147},"6":{"loc":{"start":{"line":164,"column":6},"end":{"line":170,"column":7}},"type":"if","locations":[{"start":{"line":164,"column":6},"end":{"line":170,"column":7}},{"start":{"line":166,"column":13},"end":{"line":170,"column":7}}],"line":164},"7":{"loc":{"start":{"line":164,"column":10},"end":{"line":164,"column":47}},"type":"binary-expr","locations":[{"start":{"line":164,"column":10},"end":{"line":164,"column":27}},{"start":{"line":164,"column":31},"end":{"line":164,"column":47}}],"line":164},"8":{"loc":{"start":{"line":166,"column":13},"end":{"line":170,"column":7}},"type":"if","locations":[{"start":{"line":166,"column":13},"end":{"line":170,"column":7}},{"start":{"line":168,"column":13},"end":{"line":170,"column":7}}],"line":166},"9":{"loc":{"start":{"line":166,"column":17},"end":{"line":166,"column":40}},"type":"binary-expr","locations":[{"start":{"line":166,"column":17},"end":{"line":166,"column":25}},{"start":{"line":166,"column":29},"end":{"line":166,"column":40}}],"line":166},"10":{"loc":{"start":{"line":174,"column":6},"end":{"line":176,"column":7}},"type":"if","locations":[{"start":{"line":174,"column":6},"end":{"line":176,"column":7}},{"start":{},"end":{}}],"line":174}},"s":{"0":1,"1":2,"2":2,"3":2,"4":2,"5":1,"6":1,"7":1,"8":1,"9":1,"10":1,"11":1,"12":0,"13":2,"14":2,"15":2,"16":2,"17":2,"18":2,"19":1,"20":1,"21":1,"22":1,"23":1,"24":1,"25":1,"26":1,"27":1,"28":0,"29":1,"30":1,"31":1,"32":1,"33":1,"34":0,"35":1,"36":1,"37":0,"38":1,"39":1,"40":0,"41":1,"42":1,"43":1,"44":1},"f":{"0":2,"1":1,"2":2},"b":{"0":[1,1],"1":[1,1],"2":[1,0],"3":[1,0],"4":[1,0],"5":[1,0],"6":[0,1],"7":[1,1],"8":[1,0],"9":[1,1],"10":[0,1]},"_coverageSchema":"1a1c01bbd47fc00a2c39e90264f33305004495a9","hash":"4c8c53193b402de77201b85a96d22d96130da6d1"}
,"/home/christian/MEGA/Phase 3/Project/backend/app/controllers/index.js": {"path":"/home/christian/MEGA/Phase 3/Project/backend/app/controllers/index.js","statementMap":{"0":{"start":{"line":1,"column":23},"end":{"line":1,"column":50}},"1":{"start":{"line":2,"column":24},"end":{"line":2,"column":52}},"2":{"start":{"line":3,"column":27},"end":{"line":3,"column":58}},"3":{"start":{"line":4,"column":23},"end":{"line":4,"column":51}},"4":{"start":{"line":6,"column":0},"end":{"line":11,"column":2}}},"fnMap":{},"branchMap":{},"s":{"0":1,"1":1,"2":1,"3":1,"4":1},"f":{},"b":{},"_coverageSchema":"1a1c01bbd47fc00a2c39e90264f33305004495a9","hash":"bd02a7745f5a5a4a2b22fede502094db514c7948"}
,"/home/christian/MEGA/Phase 3/Project/backend/app/controllers/organizationController.js": {"path":"/home/christian/MEGA/Phase 3/Project/backend/app/controllers/organizationController.js","statementMap":{"0":{"start":{"line":1,"column":15},"end":{"line":1,"column":35}},"1":{"start":{"line":2,"column":25},"end":{"line":2,"column":45}},"2":{"start":{"line":8,"column":4},"end":{"line":83,"column":5}},"3":{"start":{"line":9,"column":59},"end":{"line":9,"column":68}},"4":{"start":{"line":11,"column":27},"end":{"line":11,"column":29}},"5":{"start":{"line":14,"column":23},"end":{"line":14,"column":37}},"6":{"start":{"line":15,"column":6},"end":{"line":17,"column":7}},"7":{"start":{"line":16,"column":8},"end":{"line":16,"column":24}},"8":{"start":{"line":20,"column":6},"end":{"line":24,"column":7}},"9":{"start":{"line":21,"column":8},"end":{"line":23,"column":10}},"10":{"start":{"line":27,"column":19},"end":{"line":27,"column":23}},"11":{"start":{"line":28,"column":22},"end":{"line":28,"column":27}},"12":{"start":{"line":30,"column":6},"end":{"line":34,"column":7}},"13":{"start":{"line":31,"column":8},"end":{"line":31,"column":22}},"14":{"start":{"line":33,"column":8},"end":{"line":33,"column":24}},"15":{"start":{"line":36,"column":6},"end":{"line":40,"column":7}},"16":{"start":{"line":37,"column":8},"end":{"line":37,"column":27}},"17":{"start":{"line":39,"column":8},"end":{"line":39,"column":26}},"18":{"start":{"line":42,"column":21},"end":{"line":42,"column":50}},"19":{"start":{"line":45,"column":32},"end":{"line":47,"column":8}},"20":{"start":{"line":50,"column":25},"end":{"line":50,"column":66}},"21":{"start":{"line":52,"column":21},"end":{"line":52,"column":22}},"22":{"start":{"line":53,"column":6},"end":{"line":59,"column":7}},"23":{"start":{"line":54,"column":8},"end":{"line":54,"column":30}},"24":{"start":{"line":55,"column":13},"end":{"line":59,"column":7}},"25":{"start":{"line":56,"column":8},"end":{"line":56,"column":21}},"26":{"start":{"line":58,"column":8},"end":{"line":58,"column":25}},"27":{"start":{"line":62,"column":24},"end":{"line":62,"column":52}},"28":{"start":{"line":63,"column":6},"end":{"line":65,"column":7}},"29":{"start":{"line":64,"column":8},"end":{"line":64,"column":24}},"30":{"start":{"line":68,"column":31},"end":{"line":73,"column":8}},"31":{"start":{"line":75,"column":6},"end":{"line":80,"column":9}},"32":{"start":{"line":82,"column":6},"end":{"line":82,"column":16}},"33":{"start":{"line":89,"column":4},"end":{"line":104,"column":5}},"34":{"start":{"line":90,"column":21},"end":{"line":90,"column":31}},"35":{"start":{"line":91,"column":27},"end":{"line":95,"column":8}},"36":{"start":{"line":97,"column":6},"end":{"line":99,"column":7}},"37":{"start":{"line":98,"column":8},"end":{"line":98,"column":35}},"38":{"start":{"line":101,"column":6},"end":{"line":101,"column":41}},"39":{"start":{"line":103,"column":6},"end":{"line":103,"column":16}},"40":{"start":{"line":110,"column":4},"end":{"line":125,"column":5}},"41":{"start":{"line":111,"column":17},"end":{"line":111,"column":31}},"42":{"start":{"line":112,"column":27},"end":{"line":116,"column":8}},"43":{"start":{"line":118,"column":6},"end":{"line":118,"column":56}},"44":{"start":{"line":118,"column":29},"end":{"line":118,"column":56}},"45":{"start":{"line":120,"column":6},"end":{"line":122,"column":9}},"46":{"start":{"line":124,"column":6},"end":{"line":124,"column":16}},"47":{"start":{"line":131,"column":4},"end":{"line":159,"column":5}},"48":{"start":{"line":132,"column":21},"end":{"line":132,"column":31}},"49":{"start":{"line":133,"column":57},"end":{"line":133,"column":65}},"50":{"start":{"line":135,"column":6},"end":{"line":136,"column":40}},"51":{"start":{"line":136,"column":8},"end":{"line":136,"column":40}},"52":{"start":{"line":138,"column":27},"end":{"line":152,"column":7}},"53":{"start":{"line":154,"column":6},"end":{"line":156,"column":9}},"54":{"start":{"line":158,"column":6},"end":{"line":158,"column":16}},"55":{"start":{"line":163,"column":4},"end":{"line":181,"column":5}},"56":{"start":{"line":164,"column":57},"end":{"line":164,"column":65}},"57":{"start":{"line":166,"column":6},"end":{"line":167,"column":39}},"58":{"start":{"line":167,"column":8},"end":{"line":167,"column":39}},"59":{"start":{"line":169,"column":19},"end":{"line":176,"column":8}},"60":{"start":{"line":178,"column":6},"end":{"line":178,"column":33}},"61":{"start":{"line":180,"column":6},"end":{"line":180,"column":16}},"62":{"start":{"line":185,"column":0},"end":{"line":185,"column":40}}},"fnMap":{"0":{"name":"(anonymous_0)","decl":{"start":{"line":7,"column":2},"end":{"line":7,"column":3}},"loc":{"start":{"line":7,"column":48},"end":{"line":84,"column":3}},"line":7},"1":{"name":"(anonymous_1)","decl":{"start":{"line":88,"column":2},"end":{"line":88,"column":3}},"loc":{"start":{"line":88,"column":50},"end":{"line":105,"column":3}},"line":88},"2":{"name":"(anonymous_2)","decl":{"start":{"line":109,"column":2},"end":{"line":109,"column":3}},"loc":{"start":{"line":109,"column":50},"end":{"line":126,"column":3}},"line":109},"3":{"name":"(anonymous_3)","decl":{"start":{"line":130,"column":2},"end":{"line":130,"column":3}},"loc":{"start":{"line":130,"column":48},"end":{"line":160,"column":3}},"line":130},"4":{"name":"(anonymous_4)","decl":{"start":{"line":162,"column":2},"end":{"line":162,"column":3}},"loc":{"start":{"line":162,"column":50},"end":{"line":182,"column":3}},"line":162}},"branchMap":{"0":{"loc":{"start":{"line":15,"column":6},"end":{"line":17,"column":7}},"type":"if","locations":[{"start":{"line":15,"column":6},"end":{"line":17,"column":7}},{"start":{},"end":{}}],"line":15},"1":{"loc":{"start":{"line":15,"column":10},"end":{"line":15,"column":69}},"type":"binary-expr","locations":[{"start":{"line":15,"column":10},"end":{"line":15,"column":24}},{"start":{"line":15,"column":28},"end":{"line":15,"column":48}},{"start":{"line":15,"column":52},"end":{"line":15,"column":69}}],"line":15},"2":{"loc":{"start":{"line":20,"column":6},"end":{"line":24,"column":7}},"type":"if","locations":[{"start":{"line":20,"column":6},"end":{"line":24,"column":7}},{"start":{},"end":{}}],"line":20},"3":{"loc":{"start":{"line":30,"column":6},"end":{"line":34,"column":7}},"type":"if","locations":[{"start":{"line":30,"column":6},"end":{"line":34,"column":7}},{"start":{"line":32,"column":13},"end":{"line":34,"column":7}}],"line":30},"4":{"loc":{"start":{"line":30,"column":10},"end":{"line":30,"column":38}},"type":"binary-expr","locations":[{"start":{"line":30,"column":10},"end":{"line":30,"column":17}},{"start":{"line":30,"column":21},"end":{"line":30,"column":38}}],"line":30},"5":{"loc":{"start":{"line":36,"column":6},"end":{"line":40,"column":7}},"type":"if","locations":[{"start":{"line":36,"column":6},"end":{"line":40,"column":7}},{"start":{"line":38,"column":13},"end":{"line":40,"column":7}}],"line":36},"6":{"loc":{"start":{"line":36,"column":10},"end":{"line":36,"column":43}},"type":"binary-expr","locations":[{"start":{"line":36,"column":10},"end":{"line":36,"column":20}},{"start":{"line":36,"column":24},"end":{"line":36,"column":43}}],"line":36},"7":{"loc":{"start":{"line":53,"column":6},"end":{"line":59,"column":7}},"type":"if","locations":[{"start":{"line":53,"column":6},"end":{"line":59,"column":7}},{"start":{"line":55,"column":13},"end":{"line":59,"column":7}}],"line":53},"8":{"loc":{"start":{"line":53,"column":10},"end":{"line":53,"column":47}},"type":"binary-expr","locations":[{"start":{"line":53,"column":10},"end":{"line":53,"column":27}},{"start":{"line":53,"column":31},"end":{"line":53,"column":47}}],"line":53},"9":{"loc":{"start":{"line":55,"column":13},"end":{"line":59,"column":7}},"type":"if","locations":[{"start":{"line":55,"column":13},"end":{"line":59,"column":7}},{"start":{"line":57,"column":13},"end":{"line":59,"column":7}}],"line":55},"10":{"loc":{"start":{"line":55,"column":17},"end":{"line":55,"column":40}},"type":"binary-expr","locations":[{"start":{"line":55,"column":17},"end":{"line":55,"column":25}},{"start":{"line":55,"column":29},"end":{"line":55,"column":40}}],"line":55},"11":{"loc":{"start":{"line":63,"column":6},"end":{"line":65,"column":7}},"type":"if","locations":[{"start":{"line":63,"column":6},"end":{"line":65,"column":7}},{"start":{},"end":{}}],"line":63},"12":{"loc":{"start":{"line":97,"column":6},"end":{"line":99,"column":7}},"type":"if","locations":[{"start":{"line":97,"column":6},"end":{"line":99,"column":7}},{"start":{},"end":{}}],"line":97},"13":{"loc":{"start":{"line":118,"column":6},"end":{"line":118,"column":56}},"type":"if","locations":[{"start":{"line":118,"column":6},"end":{"line":118,"column":56}},{"start":{},"end":{}}],"line":118},"14":{"loc":{"start":{"line":135,"column":6},"end":{"line":136,"column":40}},"type":"if","locations":[{"start":{"line":135,"column":6},"end":{"line":136,"column":40}},{"start":{},"end":{}}],"line":135},"15":{"loc":{"start":{"line":135,"column":10},"end":{"line":135,"column":64}},"type":"binary-expr","locations":[{"start":{"line":135,"column":10},"end":{"line":135,"column":15}},{"start":{"line":135,"column":19},"end":{"line":135,"column":27}},{"start":{"line":135,"column":31},"end":{"line":135,"column":36}},{"start":{"line":135,"column":40},"end":{"line":135,"column":44}},{"start":{"line":135,"column":48},"end":{"line":135,"column":53}},{"start":{"line":135,"column":57},"end":{"line":135,"column":64}}],"line":135},"16":{"loc":{"start":{"line":166,"column":6},"end":{"line":167,"column":39}},"type":"if","locations":[{"start":{"line":166,"column":6},"end":{"line":167,"column":39}},{"start":{},"end":{}}],"line":166},"17":{"loc":{"start":{"line":166,"column":10},"end":{"line":166,"column":53}},"type":"binary-expr","locations":[{"start":{"line":166,"column":10},"end":{"line":166,"column":15}},{"start":{"line":166,"column":19},"end":{"line":166,"column":27}},{"start":{"line":166,"column":31},"end":{"line":166,"column":36}},{"start":{"line":166,"column":40},"end":{"line":166,"column":44}},{"start":{"line":166,"column":48},"end":{"line":166,"column":53}}],"line":166},"18":{"loc":{"start":{"line":175,"column":16},"end":{"line":175,"column":46}},"type":"binary-expr","locations":[{"start":{"line":175,"column":16},"end":{"line":175,"column":37}},{"start":{"line":175,"column":41},"end":{"line":175,"column":46}}],"line":175}},"s":{"0":1,"1":1,"2":2,"3":2,"4":2,"5":2,"6":2,"7":2,"8":2,"9":0,"10":2,"11":2,"12":2,"13":2,"14":0,"15":2,"16":2,"17":0,"18":2,"19":2,"20":2,"21":2,"22":2,"23":0,"24":2,"25":2,"26":0,"27":2,"28":2,"29":0,"30":2,"31":2,"32":0,"33":2,"34":2,"35":2,"36":2,"37":1,"38":1,"39":1,"40":2,"41":2,"42":2,"43":2,"44":1,"45":1,"46":1,"47":2,"48":2,"49":2,"50":2,"51":1,"52":1,"53":1,"54":1,"55":6,"56":6,"57":6,"58":5,"59":1,"60":1,"61":5,"62":1},"f":{"0":2,"1":2,"2":2,"3":2,"4":6},"b":{"0":[2,0],"1":[2,0,0],"2":[0,2],"3":[2,0],"4":[2,0],"5":[2,0],"6":[2,0],"7":[0,2],"8":[2,2],"9":[2,0],"10":[2,2],"11":[0,2],"12":[1,1],"13":[1,1],"14":[1,1],"15":[2,1,1,1,1,1],"16":[5,1],"17":[6,5,4,3,2],"18":[1,0]},"_coverageSchema":"1a1c01bbd47fc00a2c39e90264f33305004495a9","hash":"a77f8b3bec2ce9b1f6e530c26383701e257e80a0"}
[...]
,"/home/christian/MEGA/Phase 3/Project/backend/app/models/questiongroup.js": {"path":"/home/christian/MEGA/Phase 3/Project/backend/app/models/questiongroup.js","statementMap":{"0":{"start":{"line":2,"column":18},"end":{"line":2,"column":38}},"1":{"start":{"line":3,"column":0},"end":{"line":28,"column":2}},"2":{"start":{"line":12,"column":6},"end":{"line":12,"column":77}},"3":{"start":{"line":13,"column":6},"end":{"line":13,"column":75}},"4":{"start":{"line":16,"column":2},"end":{"line":26,"column":4}},"5":{"start":{"line":27,"column":2},"end":{"line":27,"column":23}}},"fnMap":{"0":{"name":"(anonymous_0)","decl":{"start":{"line":3,"column":17},"end":{"line":3,"column":18}},"loc":{"start":{"line":3,"column":43},"end":{"line":28,"column":1}},"line":3},"1":{"name":"(anonymous_1)","decl":{"start":{"line":10,"column":4},"end":{"line":10,"column":5}},"loc":{"start":{"line":10,"column":29},"end":{"line":14,"column":5}},"line":10}},"branchMap":{},"s":{"0":1,"1":1,"2":1,"3":1,"4":1,"5":1},"f":{"0":1,"1":1},"b":{},"_coverageSchema":"1a1c01bbd47fc00a2c39e90264f33305004495a9","hash":"fc306dad822e18527e16372bc105e0d7c0d30d56"}
,"/home/christian/MEGA/Phase 3/Project/backend/app/models/session.js": {"path":"/home/christian/MEGA/Phase 3/Project/backend/app/models/session.js","statementMap":{"0":{"start":{"line":4,"column":4},"end":{"line":4,"column":24}},"1":{"start":{"line":5,"column":0},"end":{"line":28,"column":2}},"2":{"start":{"line":14,"column":6},"end":{"line":14,"column":62}},"3":{"start":{"line":15,"column":6},"end":{"line":15,"column":62}},"4":{"start":{"line":16,"column":6},"end":{"line":16,"column":72}},"5":{"start":{"line":19,"column":2},"end":{"line":26,"column":5}},"6":{"start":{"line":27,"column":2},"end":{"line":27,"column":17}}},"fnMap":{"0":{"name":"(anonymous_0)","decl":{"start":{"line":5,"column":17},"end":{"line":5,"column":18}},"loc":{"start":{"line":5,"column":43},"end":{"line":28,"column":1}},"line":5},"1":{"name":"(anonymous_1)","decl":{"start":{"line":12,"column":4},"end":{"line":12,"column":5}},"loc":{"start":{"line":12,"column":29},"end":{"line":17,"column":5}},"line":12}},"branchMap":{},"s":{"0":1,"1":1,"2":1,"3":1,"4":1,"5":1,"6":1},"f":{"0":1,"1":1},"b":{},"_coverageSchema":"1a1c01bbd47fc00a2c39e90264f33305004495a9","hash":"9bb1724b2aee2796a7c9b975ba6531f31754f1ff"}
,"/home/christian/MEGA/Phase 3/Project/backend/app/models/transaction.js": {"path":"/home/christian/MEGA/Phase 3/Project/backend/app/models/transaction.js","statementMap":{"0":{"start":{"line":2,"column":18},"end":{"line":2,"column":38}},"1":{"start":{"line":3,"column":0},"end":{"line":31,"column":2}},"2":{"start":{"line":12,"column":6},"end":{"line":12,"column":67}},"3":{"start":{"line":15,"column":2},"end":{"line":29,"column":4}},"4":{"start":{"line":30,"column":2},"end":{"line":30,"column":21}}},"fnMap":{"0":{"name":"(anonymous_0)","decl":{"start":{"line":3,"column":17},"end":{"line":3,"column":18}},"loc":{"start":{"line":3,"column":43},"end":{"line":31,"column":1}},"line":3},"1":{"name":"(anonymous_1)","decl":{"start":{"line":10,"column":4},"end":{"line":10,"column":5}},"loc":{"start":{"line":10,"column":29},"end":{"line":13,"column":5}},"line":10}},"branchMap":{},"s":{"0":1,"1":1,"2":1,"3":1,"4":1},"f":{"0":1,"1":1},"b":{},"_coverageSchema":"1a1c01bbd47fc00a2c39e90264f33305004495a9","hash":"c6e4fbc6d1a2df2a569aca65d4b3327e23edb903"}
,"/home/christian/MEGA/Phase 3/Project/backend/app/models/user.js": {"path":"/home/christian/MEGA/Phase 3/Project/backend/app/models/user.js","statementMap":{"0":{"start":{"line":2,"column":18},"end":{"line":2,"column":38}},"1":{"start":{"line":3,"column":25},"end":{"line":3,"column":46}},"2":{"start":{"line":4,"column":0},"end":{"line":89,"column":2}},"3":{"start":{"line":13,"column":6},"end":{"line":13,"column":61}},"4":{"start":{"line":14,"column":6},"end":{"line":14,"column":59}},"5":{"start":{"line":15,"column":6},"end":{"line":15,"column":65}},"6":{"start":{"line":16,"column":6},"end":{"line":16,"column":65}},"7":{"start":{"line":17,"column":6},"end":{"line":17,"column":65}},"8":{"start":{"line":20,"column":2},"end":{"line":84,"column":4}},"9":{"start":{"line":85,"column":2},"end":{"line":87,"column":5}},"10":{"start":{"line":86,"column":4},"end":{"line":86,"column":48}},"11":{"start":{"line":88,"column":2},"end":{"line":88,"column":14}}},"fnMap":{"0":{"name":"(anonymous_0)","decl":{"start":{"line":4,"column":17},"end":{"line":4,"column":18}},"loc":{"start":{"line":4,"column":43},"end":{"line":89,"column":1}},"line":4},"1":{"name":"(anonymous_1)","decl":{"start":{"line":11,"column":4},"end":{"line":11,"column":5}},"loc":{"start":{"line":11,"column":29},"end":{"line":18,"column":5}},"line":11},"2":{"name":"(anonymous_2)","decl":{"start":{"line":85,"column":20},"end":{"line":85,"column":21}},"loc":{"start":{"line":85,"column":30},"end":{"line":87,"column":3}},"line":85}},"branchMap":{},"s":{"0":1,"1":1,"2":1,"3":1,"4":1,"5":1,"6":1,"7":1,"8":1,"9":1,"10":4,"11":1},"f":{"0":1,"1":1,"2":4},"b":{},"_coverageSchema":"1a1c01bbd47fc00a2c39e90264f33305004495a9","hash":"7b6879ed69df2cd17f71b44cbaad05298f571f87"}
,"/home/christian/MEGA/Phase 3/Project/backend/app/models/useranswer.js": {"path":"/home/christian/MEGA/Phase 3/Project/backend/app/models/useranswer.js","statementMap":{"0":{"start":{"line":2,"column":18},"end":{"line":2,"column":38}},"1":{"start":{"line":3,"column":0},"end":{"line":32,"column":2}},"2":{"start":{"line":12,"column":6},"end":{"line":12,"column":74}},"3":{"start":{"line":13,"column":6},"end":{"line":13,"column":70}},"4":{"start":{"line":14,"column":6},"end":{"line":14,"column":66}},"5":{"start":{"line":15,"column":6},"end":{"line":15,"column":66}},"6":{"start":{"line":18,"column":2},"end":{"line":30,"column":4}},"7":{"start":{"line":31,"column":2},"end":{"line":31,"column":20}}},"fnMap":{"0":{"name":"(anonymous_0)","decl":{"start":{"line":3,"column":17},"end":{"line":3,"column":18}},"loc":{"start":{"line":3,"column":43},"end":{"line":32,"column":1}},"line":3},"1":{"name":"(anonymous_1)","decl":{"start":{"line":10,"column":4},"end":{"line":10,"column":5}},"loc":{"start":{"line":10,"column":29},"end":{"line":16,"column":5}},"line":10}},"branchMap":{},"s":{"0":1,"1":1,"2":1,"3":1,"4":1,"5":1,"6":1,"7":1},"f":{"0":1,"1":1},"b":{},"_coverageSchema":"1a1c01bbd47fc00a2c39e90264f33305004495a9","hash":"ffc0b5550f5c083fb3756fd96708a7a5c159608b"}
,"/home/christian/MEGA/Phase 3/Project/backend/app/routers/category.js": {"path":"/home/christian/MEGA/Phase 3/Project/backend/app/routers/category.js","statementMap":{"0":{"start":{"line":1,"column":16},"end":{"line":1,"column":34}},"1":{"start":{"line":2,"column":32},"end":{"line":2,"column":57}},"2":{"start":{"line":3,"column":27},"end":{"line":3,"column":71}},"3":{"start":{"line":4,"column":15},"end":{"line":4,"column":31}},"4":{"start":{"line":6,"column":0},"end":{"line":6,"column":23}},"5":{"start":{"line":8,"column":0},"end":{"line":8,"column":49}},"6":{"start":{"line":9,"column":0},"end":{"line":9,"column":61}},"7":{"start":{"line":10,"column":0},"end":{"line":10,"column":64}},"8":{"start":{"line":11,"column":0},"end":{"line":11,"column":61}},"9":{"start":{"line":12,"column":0},"end":{"line":12,"column":66}},"10":{"start":{"line":14,"column":0},"end":{"line":14,"column":24}}},"fnMap":{},"branchMap":{},"s":{"0":1,"1":1,"2":1,"3":1,"4":1,"5":1,"6":1,"7":1,"8":1,"9":1,"10":1},"f":{},"b":{},"_coverageSchema":"1a1c01bbd47fc00a2c39e90264f33305004495a9","hash":"9be097033e1832dd6e17cccb2f45f97fd0b3bd61"}
,"/home/christian/MEGA/Phase 3/Project/backend/app/routers/certificates.js": {"path":"/home/christian/MEGA/Phase 3/Project/backend/app/routers/certificates.js","statementMap":{"0":{"start":{"line":1,"column":16},"end":{"line":1,"column":34}},"1":{"start":{"line":2,"column":32},"end":{"line":2,"column":57}},"2":{"start":{"line":3,"column":30},"end":{"line":3,"column":77}},"3":{"start":{"line":5,"column":15},"end":{"line":5,"column":31}},"4":{"start":{"line":7,"column":0},"end":{"line":7,"column":76}},"5":{"start":{"line":8,"column":0},"end":{"line":8,"column":62}},"6":{"start":{"line":10,"column":0},"end":{"line":10,"column":24}}},"fnMap":{},"branchMap":{},"s":{"0":1,"1":1,"2":1,"3":1,"4":1,"5":1,"6":1},"f":{},"b":{},"_coverageSchema":"1a1c01bbd47fc00a2c39e90264f33305004495a9","hash":"533cdd6e329d27b93f40b93f1c0aaaba7d867432"}
,"/home/christian/MEGA/Phase 3/Project/backend/app/routers/exams.js": {"path":"/home/christian/MEGA/Phase 3/Project/backend/app/routers/exams.js","statementMap":{"0":{"start":{"line":1,"column":16},"end":{"line":1,"column":34}},"1":{"start":{"line":2,"column":32},"end":{"line":2,"column":57}},"2":{"start":{"line":3,"column":27},"end":{"line":3,"column":52}},"3":{"start":{"line":4,"column":27},"end":{"line":4,"column":71}},"4":{"start":{"line":5,"column":15},"end":{"line":5,"column":31}},"5":{"start":{"line":7,"column":0},"end":{"line":7,"column":23}},"6":{"start":{"line":9,"column":0},"end":{"line":9,"column":42}},"7":{"start":{"line":10,"column":0},"end":{"line":10,"column":49}},"8":{"start":{"line":11,"column":0},"end":{"line":15,"column":2}},"9":{"start":{"line":17,"column":0},"end":{"line":17,"column":54}},"10":{"start":{"line":18,"column":0},"end":{"line":18,"column":48}},"11":{"start":{"line":19,"column":0},"end":{"line":19,"column":61}},"12":{"start":{"line":21,"column":0},"end":{"line":21,"column":56}},"13":{"start":{"line":22,"column":0},"end":{"line":22,"column":66}},"14":{"start":{"line":24,"column":0},"end":{"line":24,"column":55}},"15":{"start":{"line":25,"column":0},"end":{"line":25,"column":49}},"16":{"start":{"line":26,"column":0},"end":{"line":26,"column":54}},"17":{"start":{"line":28,"column":0},"end":{"line":28,"column":24}}},"fnMap":{},"branchMap":{},"s":{"0":1,"1":1,"2":1,"3":1,"4":1,"5":1,"6":1,"7":1,"8":1,"9":1,"10":1,"11":1,"12":1,"13":1,"14":1,"15":1,"16":1,"17":1},"f":{},"b":{},"_coverageSchema":"1a1c01bbd47fc00a2c39e90264f33305004495a9","hash":"89b52309ef27830e4d1ed89cc78fef2ef8a99119"}
,"/home/christian/MEGA/Phase 3/Project/backend/app/routers/examschedule.js": {"path":"/home/christian/MEGA/Phase 3/Project/backend/app/routers/examschedule.js","statementMap":{"0":{"start":{"line":1,"column":16},"end":{"line":1,"column":34}},"1":{"start":{"line":2,"column":32},"end":{"line":2,"column":57}},"2":{"start":{"line":3,"column":27},"end":{"line":3,"column":71}},"3":{"start":{"line":4,"column":15},"end":{"line":4,"column":31}},"4":{"start":{"line":6,"column":0},"end":{"line":6,"column":23}},"5":{"start":{"line":8,"column":0},"end":{"line":8,"column":61}},"6":{"start":{"line":9,"column":0},"end":{"line":9,"column":48}},"7":{"start":{"line":10,"column":0},"end":{"line":10,"column":55}},"8":{"start":{"line":11,"column":0},"end":{"line":11,"column":61}},"9":{"start":{"line":12,"column":0},"end":{"line":12,"column":66}},"10":{"start":{"line":14,"column":0},"end":{"line":14,"column":24}}},"fnMap":{},"branchMap":{},"s":{"0":1,"1":1,"2":1,"3":1,"4":1,"5":1,"6":1,"7":1,"8":1,"9":1,"10":1},"f":{},"b":{},"_coverageSchema":"1a1c01bbd47fc00a2c39e90264f33305004495a9","hash":"d84c200d78ae6d8f63df099e8c9d5621e27e4c56"}
,"/home/christian/MEGA/Phase 3/Project/backend/app/routers/grades.js": {"path":"/home/christian/MEGA/Phase 3/Project/backend/app/routers/grades.js","statementMap":{"0":{"start":{"line":1,"column":16},"end":{"line":1,"column":34}},"1":{"start":{"line":2,"column":32},"end":{"line":2,"column":57}},"2":{"start":{"line":3,"column":28},"end":{"line":3,"column":53}},"3":{"start":{"line":4,"column":15},"end":{"line":4,"column":31}},"4":{"start":{"line":6,"column":0},"end":{"line":6,"column":23}},"5":{"start":{"line":8,"column":0},"end":{"line":8,"column":51}},"6":{"start":{"line":9,"column":0},"end":{"line":9,"column":63}},"7":{"start":{"line":10,"column":0},"end":{"line":10,"column":66}},"8":{"start":{"line":12,"column":0},"end":{"line":12,"column":24}}},"fnMap":{},"branchMap":{},"s":{"0":1,"1":1,"2":1,"3":1,"4":1,"5":1,"6":1,"7":1,"8":1},"f":{},"b":{},"_coverageSchema":"1a1c01bbd47fc00a2c39e90264f33305004495a9","hash":"618d1b3c943810a7e5017118900d8411d70b6594"}
,"/home/christian/MEGA/Phase 3/Project/backend/app/routers/index.js": {"path":"/home/christian/MEGA/Phase 3/Project/backend/app/routers/index.js","statementMap":{"0":{"start":{"line":1,"column":16},"end":{"line":1,"column":34}},"1":{"start":{"line":2,"column":15},"end":{"line":2,"column":31}},"2":{"start":{"line":3,"column":13},"end":{"line":3,"column":33}},"3":{"start":{"line":4,"column":14},"end":{"line":4,"column":35}},"4":{"start":{"line":5,"column":18},"end":{"line":5,"column":43}},"5":{"start":{"line":6,"column":15},"end":{"line":6,"column":37}},"6":{"start":{"line":7,"column":19},"end":{"line":7,"column":43}},"7":{"start":{"line":8,"column":22},"end":{"line":8,"column":51}},"8":{"start":{"line":9,"column":21},"end":{"line":9,"column":49}},"9":{"start":{"line":10,"column":16},"end":{"line":10,"column":39}},"10":{"start":{"line":11,"column":23},"end":{"line":11,"column":63}},"11":{"start":{"line":12,"column":21},"end":{"line":12,"column":49}},"12":{"start":{"line":13,"column":23},"end":{"line":13,"column":66}},"13":{"start":{"line":14,"column":32},"end":{"line":14,"column":57}},"14":{"start":{"line":16,"column":0},"end":{"line":16,"column":50}},"15":{"start":{"line":17,"column":0},"end":{"line":17,"column":44}},"16":{"start":{"line":18,"column":0},"end":{"line":18,"column":58}},"17":{"start":{"line":20,"column":0},"end":{"line":20,"column":27}},"18":{"start":{"line":21,"column":0},"end":{"line":21,"column":28}},"19":{"start":{"line":22,"column":0},"end":{"line":22,"column":36}},"20":{"start":{"line":23,"column":0},"end":{"line":23,"column":30}},"21":{"start":{"line":24,"column":0},"end":{"line":24,"column":38}},"22":{"start":{"line":25,"column":0},"end":{"line":25,"column":44}},"23":{"start":{"line":26,"column":0},"end":{"line":26,"column":42}},"24":{"start":{"line":27,"column":0},"end":{"line":27,"column":32}},"25":{"start":{"line":28,"column":0},"end":{"line":28,"column":39}},"26":{"start":{"line":29,"column":0},"end":{"line":29,"column":73}},"27":{"start":{"line":31,"column":0},"end":{"line":31,"column":24}}},"fnMap":{},"branchMap":{},"s":{"0":1,"1":1,"2":1,"3":1,"4":1,"5":1,"6":1,"7":1,"8":1,"9":1,"10":1,"11":1,"12":1,"13":1,"14":1,"15":1,"16":1,"17":1,"18":1,"19":1,"20":1,"21":1,"22":1,"23":1,"24":1,"25":1,"26":1,"27":1},"f":{},"b":{},"_coverageSchema":"1a1c01bbd47fc00a2c39e90264f33305004495a9","hash":"c01a36c74252900275c4a5f5c8b90a76d2109c09"}
,"/home/christian/MEGA/Phase 3/Project/backend/app/routers/organizations.js": {"path":"/home/christian/MEGA/Phase 3/Project/backend/app/routers/organizations.js","statementMap":{"0":{"start":{"line":1,"column":16},"end":{"line":1,"column":34}},"1":{"start":{"line":2,"column":32},"end":{"line":2,"column":57}},"2":{"start":{"line":3,"column":31},"end":{"line":3,"column":79}},"3":{"start":{"line":5,"column":15},"end":{"line":5,"column":31}},"4":{"start":{"line":7,"column":0},"end":{"line":7,"column":23}},"5":{"start":{"line":8,"column":0},"end":{"line":8,"column":20}},"6":{"start":{"line":10,"column":0},"end":{"line":10,"column":57}},"7":{"start":{"line":11,"column":0},"end":{"line":11,"column":60}},"8":{"start":{"line":12,"column":0},"end":{"line":12,"column":62}},"9":{"start":{"line":13,"column":0},"end":{"line":13,"column":60}},"10":{"start":{"line":14,"column":0},"end":{"line":14,"column":65}},"11":{"start":{"line":16,"column":0},"end":{"line":16,"column":24}}},"fnMap":{},"branchMap":{},"s":{"0":1,"1":1,"2":1,"3":1,"4":1,"5":1,"6":1,"7":1,"8":1,"9":1,"10":1,"11":1},"f":{},"b":{},"_coverageSchema":"1a1c01bbd47fc00a2c39e90264f33305004495a9","hash":"54d90c241234e8a7a0a8d67edf63c13d1b5b22c8"}
,"/home/christian/MEGA/Phase 3/Project/backend/app/routers/payment.js": {"path":"/home/christian/MEGA/Phase 3/Project/backend/app/routers/payment.js","statementMap":{"0":{"start":{"line":1,"column":16},"end":{"line":1,"column":34}},"1":{"start":{"line":2,"column":32},"end":{"line":2,"column":57}},"2":{"start":{"line":3,"column":26},"end":{"line":3,"column":69}},"3":{"start":{"line":5,"column":15},"end":{"line":5,"column":31}},"4":{"start":{"line":7,"column":0},"end":{"line":7,"column":73}},"5":{"start":{"line":8,"column":0},"end":{"line":8,"column":64}},"6":{"start":{"line":10,"column":0},"end":{"line":10,"column":24}}},"fnMap":{},"branchMap":{},"s":{"0":1,"1":1,"2":1,"3":1,"4":1,"5":1,"6":1},"f":{},"b":{},"_coverageSchema":"1a1c01bbd47fc00a2c39e90264f33305004495a9","hash":"edd21012a44a6e249e2d8a1ca70959826f1a3b5f"}
,"/home/christian/MEGA/Phase 3/Project/backend/app/routers/questions.js": {"path":"/home/christian/MEGA/Phase 3/Project/backend/app/routers/questions.js","statementMap":{"0":{"start":{"line":1,"column":16},"end":{"line":1,"column":34}},"1":{"start":{"line":2,"column":32},"end":{"line":2,"column":57}},"2":{"start":{"line":3,"column":31},"end":{"line":3,"column":56}},"3":{"start":{"line":4,"column":15},"end":{"line":4,"column":31}},"4":{"start":{"line":6,"column":0},"end":{"line":6,"column":23}},"5":{"start":{"line":7,"column":0},"end":{"line":7,"column":20}},"6":{"start":{"line":9,"column":0},"end":{"line":9,"column":42}},"7":{"start":{"line":10,"column":0},"end":{"line":10,"column":44}},"8":{"start":{"line":11,"column":0},"end":{"line":11,"column":55}},"9":{"start":{"line":12,"column":0},"end":{"line":12,"column":49}},"10":{"start":{"line":14,"column":0},"end":{"line":14,"column":24}}},"fnMap":{},"branchMap":{},"s":{"0":1,"1":1,"2":1,"3":1,"4":1,"5":1,"6":1,"7":1,"8":1,"9":1,"10":1},"f":{},"b":{},"_coverageSchema":"1a1c01bbd47fc00a2c39e90264f33305004495a9","hash":"21b122447e59cb3c5ced5bdc4249cc937246de99"}
,"/home/christian/MEGA/Phase 3/Project/backend/app/routers/user.js": {"path":"/home/christian/MEGA/Phase 3/Project/backend/app/routers/user.js","statementMap":{"0":{"start":{"line":1,"column":16},"end":{"line":1,"column":34}},"1":{"start":{"line":2,"column":27},"end":{"line":2,"column":52}},"2":{"start":{"line":3,"column":32},"end":{"line":3,"column":57}},"3":{"start":{"line":4,"column":15},"end":{"line":4,"column":31}},"4":{"start":{"line":5,"column":17},"end":{"line":5,"column":45}},"5":{"start":{"line":14,"column":0},"end":{"line":14,"column":57}},"6":{"start":{"line":15,"column":0},"end":{"line":15,"column":62}},"7":{"start":{"line":18,"column":0},"end":{"line":18,"column":70}},"8":{"start":{"line":19,"column":0},"end":{"line":19,"column":63}},"9":{"start":{"line":20,"column":0},"end":{"line":20,"column":66}},"10":{"start":{"line":22,"column":0},"end":{"line":22,"column":24}}},"fnMap":{},"branchMap":{},"s":{"0":1,"1":1,"2":1,"3":1,"4":1,"5":1,"6":1,"7":1,"8":1,"9":1,"10":1},"f":{},"b":{},"_coverageSchema":"1a1c01bbd47fc00a2c39e90264f33305004495a9","hash":"5508249a035af0d510df93b7c2f56f16d1ea6f1e"}
}
