TN:
SF:app.js
FNF:0
FNH:0
DA:1,1
DA:2,1
DA:5,1
DA:6,1
DA:7,1
DA:8,1
DA:9,1
DA:11,1
DA:12,1
DA:13,1
DA:14,1
DA:15,1
DA:17,1
LF:13
LH:13
BRDA:1,0,0,1
BRDA:1,0,1,0
BRF:2
BRH:1
end_of_record
TN:
SF:controllers/authController.js
FN:13,(anonymous_0)
FN:42,(anonymous_1)
FN:80,(anonymous_2)
FNF:3
FNH:3
FNDA:7,(anonymous_0)
FNDA:3,(anonymous_1)
FNDA:7,(anonymous_2)
DA:6,1
DA:7,1
DA:8,1
DA:14,7
DA:15,7
DA:17,7
DA:29,1
DA:31,1
DA:36,6
DA:43,3
DA:47,3
DA:48,2
DA:49,2
DA:51,1
DA:54,2
DA:67,2
DA:69,1
DA:74,2
DA:81,7
DA:82,7
DA:83,7
DA:84,6
DA:85,5
DA:90,5
DA:91,4
DA:92,4
DA:93,3
DA:96,2
DA:98,2
DA:100,2
DA:101,1
DA:111,1
DA:113,1
DA:116,2
DA:122,2
DA:132,5
DA:137,1
LF:37
LH:37
BRDA:47,0,0,2
BRDA:47,0,1,1
BRDA:67,1,0,1
BRDA:67,1,1,1
BRDA:83,2,0,1
BRDA:83,2,1,6
BRDA:84,3,0,1
BRDA:84,3,1,5
BRDA:90,4,0,1
BRDA:90,4,1,4
BRDA:92,5,0,1
BRDA:92,5,1,3
BRDA:93,6,0,1
BRDA:93,6,1,2
BRDA:100,7,0,1
BRDA:100,7,1,1
BRDA:100,8,0,2
BRDA:100,8,1,1
BRF:18
BRH:18
end_of_record
TN:
SF:controllers/categoryController.js
FN:5,(anonymous_0)
FN:78,(anonymous_1)
FN:92,(anonymous_2)
FN:108,(anonymous_3)
FN:134,(anonymous_4)
FNF:5
FNH:5
FNDA:4,(anonymous_0)
FNDA:2,(anonymous_1)
FNDA:2,(anonymous_2)
FNDA:3,(anonymous_3)
FNDA:2,(anonymous_4)
DA:1,1
DA:2,1
DA:6,4
DA:7,4
DA:9,4
DA:12,4
DA:13,4
DA:14,1
DA:18,4
DA:19,1
DA:25,4
DA:26,4
DA:28,4
DA:29,3
DA:31,1
DA:34,4
DA:37,4
DA:42,4
DA:44,4
DA:45,4
DA:46,1
DA:47,3
DA:48,2
DA:50,1
DA:54,4
DA:55,4
DA:56,0
DA:60,4
DA:67,4
DA:74,0
DA:79,2
DA:80,2
DA:82,2
DA:84,2
DA:86,1
DA:88,1
DA:93,2
DA:94,2
DA:96,2
DA:98,1
DA:102,1
DA:104,1
DA:109,3
DA:110,3
DA:111,3
DA:113,3
DA:115,2
DA:124,2
DA:126,1
DA:130,2
DA:135,2
DA:136,2
DA:138,2
DA:144,2
DA:146,1
DA:150,1
DA:155,1
LF:57
LH:55
BRDA:13,0,0,1
BRDA:13,0,1,3
BRDA:13,1,0,4
BRDA:13,1,1,4
BRDA:13,1,2,3
BRDA:18,2,0,1
BRDA:18,2,1,3
BRDA:28,3,0,3
BRDA:28,3,1,1
BRDA:28,4,0,4
BRDA:28,4,1,2
BRDA:45,5,0,1
BRDA:45,5,1,3
BRDA:45,6,0,4
BRDA:45,6,1,3
BRDA:47,7,0,2
BRDA:47,7,1,1
BRDA:47,8,0,3
BRDA:47,8,1,2
BRDA:55,9,0,0
BRDA:55,9,1,4
BRDA:84,10,0,1
BRDA:84,10,1,1
BRDA:96,11,0,1
BRDA:96,11,1,1
BRDA:113,12,0,1
BRDA:113,12,1,2
BRDA:124,13,0,1
BRDA:124,13,1,1
BRDA:144,14,0,1
BRDA:144,14,1,1
BRF:31
BRH:30
end_of_record
TN:
SF:controllers/certificateController.js
FN:7,(anonymous_0)
FN:76,(anonymous_1)
FNF:2
FNH:2
FNDA:3,(anonymous_0)
FNDA:2,(anonymous_1)
DA:1,1
DA:2,1
DA:8,3
DA:9,3
DA:11,3
DA:14,3
DA:15,3
DA:16,2
DA:20,3
DA:21,3
DA:23,3
DA:24,2
DA:26,1
DA:29,3
DA:32,3
DA:37,3
DA:39,3
DA:40,3
DA:41,1
DA:42,2
DA:43,1
DA:45,1
DA:49,3
DA:50,3
DA:51,0
DA:55,3
DA:63,3
DA:70,0
DA:77,2
DA:78,2
DA:79,2
DA:103,2
DA:104,1
DA:107,1
DA:109,1
DA:114,1
LF:36
LH:34
BRDA:15,0,0,2
BRDA:15,0,1,1
BRDA:15,1,0,3
BRDA:15,1,1,1
BRDA:15,1,2,1
BRDA:23,2,0,2
BRDA:23,2,1,1
BRDA:23,3,0,3
BRDA:23,3,1,3
BRDA:40,4,0,1
BRDA:40,4,1,2
BRDA:40,5,0,3
BRDA:40,5,1,2
BRDA:42,6,0,1
BRDA:42,6,1,1
BRDA:42,7,0,2
BRDA:42,7,1,1
BRDA:50,8,0,0
BRDA:50,8,1,3
BRDA:103,9,0,1
BRDA:103,9,1,1
BRF:21
BRH:20
end_of_record
TN:
SF:controllers/examController.js
FN:17,(anonymous_0)
FN:119,(anonymous_1)
FN:150,(anonymous_2)
FN:210,(anonymous_3)
FN:236,(anonymous_4)
FN:267,(anonymous_5)
FN:285,(anonymous_6)
FNF:7
FNH:7
FNDA:2,(anonymous_0)
FNDA:9,(anonymous_1)
FNDA:9,(anonymous_2)
FNDA:2,(anonymous_3)
FNDA:3,(anonymous_4)
FNDA:2,(anonymous_5)
FNDA:1,(anonymous_6)
DA:1,1
DA:12,1
DA:18,2
DA:20,2
DA:22,2
DA:25,2
DA:26,2
DA:27,1
DA:31,2
DA:32,2
DA:34,2
DA:35,1
DA:37,1
DA:40,2
DA:41,1
DA:43,1
DA:46,2
DA:49,2
DA:50,1
DA:52,1
DA:56,2
DA:57,2
DA:63,2
DA:68,2
DA:70,2
DA:71,2
DA:72,0
DA:73,2
DA:74,1
DA:76,1
DA:80,2
DA:81,2
DA:82,0
DA:86,2
DA:106,2
DA:113,0
DA:120,9
DA:128,9
DA:130,9
DA:131,2
DA:132,7
DA:133,7
DA:142,1
DA:144,8
DA:151,9
DA:152,9
DA:155,9
DA:159,9
DA:160,1
DA:170,8
DA:172,8
DA:173,1
DA:175,7
DA:176,7
DA:177,2
DA:179,5
DA:180,5
DA:182,3
DA:198,1
DA:200,1
DA:204,8
DA:211,2
DA:212,2
DA:213,2
DA:214,2
DA:216,1
DA:217,1
DA:219,1
DA:226,1
DA:230,1
DA:237,3
DA:238,3
DA:240,3
DA:244,3
DA:245,1
DA:249,2
DA:255,2
DA:257,1
DA:261,2
DA:268,2
DA:269,2
DA:271,2
DA:275,2
DA:277,1
DA:279,1
DA:286,1
DA:288,1
DA:290,1
DA:292,1
DA:294,1
DA:296,1
DA:303,0
DA:307,1
LF:93
LH:89
BRDA:26,0,0,1
BRDA:26,0,1,1
BRDA:26,1,0,2
BRDA:26,1,1,2
BRDA:26,1,2,2
BRDA:34,2,0,1
BRDA:34,2,1,1
BRDA:34,3,0,2
BRDA:34,3,1,2
BRDA:40,4,0,1
BRDA:40,4,1,1
BRDA:40,5,0,2
BRDA:40,5,1,2
BRDA:49,6,0,1
BRDA:49,6,1,1
BRDA:49,7,0,2
BRDA:49,7,1,2
BRDA:56,8,0,2
BRDA:56,8,1,0
BRDA:71,9,0,0
BRDA:71,9,1,2
BRDA:71,10,0,2
BRDA:71,10,1,2
BRDA:73,11,0,1
BRDA:73,11,1,1
BRDA:73,12,0,2
BRDA:73,12,1,1
BRDA:81,13,0,0
BRDA:81,13,1,2
BRDA:130,14,0,2
BRDA:130,14,1,7
BRDA:130,15,0,9
BRDA:130,15,1,8
BRDA:132,16,0,0
BRDA:132,16,1,7
BRDA:132,17,0,7
BRDA:132,17,1,7
BRDA:159,18,0,1
BRDA:159,18,1,8
BRDA:172,19,0,1
BRDA:172,19,1,7
BRDA:172,20,0,8
BRDA:172,20,1,1
BRDA:172,20,2,1
BRDA:172,20,3,1
BRDA:172,20,4,1
BRDA:175,21,0,7
BRDA:175,21,1,0
BRDA:176,22,0,2
BRDA:176,22,1,5
BRDA:176,23,0,7
BRDA:176,23,1,6
BRDA:179,24,0,5
BRDA:179,24,1,0
BRDA:180,25,0,2
BRDA:180,25,1,3
BRDA:180,26,0,5
BRDA:180,26,1,4
BRDA:198,27,0,0
BRDA:198,27,1,1
BRDA:214,28,0,1
BRDA:214,28,1,1
BRDA:217,29,0,0
BRDA:217,29,1,1
BRDA:227,30,0,1
BRDA:227,30,1,0
BRDA:244,31,0,1
BRDA:244,31,1,2
BRDA:255,32,0,1
BRDA:255,32,1,1
BRDA:275,33,0,1
BRDA:275,33,1,1
BRF:72
BRH:63
end_of_record
TN:
SF:controllers/examUserController.js
FN:20,(anonymous_0)
FN:114,(anonymous_1)
FN:147,(anonymous_2)
FN:326,(anonymous_3)
FN:465,(anonymous_4)
FN:625,(anonymous_5)
FNF:6
FNH:6
FNDA:9,(anonymous_0)
FNDA:4,(anonymous_1)
FNDA:3,(anonymous_2)
FNDA:2,(anonymous_3)
FNDA:9,(anonymous_4)
FNDA:2,(anonymous_5)
DA:1,1
DA:15,1
DA:21,9
DA:22,9
DA:23,9
DA:24,9
DA:27,9
DA:32,9
DA:33,1
DA:37,8
DA:46,8
DA:47,1
DA:51,7
DA:53,7
DA:54,7
DA:57,6
DA:65,6
DA:69,5
DA:77,5
DA:78,1
DA:82,4
DA:96,4
DA:97,4
DA:100,4
DA:112,4
DA:113,4
DA:114,4
DA:115,4
DA:120,4
DA:125,4
DA:129,4
DA:131,4
DA:140,5
DA:141,5
DA:148,3
DA:149,3
DA:150,3
DA:152,3
DA:153,3
DA:210,3
DA:212,2
DA:214,2
DA:216,1
DA:223,1
DA:231,1
DA:235,1
DA:248,1
DA:250,1
DA:252,1
DA:259,1
DA:260,0
DA:261,0
DA:265,1
DA:268,1
DA:276,1
DA:277,1
DA:280,1
DA:284,1
DA:285,1
DA:286,3
DA:288,1
DA:290,1
DA:291,1
DA:293,1
DA:306,1
DA:309,1
DA:314,1
DA:317,1
DA:320,1
DA:327,2
DA:328,2
DA:329,2
DA:330,2
DA:332,2
DA:335,2
DA:344,2
DA:345,0
DA:348,2
DA:356,2
DA:361,2
DA:375,2
DA:377,2
DA:380,2
DA:381,1
DA:387,1
DA:388,1
DA:389,1
DA:394,2
DA:397,2
DA:405,2
DA:406,2
DA:409,2
DA:411,2
DA:412,2
DA:413,6
DA:415,2
DA:417,2
DA:418,2
DA:420,2
DA:433,2
DA:434,0
DA:437,2
DA:441,2
DA:451,2
DA:453,2
DA:458,0
DA:459,0
DA:466,9
DA:467,9
DA:468,9
DA:469,9
DA:472,9
DA:479,9
DA:481,8
DA:483,8
DA:484,1
DA:489,1
DA:492,1
DA:496,7
DA:505,7
DA:506,2
DA:510,5
DA:518,5
DA:521,4
DA:530,4
DA:541,4
DA:543,1
DA:552,1
DA:553,0
DA:566,1
DA:569,3
DA:570,1
DA:584,3
DA:600,3
DA:601,2
DA:614,3
DA:619,5
DA:626,2
DA:627,2
DA:628,2
DA:630,2
DA:660,2
DA:662,1
DA:664,1
DA:669,1
LF:145
LH:138
BRDA:32,0,0,1
BRDA:32,0,1,8
BRDA:46,1,0,1
BRDA:46,1,1,7
BRDA:46,2,0,8
BRDA:46,2,1,8
BRDA:53,3,0,0
BRDA:53,3,1,7
BRDA:54,4,0,1
BRDA:54,4,1,6
BRDA:65,5,0,1
BRDA:65,5,1,5
BRDA:77,6,0,1
BRDA:77,6,1,4
BRDA:210,7,0,2
BRDA:210,7,1,1
BRDA:214,8,0,1
BRDA:214,8,1,1
BRDA:248,9,0,1
BRDA:248,9,1,0
BRDA:259,10,0,0
BRDA:259,10,1,1
BRDA:260,11,0,0
BRDA:260,11,1,0
BRDA:344,12,0,0
BRDA:344,12,1,2
BRDA:375,13,0,2
BRDA:375,13,1,0
BRDA:380,14,0,1
BRDA:380,14,1,1
BRDA:387,15,0,1
BRDA:387,15,1,0
BRDA:388,16,0,1
BRDA:388,16,1,0
BRDA:433,17,0,0
BRDA:433,17,1,2
BRDA:479,18,0,8
BRDA:479,18,1,1
BRDA:483,19,0,1
BRDA:483,19,1,7
BRDA:505,20,0,2
BRDA:505,20,1,5
BRDA:518,21,0,1
BRDA:518,21,1,4
BRDA:541,22,0,1
BRDA:541,22,1,3
BRDA:552,23,0,0
BRDA:552,23,1,1
BRDA:569,24,0,1
BRDA:569,24,1,2
BRDA:600,25,0,2
BRDA:600,25,1,1
BRDA:660,26,0,1
BRDA:660,26,1,1
BRF:54
BRH:43
end_of_record
TN:
SF:controllers/gradeController.js
FN:13,(anonymous_0)
FN:35,(anonymous_1)
FN:97,(anonymous_2)
FNF:3
FNH:3
FNDA:2,(anonymous_0)
FNDA:1,(anonymous_1)
FNDA:2,(anonymous_2)
DA:9,1
DA:14,2
DA:15,2
DA:17,2
DA:26,2
DA:28,1
DA:30,1
DA:36,1
DA:37,1
DA:38,1
DA:67,1
DA:69,0
DA:98,2
DA:99,2
DA:100,2
DA:101,2
DA:104,2
DA:129,2
DA:130,1
DA:135,1
DA:138,1
DA:139,1
DA:140,1
DA:144,1
DA:145,1
DA:147,1
DA:148,1
DA:150,0
DA:153,1
DA:156,1
DA:161,1
DA:163,1
DA:164,1
DA:165,0
DA:166,1
DA:167,1
DA:169,0
DA:173,1
DA:174,1
DA:175,0
DA:179,1
DA:200,1
DA:212,1
DA:217,1
LF:44
LH:39
BRDA:26,0,0,1
BRDA:26,0,1,1
BRDA:129,1,0,1
BRDA:129,1,1,1
BRDA:139,2,0,1
BRDA:139,2,1,0
BRDA:139,3,0,1
BRDA:139,3,1,0
BRDA:147,4,0,1
BRDA:147,4,1,0
BRDA:147,5,0,1
BRDA:147,5,1,0
BRDA:164,6,0,0
BRDA:164,6,1,1
BRDA:164,7,0,1
BRDA:164,7,1,1
BRDA:166,8,0,1
BRDA:166,8,1,0
BRDA:166,9,0,1
BRDA:166,9,1,1
BRDA:174,10,0,0
BRDA:174,10,1,1
BRF:22
BRH:15
end_of_record
TN:
SF:controllers/index.js
FNF:0
FNH:0
DA:1,1
DA:2,1
DA:3,1
DA:4,1
DA:6,1
LF:5
LH:5
BRF:0
BRH:0
end_of_record
TN:
SF:controllers/organizationController.js
FN:7,(anonymous_0)
FN:88,(anonymous_1)
FN:109,(anonymous_2)
FN:130,(anonymous_3)
FN:162,(anonymous_4)
FNF:5
FNH:5
FNDA:2,(anonymous_0)
FNDA:2,(anonymous_1)
FNDA:2,(anonymous_2)
FNDA:2,(anonymous_3)
FNDA:6,(anonymous_4)
DA:1,1
DA:2,1
DA:8,2
DA:9,2
DA:11,2
DA:14,2
DA:15,2
DA:16,2
DA:20,2
DA:21,0
DA:27,2
DA:28,2
DA:30,2
DA:31,2
DA:33,0
DA:36,2
DA:37,2
DA:39,0
DA:42,2
DA:45,2
DA:50,2
DA:52,2
DA:53,2
DA:54,0
DA:55,2
DA:56,2
DA:58,0
DA:62,2
DA:63,2
DA:64,0
DA:68,2
DA:75,2
DA:82,0
DA:89,2
DA:90,2
DA:91,2
DA:97,2
DA:98,1
DA:101,1
DA:103,1
DA:110,2
DA:111,2
DA:112,2
DA:118,2
DA:120,1
DA:124,1
DA:131,2
DA:132,2
DA:133,2
DA:135,2
DA:136,1
DA:138,1
DA:154,1
DA:158,1
DA:163,6
DA:164,6
DA:166,6
DA:167,5
DA:169,1
DA:178,1
DA:180,5
DA:185,1
LF:62
LH:55
BRDA:15,0,0,2
BRDA:15,0,1,0
BRDA:15,1,0,2
BRDA:15,1,1,0
BRDA:15,1,2,0
BRDA:20,2,0,0
BRDA:20,2,1,2
BRDA:30,3,0,2
BRDA:30,3,1,0
BRDA:30,4,0,2
BRDA:30,4,1,0
BRDA:36,5,0,2
BRDA:36,5,1,0
BRDA:36,6,0,2
BRDA:36,6,1,0
BRDA:53,7,0,0
BRDA:53,7,1,2
BRDA:53,8,0,2
BRDA:53,8,1,2
BRDA:55,9,0,2
BRDA:55,9,1,0
BRDA:55,10,0,2
BRDA:55,10,1,2
BRDA:63,11,0,0
BRDA:63,11,1,2
BRDA:97,12,0,1
BRDA:97,12,1,1
BRDA:118,13,0,1
BRDA:118,13,1,1
BRDA:135,14,0,1
BRDA:135,14,1,1
BRDA:135,15,0,2
BRDA:135,15,1,1
BRDA:135,15,2,1
BRDA:135,15,3,1
BRDA:135,15,4,1
BRDA:135,15,5,1
BRDA:166,16,0,5
BRDA:166,16,1,1
BRDA:166,17,0,6
BRDA:166,17,1,5
BRDA:166,17,2,4
BRDA:166,17,3,3
BRDA:166,17,4,2
BRDA:175,18,0,1
BRDA:175,18,1,0
BRF:46
BRH:34
end_of_record
TN:
SF:controllers/paymentController.js
FN:6,(anonymous_0)
FN:86,(anonymous_1)
FNF:2
FNH:2
FNDA:2,(anonymous_0)
FNDA:3,(anonymous_1)
DA:1,1
DA:2,1
DA:3,1
DA:7,2
DA:8,2
DA:9,2
DA:11,2
DA:13,2
DA:14,0
DA:17,2
DA:18,2
DA:20,2
DA:21,0
DA:22,0
DA:23,2
DA:24,1
DA:25,1
DA:26,1
DA:27,0
DA:28,0
DA:30,1
DA:33,1
DA:40,1
DA:41,1
DA:43,1
DA:50,1
DA:51,1
DA:53,1
DA:64,1
DA:65,0
DA:68,1
DA:77,1
DA:82,1
DA:87,3
DA:88,3
DA:90,3
DA:91,3
DA:92,3
DA:93,3
DA:100,3
DA:101,0
DA:122,3
DA:126,1
DA:142,1
DA:146,1
DA:147,0
DA:149,1
DA:152,1
DA:155,1
DA:157,1
DA:169,1
DA:172,2
DA:177,1
DA:188,1
DA:191,1
DA:192,1
DA:197,0
DA:202,1
LF:58
LH:49
BRDA:13,0,0,0
BRDA:13,0,1,2
BRDA:20,1,0,0
BRDA:20,1,1,2
BRDA:23,2,0,1
BRDA:23,2,1,1
BRDA:26,3,0,0
BRDA:26,3,1,1
BRDA:64,4,0,0
BRDA:64,4,1,1
BRDA:100,5,0,0
BRDA:100,5,1,3
BRDA:122,6,0,1
BRDA:122,6,1,2
BRDA:123,7,0,3
BRDA:123,7,1,2
BRDA:146,8,0,0
BRDA:146,8,1,1
BRDA:172,9,0,1
BRDA:172,9,1,1
BRDA:173,10,0,2
BRDA:173,10,1,1
BRDA:173,10,2,1
BRDA:191,11,0,1
BRDA:191,11,1,0
BRF:25
BRH:18
end_of_record
TN:
SF:controllers/questionController.js
FN:7,(anonymous_0)
FN:97,(anonymous_1)
FN:117,(anonymous_2)
FN:140,(anonymous_3)
FN:161,(anonymous_4)
FNF:5
FNH:5
FNDA:1,(anonymous_0)
FNDA:5,(anonymous_1)
FNDA:3,(anonymous_2)
FNDA:2,(anonymous_3)
FNDA:2,(anonymous_4)
DA:1,1
DA:2,1
DA:8,1
DA:9,1
DA:11,1
DA:14,1
DA:15,1
DA:16,1
DA:20,1
DA:21,1
DA:23,1
DA:24,1
DA:26,0
DA:29,1
DA:32,1
DA:33,0
DA:35,1
DA:39,1
DA:40,1
DA:46,1
DA:51,1
DA:53,1
DA:54,1
DA:55,1
DA:56,0
DA:57,0
DA:59,0
DA:63,1
DA:64,1
DA:65,1
DA:69,1
DA:84,1
DA:91,0
DA:98,5
DA:99,5
DA:100,5
DA:102,5
DA:103,1
DA:106,4
DA:116,2
DA:117,2
DA:118,3
DA:119,1
DA:122,2
DA:125,1
DA:129,1
DA:131,1
DA:133,4
DA:134,4
DA:141,2
DA:142,2
DA:143,2
DA:149,2
DA:151,1
DA:155,1
DA:162,2
DA:163,2
DA:164,2
DA:175,2
DA:177,1
DA:179,1
DA:265,1
LF:62
LH:56
BRDA:15,0,0,1
BRDA:15,0,1,0
BRDA:15,1,0,1
BRDA:15,1,1,0
BRDA:15,1,2,0
BRDA:23,2,0,1
BRDA:23,2,1,0
BRDA:23,3,0,1
BRDA:23,3,1,0
BRDA:32,4,0,0
BRDA:32,4,1,1
BRDA:32,5,0,1
BRDA:32,5,1,1
BRDA:39,6,0,1
BRDA:39,6,1,0
BRDA:54,7,0,1
BRDA:54,7,1,0
BRDA:54,8,0,1
BRDA:54,8,1,1
BRDA:56,9,0,0
BRDA:56,9,1,0
BRDA:56,10,0,0
BRDA:56,10,1,0
BRDA:64,11,0,1
BRDA:64,11,1,0
BRDA:102,12,0,1
BRDA:102,12,1,4
BRDA:102,13,0,5
BRDA:102,13,1,5
BRDA:118,14,0,1
BRDA:118,14,1,2
BRDA:149,15,0,1
BRDA:149,15,1,1
BRDA:175,16,0,1
BRDA:175,16,1,1
BRF:35
BRH:22
end_of_record
TN:
SF:controllers/scheduleController.js
FN:18,(anonymous_0)
FN:58,(anonymous_1)
FN:80,(anonymous_2)
FN:132,(anonymous_3)
FN:150,(anonymous_4)
FNF:5
FNH:5
FNDA:4,(anonymous_0)
FNDA:2,(anonymous_1)
FNDA:4,(anonymous_2)
FNDA:1,(anonymous_3)
FNDA:2,(anonymous_4)
DA:1,1
DA:15,1
DA:19,4
DA:20,4
DA:22,4
DA:28,4
DA:29,4
DA:30,4
DA:32,4
DA:33,1
DA:34,3
DA:35,1
DA:36,2
DA:37,1
DA:40,1
DA:41,0
DA:44,1
DA:50,1
DA:54,3
DA:59,2
DA:60,2
DA:62,2
DA:68,2
DA:69,1
DA:72,1
DA:76,1
DA:81,4
DA:82,4
DA:83,4
DA:85,4
DA:91,4
DA:92,4
DA:93,4
DA:95,4
DA:96,1
DA:97,3
DA:98,1
DA:99,2
DA:100,1
DA:103,1
DA:104,0
DA:107,1
DA:120,1
DA:121,0
DA:124,1
DA:128,3
DA:133,1
DA:134,1
DA:144,1
DA:146,0
DA:151,2
DA:152,2
DA:154,2
DA:164,2
DA:165,1
DA:168,1
DA:170,1
DA:175,1
LF:58
LH:54
BRDA:32,0,0,1
BRDA:32,0,1,3
BRDA:32,1,0,4
BRDA:32,1,1,3
BRDA:34,2,0,1
BRDA:34,2,1,2
BRDA:36,3,0,1
BRDA:36,3,1,1
BRDA:40,4,0,0
BRDA:40,4,1,1
BRDA:68,5,0,1
BRDA:68,5,1,1
BRDA:95,6,0,1
BRDA:95,6,1,3
BRDA:95,7,0,4
BRDA:95,7,1,3
BRDA:97,8,0,1
BRDA:97,8,1,2
BRDA:99,9,0,1
BRDA:99,9,1,1
BRDA:103,10,0,0
BRDA:103,10,1,1
BRDA:120,11,0,0
BRDA:120,11,1,1
BRDA:164,12,0,1
BRDA:164,12,1,1
BRF:26
BRH:23
end_of_record
TN:
SF:controllers/userControllers.js
FN:9,(anonymous_0)
FN:93,(anonymous_1)
FN:117,(anonymous_2)
FN:138,(anonymous_3)
FN:157,(anonymous_4)
FNF:5
FNH:5
FNDA:1,(anonymous_0)
FNDA:2,(anonymous_1)
FNDA:2,(anonymous_2)
FNDA:1,(anonymous_3)
FNDA:4,(anonymous_4)
DA:1,1
DA:2,1
DA:3,1
DA:4,1
DA:10,1
DA:11,1
DA:13,1
DA:16,1
DA:17,1
DA:18,1
DA:22,1
DA:23,0
DA:29,1
DA:30,1
DA:32,1
DA:33,1
DA:35,0
DA:38,1
DA:39,1
DA:41,0
DA:44,1
DA:47,1
DA:52,1
DA:54,1
DA:55,1
DA:56,0
DA:57,1
DA:58,1
DA:60,0
DA:64,1
DA:65,1
DA:66,0
DA:70,1
DA:80,1
DA:87,0
DA:94,2
DA:95,2
DA:96,2
DA:105,2
DA:106,1
DA:109,1
DA:111,1
DA:118,2
DA:119,2
DA:120,2
DA:126,2
DA:128,1
DA:132,1
DA:139,1
DA:140,1
DA:141,1
DA:149,1
DA:151,0
DA:158,4
DA:159,4
DA:169,4
DA:171,4
DA:180,1
DA:182,3
DA:183,3
DA:184,2
DA:185,2
DA:189,2
DA:192,1
DA:210,1
DA:214,3
DA:250,1
LF:67
LH:59
BRDA:17,0,0,1
BRDA:17,0,1,0
BRDA:17,1,0,1
BRDA:17,1,1,0
BRDA:17,1,2,0
BRDA:22,2,0,0
BRDA:22,2,1,1
BRDA:32,3,0,1
BRDA:32,3,1,0
BRDA:32,4,0,1
BRDA:32,4,1,0
BRDA:38,5,0,1
BRDA:38,5,1,0
BRDA:38,6,0,1
BRDA:38,6,1,0
BRDA:55,7,0,0
BRDA:55,7,1,1
BRDA:55,8,0,1
BRDA:55,8,1,1
BRDA:57,9,0,1
BRDA:57,9,1,0
BRDA:57,10,0,1
BRDA:57,10,1,1
BRDA:65,11,0,0
BRDA:65,11,1,1
BRDA:105,12,0,1
BRDA:105,12,1,1
BRDA:126,13,0,1
BRDA:126,13,1,1
BRDA:171,14,0,1
BRDA:171,14,1,3
BRDA:172,15,0,4
BRDA:172,15,1,1
BRDA:172,15,2,1
BRDA:172,15,3,1
BRDA:172,15,4,1
BRDA:172,15,5,1
BRDA:172,15,6,1
BRDA:182,16,0,3
BRDA:182,16,1,0
BRDA:183,17,0,1
BRDA:183,17,1,2
BRDA:189,18,0,1
BRDA:189,18,1,1
BRF:44
BRH:32
end_of_record
TN:
SF:helpers/bcrypt.js
FN:4,(anonymous_0)
FN:8,(anonymous_1)
FNF:2
FNH:2
FNDA:4,(anonymous_0)
FNDA:6,(anonymous_1)
DA:1,1
DA:2,1
DA:4,1
DA:5,4
DA:8,1
DA:9,6
DA:12,1
LF:7
LH:7
BRF:0
BRH:0
end_of_record
TN:
SF:helpers/cloudinary.js
FNF:0
FNH:0
DA:1,1
DA:4,1
DA:11,1
LF:3
LH:3
BRF:0
BRH:0
end_of_record
TN:
SF:helpers/generator.js
FN:3,(anonymous_0)
FN:10,(anonymous_1)
FNF:2
FNH:2
FNDA:7,(anonymous_0)
FNDA:7,(anonymous_1)
DA:1,1
DA:3,1
DA:4,7
DA:10,1
DA:12,7
DA:17,7
DA:18,6
DA:20,7
DA:22,7
DA:25,1
LF:10
LH:10
BRDA:17,0,0,1
BRDA:17,0,1,6
BRF:2
BRH:2
end_of_record
TN:
SF:helpers/index.js
FNF:0
FNH:0
DA:1,1
DA:2,1
DA:3,1
DA:5,1
LF:4
LH:4
BRF:0
BRH:0
end_of_record
TN:
SF:helpers/jwt.js
FN:4,(anonymous_0)
FN:8,(anonymous_1)
FNF:2
FNH:2
FNDA:2,(anonymous_0)
FNDA:124,(anonymous_1)
DA:1,1
DA:2,1
DA:4,1
DA:5,2
DA:8,1
DA:9,124
DA:12,1
LF:7
LH:7
BRF:0
BRH:0
end_of_record
TN:
SF:helpers/multer.js
FNF:0
FNH:0
DA:1,1
DA:3,1
LF:2
LH:2
BRF:0
BRH:0
end_of_record
TN:
SF:helpers/sendEmailConfirmation.js
FN:2,(anonymous_0)
FN:18,(anonymous_1)
FNF:2
FNH:2
FNDA:1,(anonymous_0)
FNDA:1,(anonymous_1)
DA:1,1
DA:2,1
DA:3,1
DA:11,1
DA:18,1
DA:19,1
DA:20,0
DA:22,1
DA:27,1
LF:9
LH:8
BRDA:19,0,0,0
BRDA:19,0,1,1
BRF:2
BRH:1
end_of_record
TN:
SF:lib/destroyTables.js
FN:12,(anonymous_0)
FN:20,(anonymous_1)
FN:28,(anonymous_2)
FN:36,(anonymous_3)
FN:44,(anonymous_4)
FN:52,(anonymous_5)
FN:60,(anonymous_6)
FNF:7
FNH:7
FNDA:1,(anonymous_0)
FNDA:1,(anonymous_1)
FNDA:5,(anonymous_2)
FNDA:1,(anonymous_3)
FNDA:1,(anonymous_4)
FNDA:1,(anonymous_5)
FNDA:1,(anonymous_6)
DA:1,1
DA:10,1
DA:12,1
DA:13,1
DA:20,1
DA:21,1
DA:28,1
DA:29,5
DA:36,1
DA:37,1
DA:44,1
DA:45,1
DA:52,1
DA:53,1
DA:60,1
DA:61,1
DA:68,1
LF:17
LH:17
BRF:0
BRH:0
end_of_record
TN:
SF:lib/userInit.js
FN:4,(anonymous_0)
FN:12,(anonymous_1)
FN:25,(anonymous_2)
FN:30,(anonymous_3)
FN:58,(anonymous_4)
FNF:5
FNH:5
FNDA:1,(anonymous_0)
FNDA:1,(anonymous_1)
FNDA:1,(anonymous_2)
FNDA:3,(anonymous_3)
FNDA:2,(anonymous_4)
DA:1,1
DA:2,1
DA:4,1
DA:5,1
DA:12,1
DA:13,1
DA:25,1
DA:26,1
DA:27,1
DA:30,1
DA:31,3
DA:42,3
DA:44,3
DA:55,3
DA:58,1
DA:59,2
DA:71,2
DA:74,1
LF:18
LH:18
BRF:0
BRH:0
end_of_record
TN:
SF:middlewares/authentication.js
FN:4,(anonymous_0)
FNF:1
FNH:1
FNDA:127,(anonymous_0)
DA:1,1
DA:2,1
DA:4,1
DA:5,127
DA:6,127
DA:7,127
DA:9,124
DA:10,123
DA:12,123
DA:13,123
DA:14,123
DA:15,123
DA:17,4
DA:21,1
LF:14
LH:14
BRDA:7,0,0,3
BRDA:7,0,1,124
BRDA:12,1,0,0
BRDA:12,1,1,123
BRDA:13,2,0,0
BRDA:13,2,1,123
BRF:6
BRH:4
end_of_record
TN:
SF:middlewares/authorization.js
FN:3,(anonymous_0)
FNF:1
FNH:1
FNDA:79,(anonymous_0)
DA:1,1
DA:3,1
DA:4,79
DA:5,79
DA:6,79
DA:7,79
DA:8,79
DA:10,0
DA:14,1
LF:9
LH:8
BRDA:7,0,0,0
BRDA:7,0,1,79
BRDA:7,1,0,79
BRDA:7,1,1,79
BRF:4
BRH:3
end_of_record
TN:
SF:middlewares/errorHandler.js
FN:1,(anonymous_0)
FNF:1
FNH:1
FNDA:85,(anonymous_0)
DA:1,1
DA:2,85
DA:3,85
DA:6,85
DA:10,12
DA:11,12
DA:14,85
DA:15,4
DA:16,4
DA:17,4
DA:19,0
DA:20,0
DA:24,85
DA:25,1
DA:26,1
DA:29,85
DA:30,23
DA:31,23
DA:34,85
DA:35,2
DA:36,2
DA:39,85
DA:40,1
DA:41,1
DA:44,85
DA:45,1
DA:46,1
DA:49,85
DA:50,4
DA:51,4
DA:54,85
DA:55,1
DA:56,1
DA:59,85
DA:60,1
DA:61,1
DA:64,85
DA:65,4
DA:66,4
DA:69,85
DA:70,4
DA:71,4
DA:74,85
DA:75,2
DA:76,2
DA:79,85
DA:80,1
DA:81,1
DA:84,85
DA:85,1
DA:86,1
DA:89,85
DA:90,1
DA:91,1
DA:94,85
DA:95,1
DA:96,1
DA:99,85
DA:100,1
DA:101,1
DA:104,85
DA:105,1
DA:106,1
DA:119,85
DA:120,4
DA:121,4
DA:124,85
DA:125,2
DA:126,2
DA:129,85
DA:130,1
DA:131,1
DA:134,85
DA:135,1
DA:136,1
DA:139,85
DA:140,10
DA:141,10
DA:144,85
DA:145,0
DA:146,0
DA:149,85
DA:150,1
DA:151,1
DA:154,85
DA:159,1
LF:86
LH:82
BRDA:6,0,0,12
BRDA:6,0,1,73
BRDA:7,1,0,85
BRDA:7,1,1,74
BRDA:14,2,0,4
BRDA:14,2,1,81
BRDA:15,3,0,4
BRDA:15,3,1,0
BRDA:24,4,0,1
BRDA:24,4,1,84
BRDA:29,5,0,23
BRDA:29,5,1,62
BRDA:34,6,0,2
BRDA:34,6,1,83
BRDA:39,7,0,1
BRDA:39,7,1,84
BRDA:44,8,0,1
BRDA:44,8,1,84
BRDA:49,9,0,4
BRDA:49,9,1,81
BRDA:49,10,0,85
BRDA:49,10,1,82
BRDA:54,11,0,1
BRDA:54,11,1,84
BRDA:59,12,0,1
BRDA:59,12,1,84
BRDA:64,13,0,4
BRDA:64,13,1,81
BRDA:69,14,0,4
BRDA:69,14,1,81
BRDA:74,15,0,2
BRDA:74,15,1,83
BRDA:79,16,0,1
BRDA:79,16,1,84
BRDA:84,17,0,1
BRDA:84,17,1,84
BRDA:89,18,0,1
BRDA:89,18,1,84
BRDA:94,19,0,1
BRDA:94,19,1,84
BRDA:99,20,0,1
BRDA:99,20,1,84
BRDA:104,21,0,1
BRDA:104,21,1,84
BRDA:119,22,0,4
BRDA:119,22,1,81
BRDA:124,23,0,2
BRDA:124,23,1,83
BRDA:129,24,0,1
BRDA:129,24,1,84
BRDA:134,25,0,1
BRDA:134,25,1,84
BRDA:139,26,0,10
BRDA:139,26,1,75
BRDA:144,27,0,0
BRDA:144,27,1,85
BRDA:149,28,0,1
BRDA:149,28,1,84
BRF:58
BRH:56
end_of_record
TN:
SF:middlewares/index.js
FNF:0
FNH:0
DA:1,1
DA:2,1
DA:3,1
DA:5,1
LF:4
LH:4
BRF:0
BRH:0
end_of_record
TN:
SF:models/answer.js
FN:3,(anonymous_0)
FN:10,(anonymous_1)
FNF:2
FNH:2
FNDA:1,(anonymous_0)
FNDA:1,(anonymous_1)
DA:2,1
DA:3,1
DA:12,1
DA:13,1
DA:16,1
DA:50,1
LF:6
LH:6
BRF:0
BRH:0
end_of_record
TN:
SF:models/category.js
FN:3,(anonymous_0)
FN:10,(anonymous_1)
FNF:2
FNH:2
FNDA:1,(anonymous_0)
FNDA:1,(anonymous_1)
DA:2,1
DA:3,1
DA:12,1
DA:13,1
DA:16,1
DA:39,1
LF:6
LH:6
BRF:0
BRH:0
end_of_record
TN:
SF:models/certificate.js
FN:3,(anonymous_0)
FN:10,(anonymous_1)
FNF:2
FNH:2
FNDA:1,(anonymous_0)
FNDA:1,(anonymous_1)
DA:2,1
DA:3,1
DA:12,1
DA:13,1
DA:14,1
DA:17,1
DA:91,1
LF:7
LH:7
BRF:0
BRH:0
end_of_record
TN:
SF:models/exam.js
FN:3,(anonymous_0)
FN:10,(anonymous_1)
FNF:2
FNH:2
FNDA:1,(anonymous_0)
FNDA:1,(anonymous_1)
DA:2,1
DA:3,1
DA:12,1
DA:13,1
DA:14,1
DA:15,1
DA:16,1
DA:17,1
DA:18,1
DA:21,1
DA:91,1
LF:11
LH:11
BRF:0
BRH:0
end_of_record
TN:
SF:models/examschedule.js
FN:3,(anonymous_0)
FN:10,(anonymous_1)
FNF:2
FNH:2
FNDA:1,(anonymous_0)
FNDA:1,(anonymous_1)
DA:2,1
DA:3,1
DA:12,1
DA:15,1
DA:60,1
LF:5
LH:5
BRF:0
BRH:0
end_of_record
TN:
SF:models/grade.js
FN:3,(anonymous_0)
FN:10,(anonymous_1)
FNF:2
FNH:2
FNDA:1,(anonymous_0)
FNDA:1,(anonymous_1)
DA:2,1
DA:3,1
DA:12,1
DA:13,1
DA:14,1
DA:17,1
DA:30,1
LF:7
LH:7
BRF:0
BRH:0
end_of_record
TN:
SF:models/index.js
FN:21,(anonymous_0)
FN:29,(anonymous_1)
FN:34,(anonymous_2)
FNF:3
FNH:3
FNDA:14,(anonymous_0)
FNDA:13,(anonymous_1)
FNDA:13,(anonymous_2)
DA:3,1
DA:4,1
DA:5,1
DA:6,1
DA:7,1
DA:8,1
DA:9,1
DA:10,1
DA:13,1
DA:14,0
DA:16,1
DA:19,1
DA:22,14
DA:30,13
DA:31,13
DA:34,1
DA:35,13
DA:36,13
DA:40,1
DA:41,1
DA:43,1
LF:21
LH:20
BRDA:8,0,0,1
BRDA:8,0,1,0
BRDA:13,1,0,0
BRDA:13,1,1,1
BRDA:23,2,0,14
BRDA:23,2,1,14
BRDA:23,2,2,13
BRDA:23,2,3,13
BRDA:35,3,0,13
BRDA:35,3,1,0
BRF:10
BRH:7
end_of_record
TN:
SF:models/organization.js
FN:3,(anonymous_0)
FN:10,(anonymous_1)
FNF:2
FNH:2
FNDA:1,(anonymous_0)
FNDA:1,(anonymous_1)
DA:2,1
DA:3,1
DA:12,1
DA:15,1
DA:69,1
LF:5
LH:5
BRF:0
BRH:0
end_of_record
TN:
SF:models/question.js
FN:3,(anonymous_0)
FN:10,(anonymous_1)
FNF:2
FNH:2
FNDA:1,(anonymous_0)
FNDA:1,(anonymous_1)
DA:2,1
DA:3,1
DA:12,1
DA:13,1
DA:14,1
DA:15,1
DA:18,1
DA:50,1
LF:8
LH:8
BRF:0
BRH:0
end_of_record
TN:
SF:models/questiongroup.js
FN:3,(anonymous_0)
FN:10,(anonymous_1)
FNF:2
FNH:2
FNDA:1,(anonymous_0)
FNDA:1,(anonymous_1)
DA:2,1
DA:3,1
DA:12,1
DA:13,1
DA:16,1
DA:27,1
LF:6
LH:6
BRF:0
BRH:0
end_of_record
TN:
SF:models/session.js
FN:5,(anonymous_0)
FN:12,(anonymous_1)
FNF:2
FNH:2
FNDA:1,(anonymous_0)
FNDA:1,(anonymous_1)
DA:4,1
DA:5,1
DA:14,1
DA:15,1
DA:16,1
DA:19,1
DA:27,1
LF:7
LH:7
BRF:0
BRH:0
end_of_record
TN:
SF:models/transaction.js
FN:3,(anonymous_0)
FN:10,(anonymous_1)
FNF:2
FNH:2
FNDA:1,(anonymous_0)
FNDA:1,(anonymous_1)
DA:2,1
DA:3,1
DA:12,1
DA:15,1
DA:30,1
LF:5
LH:5
BRF:0
BRH:0
end_of_record
TN:
SF:models/user.js
FN:4,(anonymous_0)
FN:11,(anonymous_1)
FN:85,(anonymous_2)
FNF:3
FNH:3
FNDA:1,(anonymous_0)
FNDA:1,(anonymous_1)
FNDA:4,(anonymous_2)
DA:2,1
DA:3,1
DA:4,1
DA:13,1
DA:14,1
DA:15,1
DA:16,1
DA:17,1
DA:20,1
DA:85,1
DA:86,4
DA:88,1
LF:12
LH:12
BRF:0
BRH:0
end_of_record
TN:
SF:models/useranswer.js
FN:3,(anonymous_0)
FN:10,(anonymous_1)
FNF:2
FNH:2
FNDA:1,(anonymous_0)
FNDA:1,(anonymous_1)
DA:2,1
DA:3,1
DA:12,1
DA:13,1
DA:14,1
DA:15,1
DA:18,1
DA:31,1
LF:8
LH:8
BRF:0
BRH:0
end_of_record
TN:
SF:routers/category.js
FNF:0
FNH:0
DA:1,1
DA:2,1
DA:3,1
DA:4,1
DA:6,1
DA:8,1
DA:9,1
DA:10,1
DA:11,1
DA:12,1
DA:14,1
LF:11
LH:11
BRF:0
BRH:0
end_of_record
TN:
SF:routers/certificates.js
FNF:0
FNH:0
DA:1,1
DA:2,1
DA:3,1
DA:5,1
DA:7,1
DA:8,1
DA:10,1
LF:7
LH:7
BRF:0
BRH:0
end_of_record
TN:
SF:routers/exams.js
FNF:0
FNH:0
DA:1,1
DA:2,1
DA:3,1
DA:4,1
DA:5,1
DA:7,1
DA:9,1
DA:10,1
DA:11,1
DA:17,1
DA:18,1
DA:19,1
DA:21,1
DA:22,1
DA:24,1
DA:25,1
DA:26,1
DA:28,1
LF:18
LH:18
BRF:0
BRH:0
end_of_record
TN:
SF:routers/examschedule.js
FNF:0
FNH:0
DA:1,1
DA:2,1
DA:3,1
DA:4,1
DA:6,1
DA:8,1
DA:9,1
DA:10,1
DA:11,1
DA:12,1
DA:14,1
LF:11
LH:11
BRF:0
BRH:0
end_of_record
TN:
SF:routers/grades.js
FNF:0
FNH:0
DA:1,1
DA:2,1
DA:3,1
DA:4,1
DA:6,1
DA:8,1
DA:9,1
DA:10,1
DA:12,1
LF:9
LH:9
BRF:0
BRH:0
end_of_record
TN:
SF:routers/index.js
FNF:0
FNH:0
DA:1,1
DA:2,1
DA:3,1
DA:4,1
DA:5,1
DA:6,1
DA:7,1
DA:8,1
DA:9,1
DA:10,1
DA:11,1
DA:12,1
DA:13,1
DA:14,1
DA:16,1
DA:17,1
DA:18,1
DA:20,1
DA:21,1
DA:22,1
DA:23,1
DA:24,1
DA:25,1
DA:26,1
DA:27,1
DA:28,1
DA:29,1
DA:31,1
LF:28
LH:28
BRF:0
BRH:0
end_of_record
TN:
SF:routers/organizations.js
FNF:0
FNH:0
DA:1,1
DA:2,1
DA:3,1
DA:5,1
DA:7,1
DA:8,1
DA:10,1
DA:11,1
DA:12,1
DA:13,1
DA:14,1
DA:16,1
LF:12
LH:12
BRF:0
BRH:0
end_of_record
TN:
SF:routers/payment.js
FNF:0
FNH:0
DA:1,1
DA:2,1
DA:3,1
DA:5,1
DA:7,1
DA:8,1
DA:10,1
LF:7
LH:7
BRF:0
BRH:0
end_of_record
TN:
SF:routers/questions.js
FNF:0
FNH:0
DA:1,1
DA:2,1
DA:3,1
DA:4,1
DA:6,1
DA:7,1
DA:9,1
DA:10,1
DA:11,1
DA:12,1
DA:14,1
LF:11
LH:11
BRF:0
BRH:0
end_of_record
TN:
SF:routers/user.js
FNF:0
FNH:0
DA:1,1
DA:2,1
DA:3,1
DA:4,1
DA:5,1
DA:14,1
DA:15,1
DA:18,1
DA:19,1
DA:20,1
DA:22,1
LF:11
LH:11
BRF:0
BRH:0
end_of_record
