{"/home/christian/MEGA/Phase 3/Project/backend/app.js": {"path":"/home/christian/MEGA/Phase 3/Project/backend/app.js","statementMap":{"0":{"start":{"line":1,"column":0},"end":{"line":3,"column":1}},"1":{"start":{"line":2,"column":2},"end":{"line":2,"column":29}},"2":{"start":{"line":5,"column":13},"end":{"line":5,"column":28}},"3":{"start":{"line":6,"column":16},"end":{"line":6,"column":34}},"4":{"start":{"line":7,"column":12},"end":{"line":7,"column":21}},"5":{"start":{"line":8,"column":15},"end":{"line":8,"column":35}},"6":{"start":{"line":9,"column":25},"end":{"line":9,"column":49}},"7":{"start":{"line":11,"column":0},"end":{"line":11,"column":16}},"8":{"start":{"line":12,"column":0},"end":{"line":12,"column":48}},"9":{"start":{"line":13,"column":0},"end":{"line":13,"column":24}},"10":{"start":{"line":15,"column":0},"end":{"line":15,"column":16}},"11":{"start":{"line":17,"column":0},"end":{"line":17,"column":22}},"12":{"start":{"line":19,"column":0},"end":{"line":19,"column":21}}},"fnMap":{},"branchMap":{"0":{"loc":{"start":{"line":1,"column":0},"end":{"line":3,"column":1}},"type":"if","locations":[{"start":{"line":1,"column":0},"end":{"line":3,"column":1}},{"start":{},"end":{}}],"line":1}},"s":{"0":1,"1":1,"2":1,"3":1,"4":1,"5":1,"6":1,"7":1,"8":1,"9":1,"10":1,"11":1,"12":1},"f":{},"b":{"0":[1,0]},"_coverageSchema":"1a1c01bbd47fc00a2c39e90264f33305004495a9","hash":"26cccd47ef31a6c58f4b6d68815d9d711c99cb93"}
,"/home/christian/MEGA/Phase 3/Project/backend/controllers/authController.js": {"path":"/home/christian/MEGA/Phase 3/Project/backend/controllers/authController.js","statementMap":{"0":{"start":{"line":6,"column":4},"end":{"line":6,"column":25}},"1":{"start":{"line":7,"column":17},"end":{"line":7,"column":37}},"2":{"start":{"line":8,"column":30},"end":{"line":8,"column":73}},"3":{"start":{"line":14,"column":4},"end":{"line":37,"column":5}},"4":{"start":{"line":15,"column":40},"end":{"line":15,"column":48}},"5":{"start":{"line":17,"column":26},"end":{"line":27,"column":8}},"6":{"start":{"line":29,"column":6},"end":{"line":29,"column":69}},"7":{"start":{"line":31,"column":6},"end":{"line":34,"column":9}},"8":{"start":{"line":36,"column":6},"end":{"line":36,"column":16}},"9":{"start":{"line":43,"column":4},"end":{"line":78,"column":5}},"10":{"start":{"line":47,"column":6},"end":{"line":55,"column":7}},"11":{"start":{"line":48,"column":8},"end":{"line":48,"column":34}},"12":{"start":{"line":49,"column":8},"end":{"line":49,"column":31}},"13":{"start":{"line":50,"column":13},"end":{"line":55,"column":7}},"14":{"start":{"line":51,"column":8},"end":{"line":51,"column":35}},"15":{"start":{"line":52,"column":8},"end":{"line":52,"column":32}},"16":{"start":{"line":54,"column":8},"end":{"line":54,"column":40}},"17":{"start":{"line":57,"column":27},"end":{"line":68,"column":7}},"18":{"start":{"line":70,"column":6},"end":{"line":70,"column":71}},"19":{"start":{"line":70,"column":29},"end":{"line":70,"column":71}},"20":{"start":{"line":72,"column":6},"end":{"line":75,"column":9}},"21":{"start":{"line":77,"column":6},"end":{"line":77,"column":16}},"22":{"start":{"line":84,"column":4},"end":{"line":134,"column":5}},"23":{"start":{"line":85,"column":34},"end":{"line":85,"column":42}},"24":{"start":{"line":86,"column":6},"end":{"line":86,"column":50}},"25":{"start":{"line":86,"column":18},"end":{"line":86,"column":50}},"26":{"start":{"line":87,"column":6},"end":{"line":87,"column":56}},"27":{"start":{"line":87,"column":21},"end":{"line":87,"column":56}},"28":{"start":{"line":88,"column":19},"end":{"line":92,"column":8}},"29":{"start":{"line":93,"column":6},"end":{"line":93,"column":48}},"30":{"start":{"line":93,"column":17},"end":{"line":93,"column":48}},"31":{"start":{"line":94,"column":30},"end":{"line":94,"column":70}},"32":{"start":{"line":95,"column":6},"end":{"line":95,"column":59}},"33":{"start":{"line":95,"column":28},"end":{"line":95,"column":59}},"34":{"start":{"line":96,"column":6},"end":{"line":96,"column":64}},"35":{"start":{"line":96,"column":33},"end":{"line":96,"column":64}},"36":{"start":{"line":99,"column":18},"end":{"line":99,"column":28}},"37":{"start":{"line":101,"column":26},"end":{"line":101,"column":40}},"38":{"start":{"line":103,"column":6},"end":{"line":117,"column":7}},"39":{"start":{"line":104,"column":30},"end":{"line":113,"column":9}},"40":{"start":{"line":114,"column":8},"end":{"line":114,"column":30}},"41":{"start":{"line":116,"column":8},"end":{"line":116,"column":29}},"42":{"start":{"line":119,"column":27},"end":{"line":124,"column":8}},"43":{"start":{"line":125,"column":6},"end":{"line":131,"column":9}},"44":{"start":{"line":133,"column":6},"end":{"line":133,"column":16}},"45":{"start":{"line":138,"column":0},"end":{"line":138,"column":32}}},"fnMap":{"0":{"name":"(anonymous_0)","decl":{"start":{"line":13,"column":2},"end":{"line":13,"column":3}},"loc":{"start":{"line":13,"column":40},"end":{"line":38,"column":3}},"line":13},"1":{"name":"(anonymous_1)","decl":{"start":{"line":42,"column":2},"end":{"line":42,"column":3}},"loc":{"start":{"line":42,"column":44},"end":{"line":79,"column":3}},"line":42},"2":{"name":"(anonymous_2)","decl":{"start":{"line":83,"column":2},"end":{"line":83,"column":3}},"loc":{"start":{"line":83,"column":37},"end":{"line":135,"column":3}},"line":83}},"branchMap":{"0":{"loc":{"start":{"line":47,"column":6},"end":{"line":55,"column":7}},"type":"if","locations":[{"start":{"line":47,"column":6},"end":{"line":55,"column":7}},{"start":{"line":50,"column":13},"end":{"line":55,"column":7}}],"line":47},"1":{"loc":{"start":{"line":50,"column":13},"end":{"line":55,"column":7}},"type":"if","locations":[{"start":{"line":50,"column":13},"end":{"line":55,"column":7}},{"start":{"line":53,"column":13},"end":{"line":55,"column":7}}],"line":50},"2":{"loc":{"start":{"line":70,"column":6},"end":{"line":70,"column":71}},"type":"if","locations":[{"start":{"line":70,"column":6},"end":{"line":70,"column":71}},{"start":{},"end":{}}],"line":70},"3":{"loc":{"start":{"line":86,"column":6},"end":{"line":86,"column":50}},"type":"if","locations":[{"start":{"line":86,"column":6},"end":{"line":86,"column":50}},{"start":{},"end":{}}],"line":86},"4":{"loc":{"start":{"line":87,"column":6},"end":{"line":87,"column":56}},"type":"if","locations":[{"start":{"line":87,"column":6},"end":{"line":87,"column":56}},{"start":{},"end":{}}],"line":87},"5":{"loc":{"start":{"line":93,"column":6},"end":{"line":93,"column":48}},"type":"if","locations":[{"start":{"line":93,"column":6},"end":{"line":93,"column":48}},{"start":{},"end":{}}],"line":93},"6":{"loc":{"start":{"line":95,"column":6},"end":{"line":95,"column":59}},"type":"if","locations":[{"start":{"line":95,"column":6},"end":{"line":95,"column":59}},{"start":{},"end":{}}],"line":95},"7":{"loc":{"start":{"line":96,"column":6},"end":{"line":96,"column":64}},"type":"if","locations":[{"start":{"line":96,"column":6},"end":{"line":96,"column":64}},{"start":{},"end":{}}],"line":96},"8":{"loc":{"start":{"line":103,"column":6},"end":{"line":117,"column":7}},"type":"if","locations":[{"start":{"line":103,"column":6},"end":{"line":117,"column":7}},{"start":{"line":115,"column":13},"end":{"line":117,"column":7}}],"line":103},"9":{"loc":{"start":{"line":103,"column":10},"end":{"line":103,"column":57}},"type":"binary-expr","locations":[{"start":{"line":103,"column":10},"end":{"line":103,"column":29}},{"start":{"line":103,"column":33},"end":{"line":103,"column":57}}],"line":103}},"s":{"0":1,"1":1,"2":1,"3":7,"4":7,"5":7,"6":1,"7":1,"8":6,"9":0,"10":0,"11":0,"12":0,"13":0,"14":0,"15":0,"16":0,"17":0,"18":0,"19":0,"20":0,"21":0,"22":3,"23":3,"24":3,"25":0,"26":3,"27":0,"28":3,"29":3,"30":1,"31":2,"32":2,"33":1,"34":1,"35":0,"36":1,"37":1,"38":1,"39":1,"40":1,"41":0,"42":1,"43":1,"44":2,"45":1},"f":{"0":7,"1":0,"2":3},"b":{"0":[0,0],"1":[0,0],"2":[0,0],"3":[0,3],"4":[0,3],"5":[1,2],"6":[1,1],"7":[0,1],"8":[1,0],"9":[1,0]},"_coverageSchema":"1a1c01bbd47fc00a2c39e90264f33305004495a9","hash":"eaff3461da8941a21689b0e42720e840a4b92889"}
,"/home/christian/MEGA/Phase 3/Project/backend/controllers/categoryController.js": {"path":"/home/christian/MEGA/Phase 3/Project/backend/controllers/categoryController.js","statementMap":{"0":{"start":{"line":1,"column":15},"end":{"line":1,"column":35}},"1":{"start":{"line":2,"column":21},"end":{"line":2,"column":41}},"2":{"start":{"line":6,"column":4},"end":{"line":83,"column":5}},"3":{"start":{"line":7,"column":53},"end":{"line":7,"column":62}},"4":{"start":{"line":9,"column":27},"end":{"line":9,"column":29}},"5":{"start":{"line":12,"column":23},"end":{"line":12,"column":37}},"6":{"start":{"line":13,"column":6},"end":{"line":15,"column":7}},"7":{"start":{"line":14,"column":8},"end":{"line":14,"column":24}},"8":{"start":{"line":18,"column":6},"end":{"line":22,"column":7}},"9":{"start":{"line":19,"column":8},"end":{"line":21,"column":10}},"10":{"start":{"line":25,"column":19},"end":{"line":25,"column":23}},"11":{"start":{"line":26,"column":22},"end":{"line":26,"column":27}},"12":{"start":{"line":28,"column":6},"end":{"line":32,"column":7}},"13":{"start":{"line":29,"column":8},"end":{"line":29,"column":27}},"14":{"start":{"line":31,"column":8},"end":{"line":31,"column":26}},"15":{"start":{"line":34,"column":21},"end":{"line":34,"column":50}},"16":{"start":{"line":36,"column":6},"end":{"line":36,"column":45}},"17":{"start":{"line":39,"column":30},"end":{"line":41,"column":8}},"18":{"start":{"line":43,"column":6},"end":{"line":43,"column":73}},"19":{"start":{"line":44,"column":6},"end":{"line":44,"column":55}},"20":{"start":{"line":47,"column":25},"end":{"line":47,"column":64}},"21":{"start":{"line":48,"column":6},"end":{"line":48,"column":49}},"22":{"start":{"line":50,"column":21},"end":{"line":50,"column":22}},"23":{"start":{"line":51,"column":6},"end":{"line":57,"column":7}},"24":{"start":{"line":52,"column":8},"end":{"line":52,"column":30}},"25":{"start":{"line":53,"column":13},"end":{"line":57,"column":7}},"26":{"start":{"line":54,"column":8},"end":{"line":54,"column":21}},"27":{"start":{"line":56,"column":8},"end":{"line":56,"column":25}},"28":{"start":{"line":59,"column":6},"end":{"line":59,"column":50}},"29":{"start":{"line":62,"column":24},"end":{"line":62,"column":52}},"30":{"start":{"line":63,"column":6},"end":{"line":65,"column":7}},"31":{"start":{"line":64,"column":8},"end":{"line":64,"column":24}},"32":{"start":{"line":68,"column":29},"end":{"line":73,"column":8}},"33":{"start":{"line":75,"column":6},"end":{"line":80,"column":9}},"34":{"start":{"line":82,"column":6},"end":{"line":82,"column":16}},"35":{"start":{"line":87,"column":4},"end":{"line":97,"column":5}},"36":{"start":{"line":88,"column":21},"end":{"line":88,"column":31}},"37":{"start":{"line":90,"column":19},"end":{"line":90,"column":46}},"38":{"start":{"line":92,"column":6},"end":{"line":92,"column":44}},"39":{"start":{"line":92,"column":17},"end":{"line":92,"column":44}},"40":{"start":{"line":94,"column":6},"end":{"line":94,"column":33}},"41":{"start":{"line":96,"column":6},"end":{"line":96,"column":16}},"42":{"start":{"line":101,"column":4},"end":{"line":113,"column":5}},"43":{"start":{"line":102,"column":23},"end":{"line":102,"column":31}},"44":{"start":{"line":104,"column":6},"end":{"line":104,"column":48}},"45":{"start":{"line":104,"column":17},"end":{"line":104,"column":48}},"46":{"start":{"line":106,"column":19},"end":{"line":108,"column":8}},"47":{"start":{"line":110,"column":6},"end":{"line":110,"column":33}},"48":{"start":{"line":112,"column":6},"end":{"line":112,"column":16}},"49":{"start":{"line":117,"column":4},"end":{"line":139,"column":5}},"50":{"start":{"line":118,"column":23},"end":{"line":118,"column":31}},"51":{"start":{"line":119,"column":21},"end":{"line":119,"column":31}},"52":{"start":{"line":121,"column":6},"end":{"line":121,"column":49}},"53":{"start":{"line":121,"column":17},"end":{"line":121,"column":49}},"54":{"start":{"line":123,"column":24},"end":{"line":130,"column":7}},"55":{"start":{"line":132,"column":6},"end":{"line":132,"column":53}},"56":{"start":{"line":132,"column":26},"end":{"line":132,"column":53}},"57":{"start":{"line":134,"column":6},"end":{"line":136,"column":9}},"58":{"start":{"line":138,"column":6},"end":{"line":138,"column":16}},"59":{"start":{"line":143,"column":4},"end":{"line":159,"column":5}},"60":{"start":{"line":144,"column":21},"end":{"line":144,"column":31}},"61":{"start":{"line":146,"column":26},"end":{"line":150,"column":8}},"62":{"start":{"line":152,"column":6},"end":{"line":152,"column":55}},"63":{"start":{"line":152,"column":28},"end":{"line":152,"column":55}},"64":{"start":{"line":154,"column":6},"end":{"line":156,"column":9}},"65":{"start":{"line":158,"column":6},"end":{"line":158,"column":16}},"66":{"start":{"line":163,"column":0},"end":{"line":163,"column":36}}},"fnMap":{"0":{"name":"(anonymous_0)","decl":{"start":{"line":5,"column":2},"end":{"line":5,"column":3}},"loc":{"start":{"line":5,"column":44},"end":{"line":84,"column":3}},"line":5},"1":{"name":"(anonymous_1)","decl":{"start":{"line":86,"column":2},"end":{"line":86,"column":3}},"loc":{"start":{"line":86,"column":47},"end":{"line":98,"column":3}},"line":86},"2":{"name":"(anonymous_2)","decl":{"start":{"line":100,"column":2},"end":{"line":100,"column":3}},"loc":{"start":{"line":100,"column":46},"end":{"line":114,"column":3}},"line":100},"3":{"name":"(anonymous_3)","decl":{"start":{"line":116,"column":2},"end":{"line":116,"column":3}},"loc":{"start":{"line":116,"column":44},"end":{"line":140,"column":3}},"line":116},"4":{"name":"(anonymous_4)","decl":{"start":{"line":142,"column":2},"end":{"line":142,"column":3}},"loc":{"start":{"line":142,"column":46},"end":{"line":160,"column":3}},"line":142}},"branchMap":{"0":{"loc":{"start":{"line":13,"column":6},"end":{"line":15,"column":7}},"type":"if","locations":[{"start":{"line":13,"column":6},"end":{"line":15,"column":7}},{"start":{},"end":{}}],"line":13},"1":{"loc":{"start":{"line":13,"column":10},"end":{"line":13,"column":69}},"type":"binary-expr","locations":[{"start":{"line":13,"column":10},"end":{"line":13,"column":24}},{"start":{"line":13,"column":28},"end":{"line":13,"column":48}},{"start":{"line":13,"column":52},"end":{"line":13,"column":69}}],"line":13},"2":{"loc":{"start":{"line":18,"column":6},"end":{"line":22,"column":7}},"type":"if","locations":[{"start":{"line":18,"column":6},"end":{"line":22,"column":7}},{"start":{},"end":{}}],"line":18},"3":{"loc":{"start":{"line":28,"column":6},"end":{"line":32,"column":7}},"type":"if","locations":[{"start":{"line":28,"column":6},"end":{"line":32,"column":7}},{"start":{"line":30,"column":13},"end":{"line":32,"column":7}}],"line":28},"4":{"loc":{"start":{"line":28,"column":10},"end":{"line":28,"column":43}},"type":"binary-expr","locations":[{"start":{"line":28,"column":10},"end":{"line":28,"column":20}},{"start":{"line":28,"column":24},"end":{"line":28,"column":43}}],"line":28},"5":{"loc":{"start":{"line":51,"column":6},"end":{"line":57,"column":7}},"type":"if","locations":[{"start":{"line":51,"column":6},"end":{"line":57,"column":7}},{"start":{"line":53,"column":13},"end":{"line":57,"column":7}}],"line":51},"6":{"loc":{"start":{"line":51,"column":10},"end":{"line":51,"column":47}},"type":"binary-expr","locations":[{"start":{"line":51,"column":10},"end":{"line":51,"column":27}},{"start":{"line":51,"column":31},"end":{"line":51,"column":47}}],"line":51},"7":{"loc":{"start":{"line":53,"column":13},"end":{"line":57,"column":7}},"type":"if","locations":[{"start":{"line":53,"column":13},"end":{"line":57,"column":7}},{"start":{"line":55,"column":13},"end":{"line":57,"column":7}}],"line":53},"8":{"loc":{"start":{"line":53,"column":17},"end":{"line":53,"column":40}},"type":"binary-expr","locations":[{"start":{"line":53,"column":17},"end":{"line":53,"column":25}},{"start":{"line":53,"column":29},"end":{"line":53,"column":40}}],"line":53},"9":{"loc":{"start":{"line":63,"column":6},"end":{"line":65,"column":7}},"type":"if","locations":[{"start":{"line":63,"column":6},"end":{"line":65,"column":7}},{"start":{},"end":{}}],"line":63},"10":{"loc":{"start":{"line":92,"column":6},"end":{"line":92,"column":44}},"type":"if","locations":[{"start":{"line":92,"column":6},"end":{"line":92,"column":44}},{"start":{},"end":{}}],"line":92},"11":{"loc":{"start":{"line":104,"column":6},"end":{"line":104,"column":48}},"type":"if","locations":[{"start":{"line":104,"column":6},"end":{"line":104,"column":48}},{"start":{},"end":{}}],"line":104},"12":{"loc":{"start":{"line":121,"column":6},"end":{"line":121,"column":49}},"type":"if","locations":[{"start":{"line":121,"column":6},"end":{"line":121,"column":49}},{"start":{},"end":{}}],"line":121},"13":{"loc":{"start":{"line":132,"column":6},"end":{"line":132,"column":53}},"type":"if","locations":[{"start":{"line":132,"column":6},"end":{"line":132,"column":53}},{"start":{},"end":{}}],"line":132},"14":{"loc":{"start":{"line":152,"column":6},"end":{"line":152,"column":55}},"type":"if","locations":[{"start":{"line":152,"column":6},"end":{"line":152,"column":55}},{"start":{},"end":{}}],"line":152}},"s":{"0":1,"1":1,"2":1,"3":1,"4":1,"5":1,"6":1,"7":1,"8":1,"9":0,"10":1,"11":1,"12":1,"13":1,"14":0,"15":1,"16":1,"17":1,"18":1,"19":1,"20":1,"21":1,"22":1,"23":1,"24":0,"25":1,"26":1,"27":0,"28":1,"29":1,"30":1,"31":0,"32":1,"33":1,"34":0,"35":1,"36":1,"37":1,"38":1,"39":0,"40":1,"41":0,"42":1,"43":1,"44":1,"45":0,"46":1,"47":1,"48":0,"49":1,"50":1,"51":1,"52":1,"53":0,"54":1,"55":1,"56":0,"57":1,"58":0,"59":0,"60":0,"61":0,"62":0,"63":0,"64":0,"65":0,"66":1},"f":{"0":1,"1":1,"2":1,"3":1,"4":0},"b":{"0":[1,0],"1":[1,0,0],"2":[0,1],"3":[1,0],"4":[1,0],"5":[0,1],"6":[1,1],"7":[1,0],"8":[1,1],"9":[0,1],"10":[0,1],"11":[0,1],"12":[0,1],"13":[0,1],"14":[0,0]},"_coverageSchema":"1a1c01bbd47fc00a2c39e90264f33305004495a9","hash":"cb96b507538bc595fd6124a74d55966879cdd0ab"}
,"/home/christian/MEGA/Phase 3/Project/backend/controllers/certificateController.js": {"path":"/home/christian/MEGA/Phase 3/Project/backend/controllers/certificateController.js","statementMap":{"0":{"start":{"line":1,"column":15},"end":{"line":1,"column":35}},"1":{"start":{"line":2,"column":57},"end":{"line":2,"column":77}},"2":{"start":{"line":8,"column":4},"end":{"line":84,"column":5}},"3":{"start":{"line":9,"column":59},"end":{"line":9,"column":68}},"4":{"start":{"line":11,"column":27},"end":{"line":11,"column":29}},"5":{"start":{"line":14,"column":23},"end":{"line":14,"column":37}},"6":{"start":{"line":15,"column":6},"end":{"line":17,"column":7}},"7":{"start":{"line":16,"column":8},"end":{"line":16,"column":24}},"8":{"start":{"line":20,"column":19},"end":{"line":20,"column":23}},"9":{"start":{"line":21,"column":22},"end":{"line":21,"column":27}},"10":{"start":{"line":23,"column":6},"end":{"line":27,"column":7}},"11":{"start":{"line":24,"column":8},"end":{"line":24,"column":22}},"12":{"start":{"line":26,"column":8},"end":{"line":26,"column":24}},"13":{"start":{"line":29,"column":6},"end":{"line":33,"column":7}},"14":{"start":{"line":30,"column":8},"end":{"line":30,"column":27}},"15":{"start":{"line":32,"column":8},"end":{"line":32,"column":26}},"16":{"start":{"line":35,"column":21},"end":{"line":35,"column":50}},"17":{"start":{"line":37,"column":6},"end":{"line":37,"column":45}},"18":{"start":{"line":40,"column":31},"end":{"line":42,"column":8}},"19":{"start":{"line":44,"column":6},"end":{"line":44,"column":76}},"20":{"start":{"line":45,"column":6},"end":{"line":45,"column":55}},"21":{"start":{"line":48,"column":25},"end":{"line":48,"column":65}},"22":{"start":{"line":49,"column":6},"end":{"line":49,"column":49}},"23":{"start":{"line":51,"column":21},"end":{"line":51,"column":22}},"24":{"start":{"line":52,"column":6},"end":{"line":58,"column":7}},"25":{"start":{"line":53,"column":8},"end":{"line":53,"column":30}},"26":{"start":{"line":54,"column":13},"end":{"line":58,"column":7}},"27":{"start":{"line":55,"column":8},"end":{"line":55,"column":21}},"28":{"start":{"line":57,"column":8},"end":{"line":57,"column":25}},"29":{"start":{"line":60,"column":6},"end":{"line":60,"column":50}},"30":{"start":{"line":63,"column":24},"end":{"line":63,"column":52}},"31":{"start":{"line":64,"column":6},"end":{"line":66,"column":7}},"32":{"start":{"line":65,"column":8},"end":{"line":65,"column":24}},"33":{"start":{"line":69,"column":30},"end":{"line":74,"column":8}},"34":{"start":{"line":76,"column":6},"end":{"line":81,"column":9}},"35":{"start":{"line":83,"column":6},"end":{"line":83,"column":16}},"36":{"start":{"line":90,"column":4},"end":{"line":118,"column":5}},"37":{"start":{"line":91,"column":23},"end":{"line":91,"column":33}},"38":{"start":{"line":92,"column":26},"end":{"line":114,"column":8}},"39":{"start":{"line":115,"column":6},"end":{"line":115,"column":40}},"40":{"start":{"line":117,"column":6},"end":{"line":117,"column":16}},"41":{"start":{"line":122,"column":0},"end":{"line":122,"column":39}}},"fnMap":{"0":{"name":"(anonymous_0)","decl":{"start":{"line":7,"column":2},"end":{"line":7,"column":3}},"loc":{"start":{"line":7,"column":47},"end":{"line":85,"column":3}},"line":7},"1":{"name":"(anonymous_1)","decl":{"start":{"line":89,"column":2},"end":{"line":89,"column":3}},"loc":{"start":{"line":89,"column":49},"end":{"line":119,"column":3}},"line":89}},"branchMap":{"0":{"loc":{"start":{"line":15,"column":6},"end":{"line":17,"column":7}},"type":"if","locations":[{"start":{"line":15,"column":6},"end":{"line":17,"column":7}},{"start":{},"end":{}}],"line":15},"1":{"loc":{"start":{"line":15,"column":10},"end":{"line":15,"column":69}},"type":"binary-expr","locations":[{"start":{"line":15,"column":10},"end":{"line":15,"column":24}},{"start":{"line":15,"column":28},"end":{"line":15,"column":48}},{"start":{"line":15,"column":52},"end":{"line":15,"column":69}}],"line":15},"2":{"loc":{"start":{"line":23,"column":6},"end":{"line":27,"column":7}},"type":"if","locations":[{"start":{"line":23,"column":6},"end":{"line":27,"column":7}},{"start":{"line":25,"column":13},"end":{"line":27,"column":7}}],"line":23},"3":{"loc":{"start":{"line":23,"column":10},"end":{"line":23,"column":38}},"type":"binary-expr","locations":[{"start":{"line":23,"column":10},"end":{"line":23,"column":17}},{"start":{"line":23,"column":21},"end":{"line":23,"column":38}}],"line":23},"4":{"loc":{"start":{"line":29,"column":6},"end":{"line":33,"column":7}},"type":"if","locations":[{"start":{"line":29,"column":6},"end":{"line":33,"column":7}},{"start":{"line":31,"column":13},"end":{"line":33,"column":7}}],"line":29},"5":{"loc":{"start":{"line":29,"column":10},"end":{"line":29,"column":43}},"type":"binary-expr","locations":[{"start":{"line":29,"column":10},"end":{"line":29,"column":20}},{"start":{"line":29,"column":24},"end":{"line":29,"column":43}}],"line":29},"6":{"loc":{"start":{"line":52,"column":6},"end":{"line":58,"column":7}},"type":"if","locations":[{"start":{"line":52,"column":6},"end":{"line":58,"column":7}},{"start":{"line":54,"column":13},"end":{"line":58,"column":7}}],"line":52},"7":{"loc":{"start":{"line":52,"column":10},"end":{"line":52,"column":47}},"type":"binary-expr","locations":[{"start":{"line":52,"column":10},"end":{"line":52,"column":27}},{"start":{"line":52,"column":31},"end":{"line":52,"column":47}}],"line":52},"8":{"loc":{"start":{"line":54,"column":13},"end":{"line":58,"column":7}},"type":"if","locations":[{"start":{"line":54,"column":13},"end":{"line":58,"column":7}},{"start":{"line":56,"column":13},"end":{"line":58,"column":7}}],"line":54},"9":{"loc":{"start":{"line":54,"column":17},"end":{"line":54,"column":40}},"type":"binary-expr","locations":[{"start":{"line":54,"column":17},"end":{"line":54,"column":25}},{"start":{"line":54,"column":29},"end":{"line":54,"column":40}}],"line":54},"10":{"loc":{"start":{"line":64,"column":6},"end":{"line":66,"column":7}},"type":"if","locations":[{"start":{"line":64,"column":6},"end":{"line":66,"column":7}},{"start":{},"end":{}}],"line":64}},"s":{"0":1,"1":1,"2":0,"3":0,"4":0,"5":0,"6":0,"7":0,"8":0,"9":0,"10":0,"11":0,"12":0,"13":0,"14":0,"15":0,"16":0,"17":0,"18":0,"19":0,"20":0,"21":0,"22":0,"23":0,"24":0,"25":0,"26":0,"27":0,"28":0,"29":0,"30":0,"31":0,"32":0,"33":0,"34":0,"35":0,"36":0,"37":0,"38":0,"39":0,"40":0,"41":1},"f":{"0":0,"1":0},"b":{"0":[0,0],"1":[0,0,0],"2":[0,0],"3":[0,0],"4":[0,0],"5":[0,0],"6":[0,0],"7":[0,0],"8":[0,0],"9":[0,0],"10":[0,0]},"_coverageSchema":"1a1c01bbd47fc00a2c39e90264f33305004495a9","hash":"16b63cb7fb0bc888519b64309a08daadeaf8f4da"}
,"/home/christian/MEGA/Phase 3/Project/backend/controllers/examController.js": {"path":"/home/christian/MEGA/Phase 3/Project/backend/controllers/examController.js","statementMap":{"0":{"start":{"line":1,"column":15},"end":{"line":1,"column":35}},"1":{"start":{"line":2,"column":43},"end":{"line":2,"column":63}},"2":{"start":{"line":8,"column":4},"end":{"line":107,"column":5}},"3":{"start":{"line":10,"column":8},"end":{"line":10,"column":17}},"4":{"start":{"line":12,"column":27},"end":{"line":12,"column":29}},"5":{"start":{"line":15,"column":23},"end":{"line":15,"column":37}},"6":{"start":{"line":16,"column":6},"end":{"line":18,"column":7}},"7":{"start":{"line":17,"column":8},"end":{"line":17,"column":24}},"8":{"start":{"line":21,"column":19},"end":{"line":21,"column":23}},"9":{"start":{"line":22,"column":22},"end":{"line":22,"column":27}},"10":{"start":{"line":24,"column":6},"end":{"line":28,"column":7}},"11":{"start":{"line":25,"column":8},"end":{"line":25,"column":22}},"12":{"start":{"line":27,"column":8},"end":{"line":27,"column":25}},"13":{"start":{"line":30,"column":6},"end":{"line":34,"column":7}},"14":{"start":{"line":31,"column":8},"end":{"line":31,"column":27}},"15":{"start":{"line":33,"column":8},"end":{"line":33,"column":26}},"16":{"start":{"line":36,"column":21},"end":{"line":36,"column":50}},"17":{"start":{"line":38,"column":6},"end":{"line":38,"column":45}},"18":{"start":{"line":39,"column":6},"end":{"line":39,"column":69}},"19":{"start":{"line":42,"column":6},"end":{"line":46,"column":7}},"20":{"start":{"line":43,"column":8},"end":{"line":43,"column":28}},"21":{"start":{"line":45,"column":8},"end":{"line":45,"column":48}},"22":{"start":{"line":49,"column":6},"end":{"line":53,"column":7}},"23":{"start":{"line":50,"column":8},"end":{"line":52,"column":10}},"24":{"start":{"line":55,"column":6},"end":{"line":55,"column":53}},"25":{"start":{"line":58,"column":24},"end":{"line":60,"column":8}},"26":{"start":{"line":62,"column":6},"end":{"line":62,"column":62}},"27":{"start":{"line":63,"column":6},"end":{"line":63,"column":55}},"28":{"start":{"line":66,"column":25},"end":{"line":66,"column":58}},"29":{"start":{"line":67,"column":6},"end":{"line":67,"column":49}},"30":{"start":{"line":69,"column":21},"end":{"line":69,"column":22}},"31":{"start":{"line":70,"column":6},"end":{"line":76,"column":7}},"32":{"start":{"line":71,"column":8},"end":{"line":71,"column":30}},"33":{"start":{"line":72,"column":13},"end":{"line":76,"column":7}},"34":{"start":{"line":73,"column":8},"end":{"line":73,"column":21}},"35":{"start":{"line":75,"column":8},"end":{"line":75,"column":25}},"36":{"start":{"line":78,"column":6},"end":{"line":78,"column":50}},"37":{"start":{"line":81,"column":24},"end":{"line":81,"column":52}},"38":{"start":{"line":82,"column":6},"end":{"line":84,"column":7}},"39":{"start":{"line":83,"column":8},"end":{"line":83,"column":24}},"40":{"start":{"line":87,"column":20},"end":{"line":97,"column":8}},"41":{"start":{"line":99,"column":6},"end":{"line":104,"column":9}},"42":{"start":{"line":106,"column":6},"end":{"line":106,"column":16}},"43":{"start":{"line":113,"column":4},"end":{"line":138,"column":5}},"44":{"start":{"line":121,"column":10},"end":{"line":121,"column":18}},"45":{"start":{"line":123,"column":6},"end":{"line":124,"column":43}},"46":{"start":{"line":124,"column":8},"end":{"line":124,"column":43}},"47":{"start":{"line":125,"column":6},"end":{"line":125,"column":76}},"48":{"start":{"line":125,"column":42},"end":{"line":125,"column":76}},"49":{"start":{"line":126,"column":19},"end":{"line":134,"column":8}},"50":{"start":{"line":135,"column":6},"end":{"line":135,"column":33}},"51":{"start":{"line":137,"column":6},"end":{"line":137,"column":16}},"52":{"start":{"line":144,"column":4},"end":{"line":198,"column":5}},"53":{"start":{"line":145,"column":21},"end":{"line":145,"column":31}},"54":{"start":{"line":148,"column":28},"end":{"line":150,"column":8}},"55":{"start":{"line":152,"column":6},"end":{"line":154,"column":7}},"56":{"start":{"line":153,"column":8},"end":{"line":153,"column":39}},"57":{"start":{"line":163,"column":10},"end":{"line":163,"column":18}},"58":{"start":{"line":165,"column":6},"end":{"line":166,"column":40}},"59":{"start":{"line":166,"column":8},"end":{"line":166,"column":40}},"60":{"start":{"line":168,"column":6},"end":{"line":171,"column":7}},"61":{"start":{"line":169,"column":8},"end":{"line":170,"column":45}},"62":{"start":{"line":170,"column":10},"end":{"line":170,"column":45}},"63":{"start":{"line":172,"column":6},"end":{"line":174,"column":7}},"64":{"start":{"line":173,"column":8},"end":{"line":173,"column":78}},"65":{"start":{"line":173,"column":44},"end":{"line":173,"column":78}},"66":{"start":{"line":175,"column":19},"end":{"line":189,"column":7}},"67":{"start":{"line":191,"column":6},"end":{"line":191,"column":51}},"68":{"start":{"line":191,"column":24},"end":{"line":191,"column":51}},"69":{"start":{"line":193,"column":6},"end":{"line":195,"column":9}},"70":{"start":{"line":197,"column":6},"end":{"line":197,"column":16}},"71":{"start":{"line":204,"column":4},"end":{"line":224,"column":5}},"72":{"start":{"line":205,"column":21},"end":{"line":205,"column":31}},"73":{"start":{"line":206,"column":19},"end":{"line":206,"column":42}},"74":{"start":{"line":207,"column":6},"end":{"line":207,"column":44}},"75":{"start":{"line":207,"column":17},"end":{"line":207,"column":44}},"76":{"start":{"line":209,"column":19},"end":{"line":209,"column":23}},"77":{"start":{"line":210,"column":6},"end":{"line":210,"column":47}},"78":{"start":{"line":210,"column":32},"end":{"line":210,"column":47}},"79":{"start":{"line":212,"column":6},"end":{"line":217,"column":8}},"80":{"start":{"line":219,"column":6},"end":{"line":221,"column":9}},"81":{"start":{"line":223,"column":6},"end":{"line":223,"column":16}},"82":{"start":{"line":230,"column":4},"end":{"line":255,"column":5}},"83":{"start":{"line":231,"column":21},"end":{"line":231,"column":31}},"84":{"start":{"line":233,"column":28},"end":{"line":235,"column":8}},"85":{"start":{"line":237,"column":6},"end":{"line":239,"column":7}},"86":{"start":{"line":238,"column":8},"end":{"line":238,"column":39}},"87":{"start":{"line":242,"column":19},"end":{"line":246,"column":8}},"88":{"start":{"line":248,"column":6},"end":{"line":248,"column":48}},"89":{"start":{"line":248,"column":21},"end":{"line":248,"column":48}},"90":{"start":{"line":250,"column":6},"end":{"line":252,"column":9}},"91":{"start":{"line":254,"column":6},"end":{"line":254,"column":16}},"92":{"start":{"line":261,"column":4},"end":{"line":272,"column":5}},"93":{"start":{"line":262,"column":21},"end":{"line":262,"column":31}},"94":{"start":{"line":263,"column":6},"end":{"line":263,"column":37}},"95":{"start":{"line":265,"column":20},"end":{"line":267,"column":8}},"96":{"start":{"line":268,"column":6},"end":{"line":268,"column":45}},"97":{"start":{"line":268,"column":18},"end":{"line":268,"column":45}},"98":{"start":{"line":269,"column":6},"end":{"line":269,"column":34}},"99":{"start":{"line":271,"column":6},"end":{"line":271,"column":16}},"100":{"start":{"line":275,"column":0},"end":{"line":275,"column":32}}},"fnMap":{"0":{"name":"(anonymous_0)","decl":{"start":{"line":7,"column":2},"end":{"line":7,"column":3}},"loc":{"start":{"line":7,"column":41},"end":{"line":108,"column":3}},"line":7},"1":{"name":"(anonymous_1)","decl":{"start":{"line":112,"column":2},"end":{"line":112,"column":3}},"loc":{"start":{"line":112,"column":38},"end":{"line":139,"column":3}},"line":112},"2":{"name":"(anonymous_2)","decl":{"start":{"line":143,"column":2},"end":{"line":143,"column":3}},"loc":{"start":{"line":143,"column":36},"end":{"line":199,"column":3}},"line":143},"3":{"name":"(anonymous_3)","decl":{"start":{"line":203,"column":2},"end":{"line":203,"column":3}},"loc":{"start":{"line":203,"column":48},"end":{"line":225,"column":3}},"line":203},"4":{"name":"(anonymous_4)","decl":{"start":{"line":229,"column":2},"end":{"line":229,"column":3}},"loc":{"start":{"line":229,"column":38},"end":{"line":256,"column":3}},"line":229},"5":{"name":"(anonymous_5)","decl":{"start":{"line":260,"column":2},"end":{"line":260,"column":3}},"loc":{"start":{"line":260,"column":42},"end":{"line":273,"column":3}},"line":260}},"branchMap":{"0":{"loc":{"start":{"line":16,"column":6},"end":{"line":18,"column":7}},"type":"if","locations":[{"start":{"line":16,"column":6},"end":{"line":18,"column":7}},{"start":{},"end":{}}],"line":16},"1":{"loc":{"start":{"line":16,"column":10},"end":{"line":16,"column":69}},"type":"binary-expr","locations":[{"start":{"line":16,"column":10},"end":{"line":16,"column":24}},{"start":{"line":16,"column":28},"end":{"line":16,"column":48}},{"start":{"line":16,"column":52},"end":{"line":16,"column":69}}],"line":16},"2":{"loc":{"start":{"line":24,"column":6},"end":{"line":28,"column":7}},"type":"if","locations":[{"start":{"line":24,"column":6},"end":{"line":28,"column":7}},{"start":{"line":26,"column":13},"end":{"line":28,"column":7}}],"line":24},"3":{"loc":{"start":{"line":24,"column":10},"end":{"line":24,"column":39}},"type":"binary-expr","locations":[{"start":{"line":24,"column":10},"end":{"line":24,"column":17}},{"start":{"line":24,"column":21},"end":{"line":24,"column":39}}],"line":24},"4":{"loc":{"start":{"line":30,"column":6},"end":{"line":34,"column":7}},"type":"if","locations":[{"start":{"line":30,"column":6},"end":{"line":34,"column":7}},{"start":{"line":32,"column":13},"end":{"line":34,"column":7}}],"line":30},"5":{"loc":{"start":{"line":30,"column":10},"end":{"line":30,"column":43}},"type":"binary-expr","locations":[{"start":{"line":30,"column":10},"end":{"line":30,"column":20}},{"start":{"line":30,"column":24},"end":{"line":30,"column":43}}],"line":30},"6":{"loc":{"start":{"line":42,"column":6},"end":{"line":46,"column":7}},"type":"if","locations":[{"start":{"line":42,"column":6},"end":{"line":46,"column":7}},{"start":{"line":44,"column":13},"end":{"line":46,"column":7}}],"line":42},"7":{"loc":{"start":{"line":42,"column":10},"end":{"line":42,"column":42}},"type":"binary-expr","locations":[{"start":{"line":42,"column":10},"end":{"line":42,"column":21}},{"start":{"line":42,"column":25},"end":{"line":42,"column":42}}],"line":42},"8":{"loc":{"start":{"line":49,"column":6},"end":{"line":53,"column":7}},"type":"if","locations":[{"start":{"line":49,"column":6},"end":{"line":53,"column":7}},{"start":{},"end":{}}],"line":49},"9":{"loc":{"start":{"line":70,"column":6},"end":{"line":76,"column":7}},"type":"if","locations":[{"start":{"line":70,"column":6},"end":{"line":76,"column":7}},{"start":{"line":72,"column":13},"end":{"line":76,"column":7}}],"line":70},"10":{"loc":{"start":{"line":70,"column":10},"end":{"line":70,"column":47}},"type":"binary-expr","locations":[{"start":{"line":70,"column":10},"end":{"line":70,"column":27}},{"start":{"line":70,"column":31},"end":{"line":70,"column":47}}],"line":70},"11":{"loc":{"start":{"line":72,"column":13},"end":{"line":76,"column":7}},"type":"if","locations":[{"start":{"line":72,"column":13},"end":{"line":76,"column":7}},{"start":{"line":74,"column":13},"end":{"line":76,"column":7}}],"line":72},"12":{"loc":{"start":{"line":72,"column":17},"end":{"line":72,"column":40}},"type":"binary-expr","locations":[{"start":{"line":72,"column":17},"end":{"line":72,"column":25}},{"start":{"line":72,"column":29},"end":{"line":72,"column":40}}],"line":72},"13":{"loc":{"start":{"line":82,"column":6},"end":{"line":84,"column":7}},"type":"if","locations":[{"start":{"line":82,"column":6},"end":{"line":84,"column":7}},{"start":{},"end":{}}],"line":82},"14":{"loc":{"start":{"line":123,"column":6},"end":{"line":124,"column":43}},"type":"if","locations":[{"start":{"line":123,"column":6},"end":{"line":124,"column":43}},{"start":{},"end":{}}],"line":123},"15":{"loc":{"start":{"line":123,"column":10},"end":{"line":123,"column":52}},"type":"binary-expr","locations":[{"start":{"line":123,"column":10},"end":{"line":123,"column":28}},{"start":{"line":123,"column":32},"end":{"line":123,"column":52}}],"line":123},"16":{"loc":{"start":{"line":125,"column":6},"end":{"line":125,"column":76}},"type":"if","locations":[{"start":{"line":125,"column":6},"end":{"line":125,"column":76}},{"start":{},"end":{}}],"line":125},"17":{"loc":{"start":{"line":125,"column":10},"end":{"line":125,"column":40}},"type":"binary-expr","locations":[{"start":{"line":125,"column":10},"end":{"line":125,"column":22}},{"start":{"line":125,"column":26},"end":{"line":125,"column":40}}],"line":125},"18":{"loc":{"start":{"line":152,"column":6},"end":{"line":154,"column":7}},"type":"if","locations":[{"start":{"line":152,"column":6},"end":{"line":154,"column":7}},{"start":{},"end":{}}],"line":152},"19":{"loc":{"start":{"line":165,"column":6},"end":{"line":166,"column":40}},"type":"if","locations":[{"start":{"line":165,"column":6},"end":{"line":166,"column":40}},{"start":{},"end":{}}],"line":165},"20":{"loc":{"start":{"line":165,"column":10},"end":{"line":165,"column":79}},"type":"binary-expr","locations":[{"start":{"line":165,"column":10},"end":{"line":165,"column":16}},{"start":{"line":165,"column":20},"end":{"line":165,"column":32}},{"start":{"line":165,"column":36},"end":{"line":165,"column":51}},{"start":{"line":165,"column":55},"end":{"line":165,"column":64}},{"start":{"line":165,"column":68},"end":{"line":165,"column":79}}],"line":165},"21":{"loc":{"start":{"line":168,"column":6},"end":{"line":171,"column":7}},"type":"if","locations":[{"start":{"line":168,"column":6},"end":{"line":171,"column":7}},{"start":{},"end":{}}],"line":168},"22":{"loc":{"start":{"line":169,"column":8},"end":{"line":170,"column":45}},"type":"if","locations":[{"start":{"line":169,"column":8},"end":{"line":170,"column":45}},{"start":{},"end":{}}],"line":169},"23":{"loc":{"start":{"line":169,"column":12},"end":{"line":169,"column":54}},"type":"binary-expr","locations":[{"start":{"line":169,"column":12},"end":{"line":169,"column":30}},{"start":{"line":169,"column":34},"end":{"line":169,"column":54}}],"line":169},"24":{"loc":{"start":{"line":172,"column":6},"end":{"line":174,"column":7}},"type":"if","locations":[{"start":{"line":172,"column":6},"end":{"line":174,"column":7}},{"start":{},"end":{}}],"line":172},"25":{"loc":{"start":{"line":173,"column":8},"end":{"line":173,"column":78}},"type":"if","locations":[{"start":{"line":173,"column":8},"end":{"line":173,"column":78}},{"start":{},"end":{}}],"line":173},"26":{"loc":{"start":{"line":173,"column":12},"end":{"line":173,"column":42}},"type":"binary-expr","locations":[{"start":{"line":173,"column":12},"end":{"line":173,"column":24}},{"start":{"line":173,"column":28},"end":{"line":173,"column":42}}],"line":173},"27":{"loc":{"start":{"line":191,"column":6},"end":{"line":191,"column":51}},"type":"if","locations":[{"start":{"line":191,"column":6},"end":{"line":191,"column":51}},{"start":{},"end":{}}],"line":191},"28":{"loc":{"start":{"line":207,"column":6},"end":{"line":207,"column":44}},"type":"if","locations":[{"start":{"line":207,"column":6},"end":{"line":207,"column":44}},{"start":{},"end":{}}],"line":207},"29":{"loc":{"start":{"line":210,"column":6},"end":{"line":210,"column":47}},"type":"if","locations":[{"start":{"line":210,"column":6},"end":{"line":210,"column":47}},{"start":{},"end":{}}],"line":210},"30":{"loc":{"start":{"line":220,"column":36},"end":{"line":220,"column":61}},"type":"cond-expr","locations":[{"start":{"line":220,"column":45},"end":{"line":220,"column":51}},{"start":{"line":220,"column":54},"end":{"line":220,"column":61}}],"line":220},"31":{"loc":{"start":{"line":237,"column":6},"end":{"line":239,"column":7}},"type":"if","locations":[{"start":{"line":237,"column":6},"end":{"line":239,"column":7}},{"start":{},"end":{}}],"line":237},"32":{"loc":{"start":{"line":248,"column":6},"end":{"line":248,"column":48}},"type":"if","locations":[{"start":{"line":248,"column":6},"end":{"line":248,"column":48}},{"start":{},"end":{}}],"line":248},"33":{"loc":{"start":{"line":268,"column":6},"end":{"line":268,"column":45}},"type":"if","locations":[{"start":{"line":268,"column":6},"end":{"line":268,"column":45}},{"start":{},"end":{}}],"line":268}},"s":{"0":1,"1":1,"2":1,"3":1,"4":1,"5":1,"6":1,"7":1,"8":1,"9":1,"10":1,"11":1,"12":0,"13":1,"14":1,"15":0,"16":1,"17":1,"18":1,"19":1,"20":1,"21":0,"22":1,"23":0,"24":1,"25":1,"26":1,"27":1,"28":1,"29":1,"30":1,"31":1,"32":0,"33":1,"34":1,"35":0,"36":1,"37":1,"38":1,"39":0,"40":1,"41":1,"42":0,"43":1,"44":1,"45":1,"46":0,"47":1,"48":0,"49":1,"50":1,"51":0,"52":1,"53":1,"54":1,"55":1,"56":0,"57":1,"58":1,"59":0,"60":1,"61":1,"62":0,"63":1,"64":1,"65":0,"66":1,"67":1,"68":0,"69":1,"70":0,"71":1,"72":1,"73":1,"74":1,"75":0,"76":1,"77":1,"78":0,"79":1,"80":1,"81":0,"82":0,"83":0,"84":0,"85":0,"86":0,"87":0,"88":0,"89":0,"90":0,"91":0,"92":0,"93":0,"94":0,"95":0,"96":0,"97":0,"98":0,"99":0,"100":1},"f":{"0":1,"1":1,"2":1,"3":1,"4":0,"5":0},"b":{"0":[1,0],"1":[1,0,0],"2":[1,0],"3":[1,0],"4":[1,0],"5":[1,0],"6":[1,0],"7":[1,0],"8":[0,1],"9":[0,1],"10":[1,1],"11":[1,0],"12":[1,1],"13":[0,1],"14":[0,1],"15":[1,1],"16":[0,1],"17":[1,1],"18":[0,1],"19":[0,1],"20":[1,0,0,0,0],"21":[1,0],"22":[0,1],"23":[1,1],"24":[1,0],"25":[0,1],"26":[1,1],"27":[0,1],"28":[0,1],"29":[0,1],"30":[1,0],"31":[0,0],"32":[0,0],"33":[0,0]},"_coverageSchema":"1a1c01bbd47fc00a2c39e90264f33305004495a9","hash":"6551ae558ea9395d7230918374530c9e460bc9ee"}
,"/home/christian/MEGA/Phase 3/Project/backend/controllers/examUserController.js": {"path":"/home/christian/MEGA/Phase 3/Project/backend/controllers/examUserController.js","statementMap":{"0":{"start":{"line":1,"column":22},"end":{"line":1,"column":42}},"1":{"start":{"line":14,"column":4},"end":{"line":14,"column":24}},"2":{"start":{"line":20,"column":36},"end":{"line":20,"column":65}},"3":{"start":{"line":21,"column":4},"end":{"line":131,"column":5}},"4":{"start":{"line":22,"column":21},"end":{"line":22,"column":29}},"5":{"start":{"line":23,"column":25},"end":{"line":23,"column":35}},"6":{"start":{"line":26,"column":28},"end":{"line":29,"column":8}},"7":{"start":{"line":31,"column":6},"end":{"line":33,"column":7}},"8":{"start":{"line":32,"column":8},"end":{"line":32,"column":33}},"9":{"start":{"line":36,"column":19},"end":{"line":36,"column":47}},"10":{"start":{"line":38,"column":6},"end":{"line":38,"column":44}},"11":{"start":{"line":38,"column":17},"end":{"line":38,"column":44}},"12":{"start":{"line":39,"column":6},"end":{"line":39,"column":52}},"13":{"start":{"line":39,"column":24},"end":{"line":39,"column":52}},"14":{"start":{"line":42,"column":25},"end":{"line":48,"column":8}},"15":{"start":{"line":50,"column":6},"end":{"line":50,"column":50}},"16":{"start":{"line":50,"column":22},"end":{"line":50,"column":50}},"17":{"start":{"line":54,"column":30},"end":{"line":64,"column":7}},"18":{"start":{"line":66,"column":6},"end":{"line":68,"column":7}},"19":{"start":{"line":67,"column":8},"end":{"line":67,"column":37}},"20":{"start":{"line":71,"column":23},"end":{"line":82,"column":7}},"21":{"start":{"line":85,"column":21},"end":{"line":85,"column":65}},"22":{"start":{"line":86,"column":6},"end":{"line":86,"column":36}},"23":{"start":{"line":89,"column":22},"end":{"line":98,"column":7}},"24":{"start":{"line":101,"column":27},"end":{"line":101,"column":29}},"25":{"start":{"line":102,"column":27},"end":{"line":102,"column":28}},"26":{"start":{"line":103,"column":6},"end":{"line":110,"column":9}},"27":{"start":{"line":104,"column":8},"end":{"line":108,"column":11}},"28":{"start":{"line":109,"column":8},"end":{"line":109,"column":25}},"29":{"start":{"line":114,"column":6},"end":{"line":116,"column":9}},"30":{"start":{"line":118,"column":6},"end":{"line":118,"column":45}},"31":{"start":{"line":120,"column":6},"end":{"line":127,"column":9}},"32":{"start":{"line":129,"column":6},"end":{"line":129,"column":47}},"33":{"start":{"line":130,"column":6},"end":{"line":130,"column":16}},"34":{"start":{"line":137,"column":4},"end":{"line":326,"column":5}},"35":{"start":{"line":138,"column":27},"end":{"line":138,"column":29}},"36":{"start":{"line":139,"column":19},"end":{"line":139,"column":27}},"37":{"start":{"line":141,"column":21},"end":{"line":141,"column":29}},"38":{"start":{"line":142,"column":28},"end":{"line":193,"column":8}},"39":{"start":{"line":195,"column":6},"end":{"line":323,"column":7}},"40":{"start":{"line":197,"column":20},"end":{"line":197,"column":30}},"41":{"start":{"line":199,"column":8},"end":{"line":320,"column":9}},"42":{"start":{"line":201,"column":10},"end":{"line":205,"column":13}},"43":{"start":{"line":208,"column":28},"end":{"line":214,"column":12}},"44":{"start":{"line":216,"column":30},"end":{"line":218,"column":11}},"45":{"start":{"line":220,"column":29},"end":{"line":230,"column":11}},"46":{"start":{"line":233,"column":10},"end":{"line":312,"column":11}},"47":{"start":{"line":235,"column":37},"end":{"line":235,"column":42}},"48":{"start":{"line":237,"column":33},"end":{"line":241,"column":14}},"49":{"start":{"line":243,"column":12},"end":{"line":243,"column":58}},"50":{"start":{"line":246,"column":12},"end":{"line":250,"column":13}},"51":{"start":{"line":247,"column":14},"end":{"line":249,"column":15}},"52":{"start":{"line":248,"column":16},"end":{"line":248,"column":57}},"53":{"start":{"line":252,"column":25},"end":{"line":252,"column":33}},"54":{"start":{"line":255,"column":35},"end":{"line":261,"column":14}},"55":{"start":{"line":263,"column":12},"end":{"line":263,"column":63}},"56":{"start":{"line":265,"column":12},"end":{"line":265,"column":76}},"57":{"start":{"line":267,"column":25},"end":{"line":267,"column":53}},"58":{"start":{"line":268,"column":24},"end":{"line":270,"column":30}},"59":{"start":{"line":271,"column":23},"end":{"line":273,"column":30}},"60":{"start":{"line":275,"column":12},"end":{"line":275,"column":47}},"61":{"start":{"line":277,"column":12},"end":{"line":283,"column":13}},"62":{"start":{"line":278,"column":14},"end":{"line":278,"column":38}},"63":{"start":{"line":279,"column":19},"end":{"line":283,"column":13}},"64":{"start":{"line":280,"column":14},"end":{"line":280,"column":37}},"65":{"start":{"line":281,"column":19},"end":{"line":283,"column":13}},"66":{"start":{"line":282,"column":14},"end":{"line":282,"column":39}},"67":{"start":{"line":285,"column":12},"end":{"line":285,"column":54}},"68":{"start":{"line":287,"column":27},"end":{"line":287,"column":82}},"69":{"start":{"line":288,"column":25},"end":{"line":288,"column":52}},"70":{"start":{"line":290,"column":12},"end":{"line":290,"column":47}},"71":{"start":{"line":291,"column":12},"end":{"line":291,"column":47}},"72":{"start":{"line":292,"column":12},"end":{"line":292,"column":62}},"73":{"start":{"line":294,"column":29},"end":{"line":305,"column":13}},"74":{"start":{"line":307,"column":12},"end":{"line":309,"column":13}},"75":{"start":{"line":308,"column":14},"end":{"line":308,"column":46}},"76":{"start":{"line":311,"column":12},"end":{"line":311,"column":30}},"77":{"start":{"line":314,"column":10},"end":{"line":317,"column":13}},"78":{"start":{"line":319,"column":10},"end":{"line":319,"column":46}},"79":{"start":{"line":322,"column":8},"end":{"line":322,"column":35}},"80":{"start":{"line":325,"column":6},"end":{"line":325,"column":16}},"81":{"start":{"line":332,"column":31},"end":{"line":332,"column":60}},"82":{"start":{"line":333,"column":4},"end":{"line":479,"column":5}},"83":{"start":{"line":334,"column":27},"end":{"line":334,"column":29}},"84":{"start":{"line":335,"column":19},"end":{"line":335,"column":27}},"85":{"start":{"line":337,"column":21},"end":{"line":337,"column":29}},"86":{"start":{"line":340,"column":28},"end":{"line":347,"column":8}},"87":{"start":{"line":349,"column":6},"end":{"line":468,"column":7}},"88":{"start":{"line":350,"column":8},"end":{"line":350,"column":35}},"89":{"start":{"line":353,"column":26},"end":{"line":359,"column":10}},"90":{"start":{"line":361,"column":28},"end":{"line":363,"column":9}},"91":{"start":{"line":366,"column":27},"end":{"line":377,"column":9}},"92":{"start":{"line":380,"column":8},"end":{"line":457,"column":9}},"93":{"start":{"line":382,"column":35},"end":{"line":382,"column":40}},"94":{"start":{"line":384,"column":31},"end":{"line":388,"column":12}},"95":{"start":{"line":390,"column":10},"end":{"line":390,"column":56}},"96":{"start":{"line":393,"column":10},"end":{"line":397,"column":11}},"97":{"start":{"line":394,"column":12},"end":{"line":396,"column":13}},"98":{"start":{"line":395,"column":14},"end":{"line":395,"column":55}},"99":{"start":{"line":399,"column":23},"end":{"line":399,"column":31}},"100":{"start":{"line":402,"column":33},"end":{"line":408,"column":12}},"101":{"start":{"line":410,"column":10},"end":{"line":410,"column":61}},"102":{"start":{"line":412,"column":10},"end":{"line":412,"column":74}},"103":{"start":{"line":414,"column":23},"end":{"line":414,"column":51}},"104":{"start":{"line":415,"column":22},"end":{"line":417,"column":28}},"105":{"start":{"line":418,"column":21},"end":{"line":418,"column":79}},"106":{"start":{"line":420,"column":10},"end":{"line":420,"column":45}},"107":{"start":{"line":422,"column":10},"end":{"line":428,"column":11}},"108":{"start":{"line":423,"column":12},"end":{"line":423,"column":36}},"109":{"start":{"line":424,"column":17},"end":{"line":428,"column":11}},"110":{"start":{"line":425,"column":12},"end":{"line":425,"column":35}},"111":{"start":{"line":426,"column":17},"end":{"line":428,"column":11}},"112":{"start":{"line":427,"column":12},"end":{"line":427,"column":37}},"113":{"start":{"line":430,"column":10},"end":{"line":430,"column":52}},"114":{"start":{"line":432,"column":25},"end":{"line":432,"column":80}},"115":{"start":{"line":433,"column":23},"end":{"line":433,"column":50}},"116":{"start":{"line":435,"column":10},"end":{"line":435,"column":45}},"117":{"start":{"line":436,"column":10},"end":{"line":436,"column":45}},"118":{"start":{"line":437,"column":10},"end":{"line":437,"column":60}},"119":{"start":{"line":439,"column":27},"end":{"line":450,"column":11}},"120":{"start":{"line":452,"column":10},"end":{"line":454,"column":11}},"121":{"start":{"line":453,"column":12},"end":{"line":453,"column":44}},"122":{"start":{"line":456,"column":10},"end":{"line":456,"column":28}},"123":{"start":{"line":460,"column":33},"end":{"line":467,"column":9}},"124":{"start":{"line":470,"column":6},"end":{"line":470,"column":40}},"125":{"start":{"line":472,"column":6},"end":{"line":475,"column":9}},"126":{"start":{"line":477,"column":6},"end":{"line":477,"column":42}},"127":{"start":{"line":478,"column":6},"end":{"line":478,"column":16}},"128":{"start":{"line":485,"column":4},"end":{"line":639,"column":5}},"129":{"start":{"line":486,"column":21},"end":{"line":486,"column":29}},"130":{"start":{"line":487,"column":29},"end":{"line":487,"column":55}},"131":{"start":{"line":488,"column":39},"end":{"line":488,"column":47}},"132":{"start":{"line":491,"column":28},"end":{"line":496,"column":8}},"133":{"start":{"line":498,"column":6},"end":{"line":512,"column":7}},"134":{"start":{"line":500,"column":20},"end":{"line":500,"column":30}},"135":{"start":{"line":502,"column":8},"end":{"line":509,"column":9}},"136":{"start":{"line":503,"column":10},"end":{"line":507,"column":13}},"137":{"start":{"line":508,"column":10},"end":{"line":508,"column":37}},"138":{"start":{"line":511,"column":8},"end":{"line":511,"column":35}},"139":{"start":{"line":515,"column":23},"end":{"line":522,"column":8}},"140":{"start":{"line":524,"column":6},"end":{"line":526,"column":7}},"141":{"start":{"line":525,"column":8},"end":{"line":525,"column":35}},"142":{"start":{"line":529,"column":21},"end":{"line":535,"column":8}},"143":{"start":{"line":537,"column":6},"end":{"line":537,"column":46}},"144":{"start":{"line":537,"column":19},"end":{"line":537,"column":46}},"145":{"start":{"line":540,"column":28},"end":{"line":546,"column":8}},"146":{"start":{"line":549,"column":29},"end":{"line":557,"column":8}},"147":{"start":{"line":560,"column":6},"end":{"line":636,"column":7}},"148":{"start":{"line":562,"column":27},"end":{"line":568,"column":10}},"149":{"start":{"line":571,"column":8},"end":{"line":583,"column":9}},"150":{"start":{"line":572,"column":10},"end":{"line":582,"column":12}},"151":{"start":{"line":585,"column":8},"end":{"line":585,"column":41}},"152":{"start":{"line":588,"column":8},"end":{"line":600,"column":9}},"153":{"start":{"line":589,"column":10},"end":{"line":599,"column":12}},"154":{"start":{"line":603,"column":29},"end":{"line":616,"column":9}},"155":{"start":{"line":619,"column":8},"end":{"line":631,"column":9}},"156":{"start":{"line":620,"column":10},"end":{"line":630,"column":12}},"157":{"start":{"line":633,"column":8},"end":{"line":635,"column":11}},"158":{"start":{"line":638,"column":6},"end":{"line":638,"column":16}},"159":{"start":{"line":645,"column":4},"end":{"line":681,"column":5}},"160":{"start":{"line":646,"column":25},"end":{"line":646,"column":35}},"161":{"start":{"line":647,"column":21},"end":{"line":647,"column":29}},"162":{"start":{"line":649,"column":20},"end":{"line":677,"column":8}},"163":{"start":{"line":678,"column":6},"end":{"line":678,"column":34}},"164":{"start":{"line":680,"column":6},"end":{"line":680,"column":16}},"165":{"start":{"line":685,"column":0},"end":{"line":685,"column":36}}},"fnMap":{"0":{"name":"(anonymous_0)","decl":{"start":{"line":19,"column":2},"end":{"line":19,"column":3}},"loc":{"start":{"line":19,"column":37},"end":{"line":132,"column":3}},"line":19},"1":{"name":"(anonymous_1)","decl":{"start":{"line":103,"column":30},"end":{"line":103,"column":31}},"loc":{"start":{"line":103,"column":38},"end":{"line":110,"column":7}},"line":103},"2":{"name":"(anonymous_2)","decl":{"start":{"line":136,"column":2},"end":{"line":136,"column":3}},"loc":{"start":{"line":136,"column":42},"end":{"line":327,"column":3}},"line":136},"3":{"name":"(anonymous_3)","decl":{"start":{"line":331,"column":2},"end":{"line":331,"column":3}},"loc":{"start":{"line":331,"column":39},"end":{"line":480,"column":3}},"line":331},"4":{"name":"(anonymous_4)","decl":{"start":{"line":484,"column":2},"end":{"line":484,"column":3}},"loc":{"start":{"line":484,"column":38},"end":{"line":640,"column":3}},"line":484},"5":{"name":"(anonymous_5)","decl":{"start":{"line":644,"column":2},"end":{"line":644,"column":3}},"loc":{"start":{"line":644,"column":42},"end":{"line":682,"column":3}},"line":644}},"branchMap":{"0":{"loc":{"start":{"line":31,"column":6},"end":{"line":33,"column":7}},"type":"if","locations":[{"start":{"line":31,"column":6},"end":{"line":33,"column":7}},{"start":{},"end":{}}],"line":31},"1":{"loc":{"start":{"line":38,"column":6},"end":{"line":38,"column":44}},"type":"if","locations":[{"start":{"line":38,"column":6},"end":{"line":38,"column":44}},{"start":{},"end":{}}],"line":38},"2":{"loc":{"start":{"line":39,"column":6},"end":{"line":39,"column":52}},"type":"if","locations":[{"start":{"line":39,"column":6},"end":{"line":39,"column":52}},{"start":{},"end":{}}],"line":39},"3":{"loc":{"start":{"line":50,"column":6},"end":{"line":50,"column":50}},"type":"if","locations":[{"start":{"line":50,"column":6},"end":{"line":50,"column":50}},{"start":{},"end":{}}],"line":50},"4":{"loc":{"start":{"line":66,"column":6},"end":{"line":68,"column":7}},"type":"if","locations":[{"start":{"line":66,"column":6},"end":{"line":68,"column":7}},{"start":{},"end":{}}],"line":66},"5":{"loc":{"start":{"line":195,"column":6},"end":{"line":323,"column":7}},"type":"if","locations":[{"start":{"line":195,"column":6},"end":{"line":323,"column":7}},{"start":{"line":321,"column":13},"end":{"line":323,"column":7}}],"line":195},"6":{"loc":{"start":{"line":199,"column":8},"end":{"line":320,"column":9}},"type":"if","locations":[{"start":{"line":199,"column":8},"end":{"line":320,"column":9}},{"start":{"line":318,"column":15},"end":{"line":320,"column":9}}],"line":199},"7":{"loc":{"start":{"line":233,"column":10},"end":{"line":312,"column":11}},"type":"if","locations":[{"start":{"line":233,"column":10},"end":{"line":312,"column":11}},{"start":{},"end":{}}],"line":233},"8":{"loc":{"start":{"line":246,"column":12},"end":{"line":250,"column":13}},"type":"if","locations":[{"start":{"line":246,"column":12},"end":{"line":250,"column":13}},{"start":{},"end":{}}],"line":246},"9":{"loc":{"start":{"line":247,"column":14},"end":{"line":249,"column":15}},"type":"if","locations":[{"start":{"line":247,"column":14},"end":{"line":249,"column":15}},{"start":{},"end":{}}],"line":247},"10":{"loc":{"start":{"line":277,"column":12},"end":{"line":283,"column":13}},"type":"if","locations":[{"start":{"line":277,"column":12},"end":{"line":283,"column":13}},{"start":{"line":279,"column":19},"end":{"line":283,"column":13}}],"line":277},"11":{"loc":{"start":{"line":279,"column":19},"end":{"line":283,"column":13}},"type":"if","locations":[{"start":{"line":279,"column":19},"end":{"line":283,"column":13}},{"start":{"line":281,"column":19},"end":{"line":283,"column":13}}],"line":279},"12":{"loc":{"start":{"line":281,"column":19},"end":{"line":283,"column":13}},"type":"if","locations":[{"start":{"line":281,"column":19},"end":{"line":283,"column":13}},{"start":{},"end":{}}],"line":281},"13":{"loc":{"start":{"line":307,"column":12},"end":{"line":309,"column":13}},"type":"if","locations":[{"start":{"line":307,"column":12},"end":{"line":309,"column":13}},{"start":{},"end":{}}],"line":307},"14":{"loc":{"start":{"line":349,"column":6},"end":{"line":468,"column":7}},"type":"if","locations":[{"start":{"line":349,"column":6},"end":{"line":468,"column":7}},{"start":{"line":351,"column":13},"end":{"line":468,"column":7}}],"line":349},"15":{"loc":{"start":{"line":380,"column":8},"end":{"line":457,"column":9}},"type":"if","locations":[{"start":{"line":380,"column":8},"end":{"line":457,"column":9}},{"start":{},"end":{}}],"line":380},"16":{"loc":{"start":{"line":393,"column":10},"end":{"line":397,"column":11}},"type":"if","locations":[{"start":{"line":393,"column":10},"end":{"line":397,"column":11}},{"start":{},"end":{}}],"line":393},"17":{"loc":{"start":{"line":394,"column":12},"end":{"line":396,"column":13}},"type":"if","locations":[{"start":{"line":394,"column":12},"end":{"line":396,"column":13}},{"start":{},"end":{}}],"line":394},"18":{"loc":{"start":{"line":422,"column":10},"end":{"line":428,"column":11}},"type":"if","locations":[{"start":{"line":422,"column":10},"end":{"line":428,"column":11}},{"start":{"line":424,"column":17},"end":{"line":428,"column":11}}],"line":422},"19":{"loc":{"start":{"line":424,"column":17},"end":{"line":428,"column":11}},"type":"if","locations":[{"start":{"line":424,"column":17},"end":{"line":428,"column":11}},{"start":{"line":426,"column":17},"end":{"line":428,"column":11}}],"line":424},"20":{"loc":{"start":{"line":426,"column":17},"end":{"line":428,"column":11}},"type":"if","locations":[{"start":{"line":426,"column":17},"end":{"line":428,"column":11}},{"start":{},"end":{}}],"line":426},"21":{"loc":{"start":{"line":452,"column":10},"end":{"line":454,"column":11}},"type":"if","locations":[{"start":{"line":452,"column":10},"end":{"line":454,"column":11}},{"start":{},"end":{}}],"line":452},"22":{"loc":{"start":{"line":498,"column":6},"end":{"line":512,"column":7}},"type":"if","locations":[{"start":{"line":498,"column":6},"end":{"line":512,"column":7}},{"start":{"line":510,"column":13},"end":{"line":512,"column":7}}],"line":498},"23":{"loc":{"start":{"line":502,"column":8},"end":{"line":509,"column":9}},"type":"if","locations":[{"start":{"line":502,"column":8},"end":{"line":509,"column":9}},{"start":{},"end":{}}],"line":502},"24":{"loc":{"start":{"line":524,"column":6},"end":{"line":526,"column":7}},"type":"if","locations":[{"start":{"line":524,"column":6},"end":{"line":526,"column":7}},{"start":{},"end":{}}],"line":524},"25":{"loc":{"start":{"line":537,"column":6},"end":{"line":537,"column":46}},"type":"if","locations":[{"start":{"line":537,"column":6},"end":{"line":537,"column":46}},{"start":{},"end":{}}],"line":537},"26":{"loc":{"start":{"line":560,"column":6},"end":{"line":636,"column":7}},"type":"if","locations":[{"start":{"line":560,"column":6},"end":{"line":636,"column":7}},{"start":{"line":586,"column":13},"end":{"line":636,"column":7}}],"line":560},"27":{"loc":{"start":{"line":571,"column":8},"end":{"line":583,"column":9}},"type":"if","locations":[{"start":{"line":571,"column":8},"end":{"line":583,"column":9}},{"start":{},"end":{}}],"line":571},"28":{"loc":{"start":{"line":588,"column":8},"end":{"line":600,"column":9}},"type":"if","locations":[{"start":{"line":588,"column":8},"end":{"line":600,"column":9}},{"start":{},"end":{}}],"line":588},"29":{"loc":{"start":{"line":619,"column":8},"end":{"line":631,"column":9}},"type":"if","locations":[{"start":{"line":619,"column":8},"end":{"line":631,"column":9}},{"start":{},"end":{}}],"line":619}},"s":{"0":1,"1":1,"2":1,"3":1,"4":1,"5":1,"6":1,"7":1,"8":0,"9":1,"10":1,"11":0,"12":1,"13":0,"14":1,"15":1,"16":0,"17":1,"18":1,"19":0,"20":1,"21":1,"22":1,"23":1,"24":1,"25":1,"26":1,"27":1,"28":1,"29":1,"30":1,"31":1,"32":0,"33":0,"34":0,"35":0,"36":0,"37":0,"38":0,"39":0,"40":0,"41":0,"42":0,"43":0,"44":0,"45":0,"46":0,"47":0,"48":0,"49":0,"50":0,"51":0,"52":0,"53":0,"54":0,"55":0,"56":0,"57":0,"58":0,"59":0,"60":0,"61":0,"62":0,"63":0,"64":0,"65":0,"66":0,"67":0,"68":0,"69":0,"70":0,"71":0,"72":0,"73":0,"74":0,"75":0,"76":0,"77":0,"78":0,"79":0,"80":0,"81":0,"82":0,"83":0,"84":0,"85":0,"86":0,"87":0,"88":0,"89":0,"90":0,"91":0,"92":0,"93":0,"94":0,"95":0,"96":0,"97":0,"98":0,"99":0,"100":0,"101":0,"102":0,"103":0,"104":0,"105":0,"106":0,"107":0,"108":0,"109":0,"110":0,"111":0,"112":0,"113":0,"114":0,"115":0,"116":0,"117":0,"118":0,"119":0,"120":0,"121":0,"122":0,"123":0,"124":0,"125":0,"126":0,"127":0,"128":0,"129":0,"130":0,"131":0,"132":0,"133":0,"134":0,"135":0,"136":0,"137":0,"138":0,"139":0,"140":0,"141":0,"142":0,"143":0,"144":0,"145":0,"146":0,"147":0,"148":0,"149":0,"150":0,"151":0,"152":0,"153":0,"154":0,"155":0,"156":0,"157":0,"158":0,"159":0,"160":0,"161":0,"162":0,"163":0,"164":0,"165":1},"f":{"0":1,"1":1,"2":0,"3":0,"4":0,"5":0},"b":{"0":[0,1],"1":[0,1],"2":[0,1],"3":[0,1],"4":[0,1],"5":[0,0],"6":[0,0],"7":[0,0],"8":[0,0],"9":[0,0],"10":[0,0],"11":[0,0],"12":[0,0],"13":[0,0],"14":[0,0],"15":[0,0],"16":[0,0],"17":[0,0],"18":[0,0],"19":[0,0],"20":[0,0],"21":[0,0],"22":[0,0],"23":[0,0],"24":[0,0],"25":[0,0],"26":[0,0],"27":[0,0],"28":[0,0],"29":[0,0]},"_coverageSchema":"1a1c01bbd47fc00a2c39e90264f33305004495a9","hash":"e15cf1952b7a502e0bbd9a17fd63668b1470bfb7"}
,"/home/christian/MEGA/Phase 3/Project/backend/controllers/gradeController.js": {"path":"/home/christian/MEGA/Phase 3/Project/backend/controllers/gradeController.js","statementMap":{"0":{"start":{"line":1,"column":54},"end":{"line":1,"column":74}},"1":{"start":{"line":6,"column":4},"end":{"line":22,"column":5}},"2":{"start":{"line":7,"column":21},"end":{"line":7,"column":31}},"3":{"start":{"line":9,"column":20},"end":{"line":16,"column":8}},"4":{"start":{"line":18,"column":6},"end":{"line":18,"column":45}},"5":{"start":{"line":18,"column":18},"end":{"line":18,"column":45}},"6":{"start":{"line":19,"column":6},"end":{"line":19,"column":34}},"7":{"start":{"line":21,"column":6},"end":{"line":21,"column":16}},"8":{"start":{"line":27,"column":4},"end":{"line":45,"column":5}},"9":{"start":{"line":28,"column":21},"end":{"line":28,"column":33}},"10":{"start":{"line":29,"column":21},"end":{"line":40,"column":8}},"11":{"start":{"line":42,"column":6},"end":{"line":42,"column":35}},"12":{"start":{"line":44,"column":6},"end":{"line":44,"column":16}},"13":{"start":{"line":51,"column":4},"end":{"line":67,"column":5}},"14":{"start":{"line":52,"column":21},"end":{"line":52,"column":31}},"15":{"start":{"line":54,"column":22},"end":{"line":58,"column":8}},"16":{"start":{"line":60,"column":6},"end":{"line":60,"column":51}},"17":{"start":{"line":60,"column":24},"end":{"line":60,"column":51}},"18":{"start":{"line":62,"column":6},"end":{"line":64,"column":9}},"19":{"start":{"line":66,"column":6},"end":{"line":66,"column":16}},"20":{"start":{"line":73,"column":4},"end":{"line":182,"column":5}},"21":{"start":{"line":74,"column":26},"end":{"line":74,"column":36}},"22":{"start":{"line":75,"column":21},"end":{"line":75,"column":29}},"23":{"start":{"line":76,"column":45},"end":{"line":76,"column":54}},"24":{"start":{"line":79,"column":24},"end":{"line":88,"column":8}},"25":{"start":{"line":90,"column":6},"end":{"line":92,"column":7}},"26":{"start":{"line":91,"column":8},"end":{"line":91,"column":35}},"27":{"start":{"line":96,"column":27},"end":{"line":96,"column":69}},"28":{"start":{"line":99,"column":23},"end":{"line":99,"column":37}},"29":{"start":{"line":100,"column":6},"end":{"line":102,"column":7}},"30":{"start":{"line":101,"column":8},"end":{"line":101,"column":24}},"31":{"start":{"line":105,"column":19},"end":{"line":105,"column":35}},"32":{"start":{"line":106,"column":22},"end":{"line":106,"column":27}},"33":{"start":{"line":108,"column":6},"end":{"line":112,"column":7}},"34":{"start":{"line":109,"column":8},"end":{"line":109,"column":27}},"35":{"start":{"line":111,"column":8},"end":{"line":111,"column":26}},"36":{"start":{"line":114,"column":21},"end":{"line":114,"column":50}},"37":{"start":{"line":116,"column":6},"end":{"line":116,"column":45}},"38":{"start":{"line":118,"column":6},"end":{"line":118,"column":53}},"39":{"start":{"line":121,"column":26},"end":{"line":123,"column":8}},"40":{"start":{"line":125,"column":6},"end":{"line":125,"column":66}},"41":{"start":{"line":126,"column":6},"end":{"line":126,"column":55}},"42":{"start":{"line":129,"column":25},"end":{"line":129,"column":60}},"43":{"start":{"line":130,"column":6},"end":{"line":130,"column":49}},"44":{"start":{"line":132,"column":21},"end":{"line":132,"column":22}},"45":{"start":{"line":133,"column":6},"end":{"line":139,"column":7}},"46":{"start":{"line":134,"column":8},"end":{"line":134,"column":30}},"47":{"start":{"line":135,"column":13},"end":{"line":139,"column":7}},"48":{"start":{"line":136,"column":8},"end":{"line":136,"column":21}},"49":{"start":{"line":138,"column":8},"end":{"line":138,"column":25}},"50":{"start":{"line":141,"column":6},"end":{"line":141,"column":50}},"51":{"start":{"line":144,"column":24},"end":{"line":144,"column":52}},"52":{"start":{"line":145,"column":6},"end":{"line":147,"column":7}},"53":{"start":{"line":146,"column":8},"end":{"line":146,"column":24}},"54":{"start":{"line":150,"column":23},"end":{"line":169,"column":8}},"55":{"start":{"line":171,"column":6},"end":{"line":179,"column":9}},"56":{"start":{"line":181,"column":6},"end":{"line":181,"column":16}},"57":{"start":{"line":186,"column":0},"end":{"line":186,"column":33}}},"fnMap":{"0":{"name":"(anonymous_0)","decl":{"start":{"line":5,"column":2},"end":{"line":5,"column":3}},"loc":{"start":{"line":5,"column":46},"end":{"line":23,"column":3}},"line":5},"1":{"name":"(anonymous_1)","decl":{"start":{"line":26,"column":2},"end":{"line":26,"column":3}},"loc":{"start":{"line":26,"column":44},"end":{"line":46,"column":3}},"line":26},"2":{"name":"(anonymous_2)","decl":{"start":{"line":50,"column":2},"end":{"line":50,"column":3}},"loc":{"start":{"line":50,"column":38},"end":{"line":68,"column":3}},"line":50},"3":{"name":"(anonymous_3)","decl":{"start":{"line":72,"column":2},"end":{"line":72,"column":3}},"loc":{"start":{"line":72,"column":40},"end":{"line":183,"column":3}},"line":72}},"branchMap":{"0":{"loc":{"start":{"line":18,"column":6},"end":{"line":18,"column":45}},"type":"if","locations":[{"start":{"line":18,"column":6},"end":{"line":18,"column":45}},{"start":{},"end":{}}],"line":18},"1":{"loc":{"start":{"line":60,"column":6},"end":{"line":60,"column":51}},"type":"if","locations":[{"start":{"line":60,"column":6},"end":{"line":60,"column":51}},{"start":{},"end":{}}],"line":60},"2":{"loc":{"start":{"line":90,"column":6},"end":{"line":92,"column":7}},"type":"if","locations":[{"start":{"line":90,"column":6},"end":{"line":92,"column":7}},{"start":{},"end":{}}],"line":90},"3":{"loc":{"start":{"line":100,"column":6},"end":{"line":102,"column":7}},"type":"if","locations":[{"start":{"line":100,"column":6},"end":{"line":102,"column":7}},{"start":{},"end":{}}],"line":100},"4":{"loc":{"start":{"line":100,"column":10},"end":{"line":100,"column":48}},"type":"binary-expr","locations":[{"start":{"line":100,"column":10},"end":{"line":100,"column":24}},{"start":{"line":100,"column":28},"end":{"line":100,"column":48}}],"line":100},"5":{"loc":{"start":{"line":108,"column":6},"end":{"line":112,"column":7}},"type":"if","locations":[{"start":{"line":108,"column":6},"end":{"line":112,"column":7}},{"start":{"line":110,"column":13},"end":{"line":112,"column":7}}],"line":108},"6":{"loc":{"start":{"line":108,"column":10},"end":{"line":108,"column":43}},"type":"binary-expr","locations":[{"start":{"line":108,"column":10},"end":{"line":108,"column":20}},{"start":{"line":108,"column":24},"end":{"line":108,"column":43}}],"line":108},"7":{"loc":{"start":{"line":133,"column":6},"end":{"line":139,"column":7}},"type":"if","locations":[{"start":{"line":133,"column":6},"end":{"line":139,"column":7}},{"start":{"line":135,"column":13},"end":{"line":139,"column":7}}],"line":133},"8":{"loc":{"start":{"line":133,"column":10},"end":{"line":133,"column":47}},"type":"binary-expr","locations":[{"start":{"line":133,"column":10},"end":{"line":133,"column":27}},{"start":{"line":133,"column":31},"end":{"line":133,"column":47}}],"line":133},"9":{"loc":{"start":{"line":135,"column":13},"end":{"line":139,"column":7}},"type":"if","locations":[{"start":{"line":135,"column":13},"end":{"line":139,"column":7}},{"start":{"line":137,"column":13},"end":{"line":139,"column":7}}],"line":135},"10":{"loc":{"start":{"line":135,"column":17},"end":{"line":135,"column":40}},"type":"binary-expr","locations":[{"start":{"line":135,"column":17},"end":{"line":135,"column":25}},{"start":{"line":135,"column":29},"end":{"line":135,"column":40}}],"line":135},"11":{"loc":{"start":{"line":145,"column":6},"end":{"line":147,"column":7}},"type":"if","locations":[{"start":{"line":145,"column":6},"end":{"line":147,"column":7}},{"start":{},"end":{}}],"line":145}},"s":{"0":1,"1":0,"2":0,"3":0,"4":0,"5":0,"6":0,"7":0,"8":0,"9":0,"10":0,"11":0,"12":0,"13":0,"14":0,"15":0,"16":0,"17":0,"18":0,"19":0,"20":0,"21":0,"22":0,"23":0,"24":0,"25":0,"26":0,"27":0,"28":0,"29":0,"30":0,"31":0,"32":0,"33":0,"34":0,"35":0,"36":0,"37":0,"38":0,"39":0,"40":0,"41":0,"42":0,"43":0,"44":0,"45":0,"46":0,"47":0,"48":0,"49":0,"50":0,"51":0,"52":0,"53":0,"54":0,"55":0,"56":0,"57":1},"f":{"0":0,"1":0,"2":0,"3":0},"b":{"0":[0,0],"1":[0,0],"2":[0,0],"3":[0,0],"4":[0,0],"5":[0,0],"6":[0,0],"7":[0,0],"8":[0,0],"9":[0,0],"10":[0,0],"11":[0,0]},"_coverageSchema":"1a1c01bbd47fc00a2c39e90264f33305004495a9","hash":"c1d6b413c60521531a6c7bf96094cc5a8dae93bb"}
,"/home/christian/MEGA/Phase 3/Project/backend/controllers/index.js": {"path":"/home/christian/MEGA/Phase 3/Project/backend/controllers/index.js","statementMap":{"0":{"start":{"line":1,"column":23},"end":{"line":1,"column":50}},"1":{"start":{"line":2,"column":24},"end":{"line":2,"column":52}},"2":{"start":{"line":3,"column":27},"end":{"line":3,"column":58}},"3":{"start":{"line":4,"column":23},"end":{"line":4,"column":51}},"4":{"start":{"line":6,"column":0},"end":{"line":11,"column":2}}},"fnMap":{},"branchMap":{},"s":{"0":1,"1":1,"2":1,"3":1,"4":1},"f":{},"b":{},"_coverageSchema":"1a1c01bbd47fc00a2c39e90264f33305004495a9","hash":"dfbef367d90a34078c84f71bec8b7aeda5239190"}
,"/home/christian/MEGA/Phase 3/Project/backend/controllers/organizationController.js": {"path":"/home/christian/MEGA/Phase 3/Project/backend/controllers/organizationController.js","statementMap":{"0":{"start":{"line":1,"column":15},"end":{"line":1,"column":35}},"1":{"start":{"line":2,"column":25},"end":{"line":2,"column":45}},"2":{"start":{"line":8,"column":4},"end":{"line":91,"column":5}},"3":{"start":{"line":9,"column":59},"end":{"line":9,"column":68}},"4":{"start":{"line":11,"column":27},"end":{"line":11,"column":29}},"5":{"start":{"line":14,"column":23},"end":{"line":14,"column":37}},"6":{"start":{"line":15,"column":6},"end":{"line":17,"column":7}},"7":{"start":{"line":16,"column":8},"end":{"line":16,"column":24}},"8":{"start":{"line":20,"column":6},"end":{"line":24,"column":7}},"9":{"start":{"line":21,"column":8},"end":{"line":23,"column":10}},"10":{"start":{"line":27,"column":19},"end":{"line":27,"column":23}},"11":{"start":{"line":28,"column":22},"end":{"line":28,"column":27}},"12":{"start":{"line":30,"column":6},"end":{"line":34,"column":7}},"13":{"start":{"line":31,"column":8},"end":{"line":31,"column":22}},"14":{"start":{"line":33,"column":8},"end":{"line":33,"column":24}},"15":{"start":{"line":36,"column":6},"end":{"line":40,"column":7}},"16":{"start":{"line":37,"column":8},"end":{"line":37,"column":27}},"17":{"start":{"line":39,"column":8},"end":{"line":39,"column":26}},"18":{"start":{"line":42,"column":21},"end":{"line":42,"column":50}},"19":{"start":{"line":44,"column":6},"end":{"line":44,"column":45}},"20":{"start":{"line":47,"column":32},"end":{"line":49,"column":8}},"21":{"start":{"line":51,"column":6},"end":{"line":51,"column":78}},"22":{"start":{"line":52,"column":6},"end":{"line":52,"column":55}},"23":{"start":{"line":55,"column":25},"end":{"line":55,"column":66}},"24":{"start":{"line":56,"column":6},"end":{"line":56,"column":49}},"25":{"start":{"line":58,"column":21},"end":{"line":58,"column":22}},"26":{"start":{"line":59,"column":6},"end":{"line":65,"column":7}},"27":{"start":{"line":60,"column":8},"end":{"line":60,"column":30}},"28":{"start":{"line":61,"column":13},"end":{"line":65,"column":7}},"29":{"start":{"line":62,"column":8},"end":{"line":62,"column":21}},"30":{"start":{"line":64,"column":8},"end":{"line":64,"column":25}},"31":{"start":{"line":67,"column":6},"end":{"line":67,"column":50}},"32":{"start":{"line":70,"column":24},"end":{"line":70,"column":52}},"33":{"start":{"line":71,"column":6},"end":{"line":73,"column":7}},"34":{"start":{"line":72,"column":8},"end":{"line":72,"column":24}},"35":{"start":{"line":76,"column":31},"end":{"line":81,"column":8}},"36":{"start":{"line":83,"column":6},"end":{"line":88,"column":9}},"37":{"start":{"line":90,"column":6},"end":{"line":90,"column":16}},"38":{"start":{"line":97,"column":4},"end":{"line":107,"column":5}},"39":{"start":{"line":98,"column":21},"end":{"line":98,"column":31}},"40":{"start":{"line":99,"column":27},"end":{"line":103,"column":8}},"41":{"start":{"line":104,"column":6},"end":{"line":104,"column":41}},"42":{"start":{"line":106,"column":6},"end":{"line":106,"column":16}},"43":{"start":{"line":113,"column":4},"end":{"line":128,"column":5}},"44":{"start":{"line":114,"column":17},"end":{"line":114,"column":31}},"45":{"start":{"line":115,"column":27},"end":{"line":119,"column":8}},"46":{"start":{"line":121,"column":6},"end":{"line":121,"column":56}},"47":{"start":{"line":121,"column":29},"end":{"line":121,"column":56}},"48":{"start":{"line":123,"column":6},"end":{"line":125,"column":9}},"49":{"start":{"line":127,"column":6},"end":{"line":127,"column":16}},"50":{"start":{"line":134,"column":4},"end":{"line":162,"column":5}},"51":{"start":{"line":135,"column":21},"end":{"line":135,"column":31}},"52":{"start":{"line":136,"column":49},"end":{"line":136,"column":57}},"53":{"start":{"line":138,"column":6},"end":{"line":139,"column":40}},"54":{"start":{"line":139,"column":8},"end":{"line":139,"column":40}},"55":{"start":{"line":141,"column":27},"end":{"line":155,"column":7}},"56":{"start":{"line":157,"column":6},"end":{"line":159,"column":9}},"57":{"start":{"line":161,"column":6},"end":{"line":161,"column":16}},"58":{"start":{"line":166,"column":4},"end":{"line":184,"column":5}},"59":{"start":{"line":167,"column":57},"end":{"line":167,"column":65}},"60":{"start":{"line":169,"column":6},"end":{"line":170,"column":39}},"61":{"start":{"line":170,"column":8},"end":{"line":170,"column":39}},"62":{"start":{"line":172,"column":19},"end":{"line":179,"column":8}},"63":{"start":{"line":181,"column":6},"end":{"line":181,"column":33}},"64":{"start":{"line":183,"column":6},"end":{"line":183,"column":16}},"65":{"start":{"line":188,"column":0},"end":{"line":188,"column":40}}},"fnMap":{"0":{"name":"(anonymous_0)","decl":{"start":{"line":7,"column":2},"end":{"line":7,"column":3}},"loc":{"start":{"line":7,"column":48},"end":{"line":92,"column":3}},"line":7},"1":{"name":"(anonymous_1)","decl":{"start":{"line":96,"column":2},"end":{"line":96,"column":3}},"loc":{"start":{"line":96,"column":50},"end":{"line":108,"column":3}},"line":96},"2":{"name":"(anonymous_2)","decl":{"start":{"line":112,"column":2},"end":{"line":112,"column":3}},"loc":{"start":{"line":112,"column":50},"end":{"line":129,"column":3}},"line":112},"3":{"name":"(anonymous_3)","decl":{"start":{"line":133,"column":2},"end":{"line":133,"column":3}},"loc":{"start":{"line":133,"column":48},"end":{"line":163,"column":3}},"line":133},"4":{"name":"(anonymous_4)","decl":{"start":{"line":165,"column":2},"end":{"line":165,"column":3}},"loc":{"start":{"line":165,"column":50},"end":{"line":185,"column":3}},"line":165}},"branchMap":{"0":{"loc":{"start":{"line":15,"column":6},"end":{"line":17,"column":7}},"type":"if","locations":[{"start":{"line":15,"column":6},"end":{"line":17,"column":7}},{"start":{},"end":{}}],"line":15},"1":{"loc":{"start":{"line":15,"column":10},"end":{"line":15,"column":69}},"type":"binary-expr","locations":[{"start":{"line":15,"column":10},"end":{"line":15,"column":24}},{"start":{"line":15,"column":28},"end":{"line":15,"column":48}},{"start":{"line":15,"column":52},"end":{"line":15,"column":69}}],"line":15},"2":{"loc":{"start":{"line":20,"column":6},"end":{"line":24,"column":7}},"type":"if","locations":[{"start":{"line":20,"column":6},"end":{"line":24,"column":7}},{"start":{},"end":{}}],"line":20},"3":{"loc":{"start":{"line":30,"column":6},"end":{"line":34,"column":7}},"type":"if","locations":[{"start":{"line":30,"column":6},"end":{"line":34,"column":7}},{"start":{"line":32,"column":13},"end":{"line":34,"column":7}}],"line":30},"4":{"loc":{"start":{"line":30,"column":10},"end":{"line":30,"column":38}},"type":"binary-expr","locations":[{"start":{"line":30,"column":10},"end":{"line":30,"column":17}},{"start":{"line":30,"column":21},"end":{"line":30,"column":38}}],"line":30},"5":{"loc":{"start":{"line":36,"column":6},"end":{"line":40,"column":7}},"type":"if","locations":[{"start":{"line":36,"column":6},"end":{"line":40,"column":7}},{"start":{"line":38,"column":13},"end":{"line":40,"column":7}}],"line":36},"6":{"loc":{"start":{"line":36,"column":10},"end":{"line":36,"column":43}},"type":"binary-expr","locations":[{"start":{"line":36,"column":10},"end":{"line":36,"column":20}},{"start":{"line":36,"column":24},"end":{"line":36,"column":43}}],"line":36},"7":{"loc":{"start":{"line":59,"column":6},"end":{"line":65,"column":7}},"type":"if","locations":[{"start":{"line":59,"column":6},"end":{"line":65,"column":7}},{"start":{"line":61,"column":13},"end":{"line":65,"column":7}}],"line":59},"8":{"loc":{"start":{"line":59,"column":10},"end":{"line":59,"column":47}},"type":"binary-expr","locations":[{"start":{"line":59,"column":10},"end":{"line":59,"column":27}},{"start":{"line":59,"column":31},"end":{"line":59,"column":47}}],"line":59},"9":{"loc":{"start":{"line":61,"column":13},"end":{"line":65,"column":7}},"type":"if","locations":[{"start":{"line":61,"column":13},"end":{"line":65,"column":7}},{"start":{"line":63,"column":13},"end":{"line":65,"column":7}}],"line":61},"10":{"loc":{
[...]
,"/home/christian/MEGA/Phase 3/Project/backend/models/organization.js": {"path":"/home/christian/MEGA/Phase 3/Project/backend/models/organization.js","statementMap":{"0":{"start":{"line":2,"column":18},"end":{"line":2,"column":38}},"1":{"start":{"line":3,"column":0},"end":{"line":70,"column":2}},"2":{"start":{"line":12,"column":6},"end":{"line":12,"column":62}},"3":{"start":{"line":15,"column":2},"end":{"line":68,"column":4}},"4":{"start":{"line":69,"column":2},"end":{"line":69,"column":22}}},"fnMap":{"0":{"name":"(anonymous_0)","decl":{"start":{"line":3,"column":17},"end":{"line":3,"column":18}},"loc":{"start":{"line":3,"column":43},"end":{"line":70,"column":1}},"line":3},"1":{"name":"(anonymous_1)","decl":{"start":{"line":10,"column":4},"end":{"line":10,"column":5}},"loc":{"start":{"line":10,"column":29},"end":{"line":13,"column":5}},"line":10}},"branchMap":{},"s":{"0":1,"1":1,"2":1,"3":1,"4":1},"f":{"0":1,"1":1},"b":{},"_coverageSchema":"1a1c01bbd47fc00a2c39e90264f33305004495a9","hash":"c732f4222abb023f77366dbb8aa4ffea411daf72"}
,"/home/christian/MEGA/Phase 3/Project/backend/models/question.js": {"path":"/home/christian/MEGA/Phase 3/Project/backend/models/question.js","statementMap":{"0":{"start":{"line":2,"column":18},"end":{"line":2,"column":38}},"1":{"start":{"line":3,"column":0},"end":{"line":51,"column":2}},"2":{"start":{"line":12,"column":6},"end":{"line":12,"column":75}},"3":{"start":{"line":13,"column":6},"end":{"line":13,"column":68}},"4":{"start":{"line":14,"column":6},"end":{"line":14,"column":72}},"5":{"start":{"line":15,"column":6},"end":{"line":15,"column":72}},"6":{"start":{"line":18,"column":2},"end":{"line":49,"column":4}},"7":{"start":{"line":50,"column":2},"end":{"line":50,"column":18}}},"fnMap":{"0":{"name":"(anonymous_0)","decl":{"start":{"line":3,"column":17},"end":{"line":3,"column":18}},"loc":{"start":{"line":3,"column":43},"end":{"line":51,"column":1}},"line":3},"1":{"name":"(anonymous_1)","decl":{"start":{"line":10,"column":4},"end":{"line":10,"column":5}},"loc":{"start":{"line":10,"column":29},"end":{"line":16,"column":5}},"line":10}},"branchMap":{},"s":{"0":1,"1":1,"2":1,"3":1,"4":1,"5":1,"6":1,"7":1},"f":{"0":1,"1":1},"b":{},"_coverageSchema":"1a1c01bbd47fc00a2c39e90264f33305004495a9","hash":"848373cdbcb8d6b4fb339f0eecb77bf004cc0bc5"}
,"/home/christian/MEGA/Phase 3/Project/backend/models/questiongroup.js": {"path":"/home/christian/MEGA/Phase 3/Project/backend/models/questiongroup.js","statementMap":{"0":{"start":{"line":2,"column":18},"end":{"line":2,"column":38}},"1":{"start":{"line":3,"column":0},"end":{"line":28,"column":2}},"2":{"start":{"line":12,"column":6},"end":{"line":12,"column":77}},"3":{"start":{"line":13,"column":6},"end":{"line":13,"column":75}},"4":{"start":{"line":16,"column":2},"end":{"line":26,"column":4}},"5":{"start":{"line":27,"column":2},"end":{"line":27,"column":23}}},"fnMap":{"0":{"name":"(anonymous_0)","decl":{"start":{"line":3,"column":17},"end":{"line":3,"column":18}},"loc":{"start":{"line":3,"column":43},"end":{"line":28,"column":1}},"line":3},"1":{"name":"(anonymous_1)","decl":{"start":{"line":10,"column":4},"end":{"line":10,"column":5}},"loc":{"start":{"line":10,"column":29},"end":{"line":14,"column":5}},"line":10}},"branchMap":{},"s":{"0":1,"1":1,"2":1,"3":1,"4":1,"5":1},"f":{"0":1,"1":1},"b":{},"_coverageSchema":"1a1c01bbd47fc00a2c39e90264f33305004495a9","hash":"d5acd05f6c020e44cd94ea1bdae5cb952dc9af5e"}
,"/home/christian/MEGA/Phase 3/Project/backend/models/session.js": {"path":"/home/christian/MEGA/Phase 3/Project/backend/models/session.js","statementMap":{"0":{"start":{"line":4,"column":4},"end":{"line":4,"column":24}},"1":{"start":{"line":5,"column":0},"end":{"line":28,"column":2}},"2":{"start":{"line":14,"column":6},"end":{"line":14,"column":62}},"3":{"start":{"line":15,"column":6},"end":{"line":15,"column":62}},"4":{"start":{"line":16,"column":6},"end":{"line":16,"column":72}},"5":{"start":{"line":19,"column":2},"end":{"line":26,"column":5}},"6":{"start":{"line":27,"column":2},"end":{"line":27,"column":17}}},"fnMap":{"0":{"name":"(anonymous_0)","decl":{"start":{"line":5,"column":17},"end":{"line":5,"column":18}},"loc":{"start":{"line":5,"column":43},"end":{"line":28,"column":1}},"line":5},"1":{"name":"(anonymous_1)","decl":{"start":{"line":12,"column":4},"end":{"line":12,"column":5}},"loc":{"start":{"line":12,"column":29},"end":{"line":17,"column":5}},"line":12}},"branchMap":{},"s":{"0":1,"1":1,"2":1,"3":1,"4":1,"5":1,"6":1},"f":{"0":1,"1":1},"b":{},"_coverageSchema":"1a1c01bbd47fc00a2c39e90264f33305004495a9","hash":"6ce9506b895d8574d5421528311f4d4c6e526a08"}
,"/home/christian/MEGA/Phase 3/Project/backend/models/transaction.js": {"path":"/home/christian/MEGA/Phase 3/Project/backend/models/transaction.js","statementMap":{"0":{"start":{"line":2,"column":18},"end":{"line":2,"column":38}},"1":{"start":{"line":3,"column":0},"end":{"line":31,"column":2}},"2":{"start":{"line":12,"column":6},"end":{"line":12,"column":67}},"3":{"start":{"line":15,"column":2},"end":{"line":29,"column":4}},"4":{"start":{"line":30,"column":2},"end":{"line":30,"column":21}}},"fnMap":{"0":{"name":"(anonymous_0)","decl":{"start":{"line":3,"column":17},"end":{"line":3,"column":18}},"loc":{"start":{"line":3,"column":43},"end":{"line":31,"column":1}},"line":3},"1":{"name":"(anonymous_1)","decl":{"start":{"line":10,"column":4},"end":{"line":10,"column":5}},"loc":{"start":{"line":10,"column":29},"end":{"line":13,"column":5}},"line":10}},"branchMap":{},"s":{"0":1,"1":1,"2":1,"3":1,"4":1},"f":{"0":1,"1":1},"b":{},"_coverageSchema":"1a1c01bbd47fc00a2c39e90264f33305004495a9","hash":"5e1b3140c345b106c4262b2666cd8e2bdd6d4520"}
,"/home/christian/MEGA/Phase 3/Project/backend/models/user.js": {"path":"/home/christian/MEGA/Phase 3/Project/backend/models/user.js","statementMap":{"0":{"start":{"line":2,"column":18},"end":{"line":2,"column":38}},"1":{"start":{"line":3,"column":25},"end":{"line":3,"column":46}},"2":{"start":{"line":4,"column":0},"end":{"line":89,"column":2}},"3":{"start":{"line":13,"column":6},"end":{"line":13,"column":61}},"4":{"start":{"line":14,"column":6},"end":{"line":14,"column":59}},"5":{"start":{"line":15,"column":6},"end":{"line":15,"column":65}},"6":{"start":{"line":16,"column":6},"end":{"line":16,"column":65}},"7":{"start":{"line":17,"column":6},"end":{"line":17,"column":65}},"8":{"start":{"line":20,"column":2},"end":{"line":84,"column":4}},"9":{"start":{"line":85,"column":2},"end":{"line":87,"column":5}},"10":{"start":{"line":86,"column":4},"end":{"line":86,"column":48}},"11":{"start":{"line":88,"column":2},"end":{"line":88,"column":14}}},"fnMap":{"0":{"name":"(anonymous_0)","decl":{"start":{"line":4,"column":17},"end":{"line":4,"column":18}},"loc":{"start":{"line":4,"column":43},"end":{"line":89,"column":1}},"line":4},"1":{"name":"(anonymous_1)","decl":{"start":{"line":11,"column":4},"end":{"line":11,"column":5}},"loc":{"start":{"line":11,"column":29},"end":{"line":18,"column":5}},"line":11},"2":{"name":"(anonymous_2)","decl":{"start":{"line":85,"column":20},"end":{"line":85,"column":21}},"loc":{"start":{"line":85,"column":30},"end":{"line":87,"column":3}},"line":85}},"branchMap":{},"s":{"0":1,"1":1,"2":1,"3":1,"4":1,"5":1,"6":1,"7":1,"8":1,"9":1,"10":2,"11":1},"f":{"0":1,"1":1,"2":2},"b":{},"_coverageSchema":"1a1c01bbd47fc00a2c39e90264f33305004495a9","hash":"20da68e35ded02fcab93d1d0ad4139d4b4176a67"}
,"/home/christian/MEGA/Phase 3/Project/backend/models/useranswer.js": {"path":"/home/christian/MEGA/Phase 3/Project/backend/models/useranswer.js","statementMap":{"0":{"start":{"line":2,"column":18},"end":{"line":2,"column":38}},"1":{"start":{"line":3,"column":0},"end":{"line":32,"column":2}},"2":{"start":{"line":12,"column":6},"end":{"line":12,"column":74}},"3":{"start":{"line":13,"column":6},"end":{"line":13,"column":70}},"4":{"start":{"line":14,"column":6},"end":{"line":14,"column":66}},"5":{"start":{"line":15,"column":6},"end":{"line":15,"column":66}},"6":{"start":{"line":18,"column":2},"end":{"line":30,"column":4}},"7":{"start":{"line":31,"column":2},"end":{"line":31,"column":20}}},"fnMap":{"0":{"name":"(anonymous_0)","decl":{"start":{"line":3,"column":17},"end":{"line":3,"column":18}},"loc":{"start":{"line":3,"column":43},"end":{"line":32,"column":1}},"line":3},"1":{"name":"(anonymous_1)","decl":{"start":{"line":10,"column":4},"end":{"line":10,"column":5}},"loc":{"start":{"line":10,"column":29},"end":{"line":16,"column":5}},"line":10}},"branchMap":{},"s":{"0":1,"1":1,"2":1,"3":1,"4":1,"5":1,"6":1,"7":1},"f":{"0":1,"1":1},"b":{},"_coverageSchema":"1a1c01bbd47fc00a2c39e90264f33305004495a9","hash":"91e284a021e6219a7394afb43deb4c2fd9c6ecf5"}
,"/home/christian/MEGA/Phase 3/Project/backend/routers/category.js": {"path":"/home/christian/MEGA/Phase 3/Project/backend/routers/category.js","statementMap":{"0":{"start":{"line":1,"column":16},"end":{"line":1,"column":34}},"1":{"start":{"line":2,"column":32},"end":{"line":2,"column":57}},"2":{"start":{"line":3,"column":27},"end":{"line":3,"column":71}},"3":{"start":{"line":4,"column":15},"end":{"line":4,"column":31}},"4":{"start":{"line":6,"column":0},"end":{"line":6,"column":23}},"5":{"start":{"line":7,"column":0},"end":{"line":7,"column":20}},"6":{"start":{"line":9,"column":0},"end":{"line":9,"column":49}},"7":{"start":{"line":10,"column":0},"end":{"line":10,"column":52}},"8":{"start":{"line":11,"column":0},"end":{"line":11,"column":55}},"9":{"start":{"line":12,"column":0},"end":{"line":12,"column":52}},"10":{"start":{"line":13,"column":0},"end":{"line":13,"column":57}},"11":{"start":{"line":15,"column":0},"end":{"line":15,"column":24}}},"fnMap":{},"branchMap":{},"s":{"0":1,"1":1,"2":1,"3":1,"4":1,"5":1,"6":1,"7":1,"8":1,"9":1,"10":1,"11":1},"f":{},"b":{},"_coverageSchema":"1a1c01bbd47fc00a2c39e90264f33305004495a9","hash":"939d0281588fac31919e7d25fe321e52e9679cf1"}
,"/home/christian/MEGA/Phase 3/Project/backend/routers/certificates.js": {"path":"/home/christian/MEGA/Phase 3/Project/backend/routers/certificates.js","statementMap":{"0":{"start":{"line":1,"column":16},"end":{"line":1,"column":34}},"1":{"start":{"line":2,"column":32},"end":{"line":2,"column":57}},"2":{"start":{"line":3,"column":30},"end":{"line":3,"column":77}},"3":{"start":{"line":5,"column":15},"end":{"line":5,"column":31}},"4":{"start":{"line":7,"column":0},"end":{"line":7,"column":76}},"5":{"start":{"line":8,"column":0},"end":{"line":8,"column":62}},"6":{"start":{"line":10,"column":0},"end":{"line":10,"column":24}}},"fnMap":{},"branchMap":{},"s":{"0":1,"1":1,"2":1,"3":1,"4":1,"5":1,"6":1},"f":{},"b":{},"_coverageSchema":"1a1c01bbd47fc00a2c39e90264f33305004495a9","hash":"5565cddbf2e63de10f2e9e6f5cbfb4bbf2925997"}
,"/home/christian/MEGA/Phase 3/Project/backend/routers/exams.js": {"path":"/home/christian/MEGA/Phase 3/Project/backend/routers/exams.js","statementMap":{"0":{"start":{"line":1,"column":16},"end":{"line":1,"column":34}},"1":{"start":{"line":2,"column":41},"end":{"line":2,"column":66}},"2":{"start":{"line":3,"column":27},"end":{"line":3,"column":52}},"3":{"start":{"line":4,"column":27},"end":{"line":4,"column":71}},"4":{"start":{"line":5,"column":15},"end":{"line":5,"column":31}},"5":{"start":{"line":7,"column":0},"end":{"line":7,"column":23}},"6":{"start":{"line":9,"column":0},"end":{"line":9,"column":42}},"7":{"start":{"line":10,"column":0},"end":{"line":10,"column":49}},"8":{"start":{"line":11,"column":0},"end":{"line":15,"column":2}},"9":{"start":{"line":17,"column":0},"end":{"line":17,"column":54}},"10":{"start":{"line":18,"column":0},"end":{"line":18,"column":48}},"11":{"start":{"line":19,"column":0},"end":{"line":19,"column":61}},"12":{"start":{"line":21,"column":0},"end":{"line":21,"column":56}},"13":{"start":{"line":22,"column":0},"end":{"line":22,"column":66}},"14":{"start":{"line":24,"column":0},"end":{"line":24,"column":55}},"15":{"start":{"line":25,"column":0},"end":{"line":25,"column":49}},"16":{"start":{"line":26,"column":0},"end":{"line":26,"column":54}},"17":{"start":{"line":28,"column":0},"end":{"line":28,"column":24}}},"fnMap":{},"branchMap":{},"s":{"0":1,"1":1,"2":1,"3":1,"4":1,"5":1,"6":1,"7":1,"8":1,"9":1,"10":1,"11":1,"12":1,"13":1,"14":1,"15":1,"16":1,"17":1},"f":{},"b":{},"_coverageSchema":"1a1c01bbd47fc00a2c39e90264f33305004495a9","hash":"f9005362c3a624ca70b7ddbdc9177343f49fadb9"}
,"/home/christian/MEGA/Phase 3/Project/backend/routers/grades.js": {"path":"/home/christian/MEGA/Phase 3/Project/backend/routers/grades.js","statementMap":{"0":{"start":{"line":1,"column":16},"end":{"line":1,"column":34}},"1":{"start":{"line":2,"column":41},"end":{"line":2,"column":66}},"2":{"start":{"line":3,"column":28},"end":{"line":3,"column":53}},"3":{"start":{"line":4,"column":15},"end":{"line":4,"column":31}},"4":{"start":{"line":6,"column":0},"end":{"line":6,"column":23}},"5":{"start":{"line":8,"column":0},"end":{"line":8,"column":51}},"6":{"start":{"line":9,"column":0},"end":{"line":9,"column":63}},"7":{"start":{"line":10,"column":0},"end":{"line":10,"column":66}},"8":{"start":{"line":12,"column":0},"end":{"line":12,"column":24}}},"fnMap":{},"branchMap":{},"s":{"0":1,"1":1,"2":1,"3":1,"4":1,"5":1,"6":1,"7":1,"8":1},"f":{},"b":{},"_coverageSchema":"1a1c01bbd47fc00a2c39e90264f33305004495a9","hash":"f89b898901b164184fde3ef6ea179c72d90dfd54"}
,"/home/christian/MEGA/Phase 3/Project/backend/routers/index.js": {"path":"/home/christian/MEGA/Phase 3/Project/backend/routers/index.js","statementMap":{"0":{"start":{"line":1,"column":16},"end":{"line":1,"column":34}},"1":{"start":{"line":2,"column":15},"end":{"line":2,"column":31}},"2":{"start":{"line":3,"column":13},"end":{"line":3,"column":33}},"3":{"start":{"line":4,"column":14},"end":{"line":4,"column":35}},"4":{"start":{"line":5,"column":18},"end":{"line":5,"column":43}},"5":{"start":{"line":6,"column":15},"end":{"line":6,"column":37}},"6":{"start":{"line":7,"column":19},"end":{"line":7,"column":43}},"7":{"start":{"line":8,"column":22},"end":{"line":8,"column":51}},"8":{"start":{"line":9,"column":21},"end":{"line":9,"column":49}},"9":{"start":{"line":10,"column":16},"end":{"line":10,"column":39}},"10":{"start":{"line":11,"column":23},"end":{"line":11,"column":63}},"11":{"start":{"line":13,"column":0},"end":{"line":13,"column":50}},"12":{"start":{"line":14,"column":0},"end":{"line":14,"column":44}},"13":{"start":{"line":15,"column":0},"end":{"line":15,"column":58}},"14":{"start":{"line":17,"column":0},"end":{"line":17,"column":27}},"15":{"start":{"line":18,"column":0},"end":{"line":18,"column":28}},"16":{"start":{"line":19,"column":0},"end":{"line":19,"column":36}},"17":{"start":{"line":20,"column":0},"end":{"line":20,"column":30}},"18":{"start":{"line":21,"column":0},"end":{"line":21,"column":38}},"19":{"start":{"line":22,"column":0},"end":{"line":22,"column":44}},"20":{"start":{"line":23,"column":0},"end":{"line":23,"column":42}},"21":{"start":{"line":24,"column":0},"end":{"line":24,"column":32}},"22":{"start":{"line":26,"column":0},"end":{"line":26,"column":24}}},"fnMap":{},"branchMap":{},"s":{"0":1,"1":1,"2":1,"3":1,"4":1,"5":1,"6":1,"7":1,"8":1,"9":1,"10":1,"11":1,"12":1,"13":1,"14":1,"15":1,"16":1,"17":1,"18":1,"19":1,"20":1,"21":1,"22":1},"f":{},"b":{},"_coverageSchema":"1a1c01bbd47fc00a2c39e90264f33305004495a9","hash":"a4cd7f1d1796ffdf4722f9c8d6e777ffd64c020c"}
,"/home/christian/MEGA/Phase 3/Project/backend/routers/organizations.js": {"path":"/home/christian/MEGA/Phase 3/Project/backend/routers/organizations.js","statementMap":{"0":{"start":{"line":1,"column":16},"end":{"line":1,"column":34}},"1":{"start":{"line":2,"column":32},"end":{"line":2,"column":57}},"2":{"start":{"line":3,"column":31},"end":{"line":3,"column":79}},"3":{"start":{"line":5,"column":15},"end":{"line":5,"column":31}},"4":{"start":{"line":7,"column":0},"end":{"line":7,"column":23}},"5":{"start":{"line":8,"column":0},"end":{"line":8,"column":20}},"6":{"start":{"line":10,"column":0},"end":{"line":10,"column":57}},"7":{"start":{"line":11,"column":0},"end":{"line":11,"column":60}},"8":{"start":{"line":12,"column":0},"end":{"line":12,"column":62}},"9":{"start":{"line":13,"column":0},"end":{"line":13,"column":60}},"10":{"start":{"line":14,"column":0},"end":{"line":14,"column":65}},"11":{"start":{"line":16,"column":0},"end":{"line":16,"column":24}}},"fnMap":{},"branchMap":{},"s":{"0":1,"1":1,"2":1,"3":1,"4":1,"5":1,"6":1,"7":1,"8":1,"9":1,"10":1,"11":1},"f":{},"b":{},"_coverageSchema":"1a1c01bbd47fc00a2c39e90264f33305004495a9","hash":"7cfe1d4dedb279983bf90775eb183e3771514094"}
,"/home/christian/MEGA/Phase 3/Project/backend/routers/payment.js": {"path":"/home/christian/MEGA/Phase 3/Project/backend/routers/payment.js","statementMap":{"0":{"start":{"line":1,"column":16},"end":{"line":1,"column":34}},"1":{"start":{"line":2,"column":32},"end":{"line":2,"column":57}},"2":{"start":{"line":3,"column":26},"end":{"line":3,"column":69}},"3":{"start":{"line":5,"column":15},"end":{"line":5,"column":31}},"4":{"start":{"line":7,"column":0},"end":{"line":7,"column":73}},"5":{"start":{"line":8,"column":0},"end":{"line":8,"column":64}},"6":{"start":{"line":10,"column":0},"end":{"line":10,"column":24}}},"fnMap":{},"branchMap":{},"s":{"0":1,"1":1,"2":1,"3":1,"4":1,"5":1,"6":1},"f":{},"b":{},"_coverageSchema":"1a1c01bbd47fc00a2c39e90264f33305004495a9","hash":"897124890c3c873dbde505c9399550696fd05841"}
,"/home/christian/MEGA/Phase 3/Project/backend/routers/questions.js": {"path":"/home/christian/MEGA/Phase 3/Project/backend/routers/questions.js","statementMap":{"0":{"start":{"line":1,"column":16},"end":{"line":1,"column":34}},"1":{"start":{"line":2,"column":32},"end":{"line":2,"column":57}},"2":{"start":{"line":3,"column":31},"end":{"line":3,"column":56}},"3":{"start":{"line":4,"column":15},"end":{"line":4,"column":31}},"4":{"start":{"line":6,"column":0},"end":{"line":6,"column":23}},"5":{"start":{"line":7,"column":0},"end":{"line":7,"column":20}},"6":{"start":{"line":9,"column":0},"end":{"line":9,"column":42}},"7":{"start":{"line":10,"column":0},"end":{"line":10,"column":44}},"8":{"start":{"line":11,"column":0},"end":{"line":11,"column":55}},"9":{"start":{"line":12,"column":0},"end":{"line":12,"column":49}},"10":{"start":{"line":14,"column":0},"end":{"line":14,"column":24}}},"fnMap":{},"branchMap":{},"s":{"0":1,"1":1,"2":1,"3":1,"4":1,"5":1,"6":1,"7":1,"8":1,"9":1,"10":1},"f":{},"b":{},"_coverageSchema":"1a1c01bbd47fc00a2c39e90264f33305004495a9","hash":"85f72396842b068f594cdb0cd644246358ba09b3"}
,"/home/christian/MEGA/Phase 3/Project/backend/routers/user.js": {"path":"/home/christian/MEGA/Phase 3/Project/backend/routers/user.js","statementMap":{"0":{"start":{"line":1,"column":16},"end":{"line":1,"column":34}},"1":{"start":{"line":2,"column":27},"end":{"line":2,"column":52}},"2":{"start":{"line":3,"column":41},"end":{"line":3,"column":66}},"3":{"start":{"line":4,"column":15},"end":{"line":4,"column":31}},"4":{"start":{"line":5,"column":17},"end":{"line":5,"column":45}},"5":{"start":{"line":14,"column":0},"end":{"line":14,"column":66}},"6":{"start":{"line":15,"column":0},"end":{"line":15,"column":62}},"7":{"start":{"line":18,"column":0},"end":{"line":18,"column":70}},"8":{"start":{"line":19,"column":0},"end":{"line":19,"column":63}},"9":{"start":{"line":20,"column":0},"end":{"line":20,"column":66}},"10":{"start":{"line":22,"column":0},"end":{"line":22,"column":24}}},"fnMap":{},"branchMap":{},"s":{"0":1,"1":1,"2":1,"3":1,"4":1,"5":1,"6":1,"7":1,"8":1,"9":1,"10":1},"f":{},"b":{},"_coverageSchema":"1a1c01bbd47fc00a2c39e90264f33305004495a9","hash":"d3db2ecc98ddd3d04ee4101c1242afa5810d3cbb"}
}
