TN:
SF:app.js
FNF:0
FNH:0
DA:1,1
DA:2,1
DA:5,1
DA:6,1
DA:7,1
DA:8,1
DA:9,1
DA:11,1
DA:12,1
DA:13,1
DA:15,1
DA:17,1
DA:19,1
LF:13
LH:13
BRDA:1,0,0,1
BRDA:1,0,1,0
BRF:2
BRH:1
end_of_record
TN:
SF:controllers/authController.js
FN:13,(anonymous_0)
FN:42,(anonymous_1)
FN:80,(anonymous_2)
FNF:3
FNH:3
FNDA:7,(anonymous_0)
FNDA:3,(anonymous_1)
FNDA:7,(anonymous_2)
DA:6,1
DA:7,1
DA:8,1
DA:14,7
DA:15,7
DA:17,7
DA:29,1
DA:31,1
DA:36,6
DA:43,3
DA:47,3
DA:48,2
DA:49,2
DA:51,1
DA:54,2
DA:67,2
DA:69,1
DA:74,2
DA:81,7
DA:82,7
DA:83,7
DA:84,6
DA:85,5
DA:90,5
DA:91,4
DA:92,4
DA:93,3
DA:96,2
DA:98,2
DA:100,2
DA:101,1
DA:111,1
DA:113,1
DA:116,2
DA:122,2
DA:131,5
DA:136,1
LF:37
LH:37
BRDA:47,0,0,2
BRDA:47,0,1,1
BRDA:67,1,0,1
BRDA:67,1,1,1
BRDA:83,2,0,1
BRDA:83,2,1,6
BRDA:84,3,0,1
BRDA:84,3,1,5
BRDA:90,4,0,1
BRDA:90,4,1,4
BRDA:92,5,0,1
BRDA:92,5,1,3
BRDA:93,6,0,1
BRDA:93,6,1,2
BRDA:100,7,0,1
BRDA:100,7,1,1
BRDA:100,8,0,2
BRDA:100,8,1,1
BRF:18
BRH:18
end_of_record
TN:
SF:controllers/categoryController.js
FN:5,(anonymous_0)
FN:78,(anonymous_1)
FN:92,(anonymous_2)
FN:108,(anonymous_3)
FN:134,(anonymous_4)
FNF:5
FNH:4
FNDA:4,(anonymous_0)
FNDA:2,(anonymous_1)
FNDA:2,(anonymous_2)
FNDA:3,(anonymous_3)
FNDA:0,(anonymous_4)
DA:1,1
DA:2,1
DA:6,4
DA:7,4
DA:9,4
DA:12,4
DA:13,4
DA:14,1
DA:18,4
DA:19,1
DA:25,4
DA:26,4
DA:28,4
DA:29,3
DA:31,1
DA:34,4
DA:37,4
DA:42,4
DA:44,4
DA:45,4
DA:46,1
DA:47,3
DA:48,2
DA:50,1
DA:54,4
DA:55,4
DA:56,0
DA:60,4
DA:67,4
DA:74,0
DA:79,2
DA:80,2
DA:82,2
DA:84,2
DA:86,1
DA:88,1
DA:93,2
DA:94,2
DA:96,2
DA:98,1
DA:102,1
DA:104,1
DA:109,3
DA:110,3
DA:111,3
DA:113,3
DA:115,2
DA:124,2
DA:126,1
DA:130,2
DA:135,0
DA:136,0
DA:138,0
DA:144,0
DA:146,0
DA:150,0
DA:155,1
LF:57
LH:49
BRDA:13,0,0,1
BRDA:13,0,1,3
BRDA:13,1,0,4
BRDA:13,1,1,4
BRDA:13,1,2,3
BRDA:18,2,0,1
BRDA:18,2,1,3
BRDA:28,3,0,3
BRDA:28,3,1,1
BRDA:28,4,0,4
BRDA:28,4,1,2
BRDA:45,5,0,1
BRDA:45,5,1,3
BRDA:45,6,0,4
BRDA:45,6,1,3
BRDA:47,7,0,2
BRDA:47,7,1,1
BRDA:47,8,0,3
BRDA:47,8,1,2
BRDA:55,9,0,0
BRDA:55,9,1,4
BRDA:84,10,0,1
BRDA:84,10,1,1
BRDA:96,11,0,1
BRDA:96,11,1,1
BRDA:113,12,0,1
BRDA:113,12,1,2
BRDA:124,13,0,1
BRDA:124,13,1,1
BRDA:144,14,0,0
BRDA:144,14,1,0
BRF:31
BRH:28
end_of_record
TN:
SF:controllers/certificateController.js
FN:7,(anonymous_0)
FN:76,(anonymous_1)
FNF:2
FNH:2
FNDA:3,(anonymous_0)
FNDA:2,(anonymous_1)
DA:1,1
DA:2,1
DA:8,3
DA:9,3
DA:11,3
DA:14,3
DA:15,3
DA:16,2
DA:20,3
DA:21,3
DA:23,3
DA:24,2
DA:26,1
DA:29,3
DA:32,3
DA:37,3
DA:39,3
DA:40,3
DA:41,1
DA:42,2
DA:43,1
DA:45,1
DA:49,3
DA:50,3
DA:51,0
DA:55,3
DA:63,3
DA:70,0
DA:77,2
DA:78,2
DA:79,2
DA:103,2
DA:104,1
DA:107,1
DA:109,1
DA:114,1
LF:36
LH:34
BRDA:15,0,0,2
BRDA:15,0,1,1
BRDA:15,1,0,3
BRDA:15,1,1,1
BRDA:15,1,2,1
BRDA:23,2,0,2
BRDA:23,2,1,1
BRDA:23,3,0,3
BRDA:23,3,1,3
BRDA:40,4,0,1
BRDA:40,4,1,2
BRDA:40,5,0,3
BRDA:40,5,1,2
BRDA:42,6,0,1
BRDA:42,6,1,1
BRDA:42,7,0,2
BRDA:42,7,1,1
BRDA:50,8,0,0
BRDA:50,8,1,3
BRDA:103,9,0,1
BRDA:103,9,1,1
BRF:21
BRH:20
end_of_record
TN:
SF:controllers/examController.js
FN:7,(anonymous_0)
FN:105,(anonymous_1)
FN:136,(anonymous_2)
FN:196,(anonymous_3)
FN:222,(anonymous_4)
FN:253,(anonymous_5)
FNF:6
FNH:6
FNDA:2,(anonymous_0)
FNDA:9,(anonymous_1)
FNDA:9,(anonymous_2)
FNDA:2,(anonymous_3)
FNDA:1,(anonymous_4)
FNDA:2,(anonymous_5)
DA:1,1
DA:2,1
DA:8,2
DA:10,2
DA:12,2
DA:15,2
DA:16,2
DA:17,1
DA:21,2
DA:22,2
DA:24,2
DA:25,1
DA:27,1
DA:30,2
DA:31,1
DA:33,1
DA:36,2
DA:39,2
DA:40,1
DA:42,1
DA:46,2
DA:47,2
DA:53,2
DA:58,2
DA:60,2
DA:61,2
DA:62,0
DA:63,2
DA:64,1
DA:66,1
DA:70,2
DA:71,2
DA:72,0
DA:76,2
DA:92,2
DA:99,0
DA:106,9
DA:114,9
DA:116,9
DA:117,2
DA:118,7
DA:119,7
DA:128,1
DA:130,8
DA:137,9
DA:138,9
DA:141,9
DA:145,9
DA:146,1
DA:156,8
DA:158,8
DA:159,1
DA:161,7
DA:162,7
DA:163,2
DA:165,5
DA:166,5
DA:168,3
DA:184,1
DA:186,1
DA:190,8
DA:197,2
DA:198,2
DA:199,2
DA:200,2
DA:202,1
DA:203,1
DA:205,1
DA:212,1
DA:216,1
DA:223,1
DA:224,1
DA:226,1
DA:230,1
DA:231,1
DA:235,0
DA:241,0
DA:243,0
DA:247,1
DA:254,2
DA:255,2
DA:257,2
DA:261,2
DA:263,1
DA:265,1
DA:269,1
LF:86
LH:80
BRDA:16,0,0,1
BRDA:16,0,1,1
BRDA:16,1,0,2
BRDA:16,1,1,2
BRDA:16,1,2,2
BRDA:24,2,0,1
BRDA:24,2,1,1
BRDA:24,3,0,2
BRDA:24,3,1,2
BRDA:30,4,0,1
BRDA:30,4,1,1
BRDA:30,5,0,2
BRDA:30,5,1,2
BRDA:39,6,0,1
BRDA:39,6,1,1
BRDA:39,7,0,2
BRDA:39,7,1,2
BRDA:46,8,0,2
BRDA:46,8,1,0
BRDA:61,9,0,0
BRDA:61,9,1,2
BRDA:61,10,0,2
BRDA:61,10,1,2
BRDA:63,11,0,1
BRDA:63,11,1,1
BRDA:63,12,0,2
BRDA:63,12,1,1
BRDA:71,13,0,0
BRDA:71,13,1,2
BRDA:116,14,0,2
BRDA:116,14,1,7
BRDA:116,15,0,9
BRDA:116,15,1,8
BRDA:118,16,0,0
BRDA:118,16,1,7
BRDA:118,17,0,7
BRDA:118,17,1,7
BRDA:145,18,0,1
BRDA:145,18,1,8
BRDA:158,19,0,1
BRDA:158,19,1,7
BRDA:158,20,0,8
BRDA:158,20,1,1
BRDA:158,20,2,1
BRDA:158,20,3,1
BRDA:158,20,4,1
BRDA:161,21,0,7
BRDA:161,21,1,0
BRDA:162,22,0,2
BRDA:162,22,1,5
BRDA:162,23,0,7
BRDA:162,23,1,6
BRDA:165,24,0,5
BRDA:165,24,1,0
BRDA:166,25,0,2
BRDA:166,25,1,3
BRDA:166,26,0,5
BRDA:166,26,1,4
BRDA:184,27,0,0
BRDA:184,27,1,1
BRDA:200,28,0,1
BRDA:200,28,1,1
BRDA:203,29,0,0
BRDA:203,29,1,1
BRDA:213,30,0,1
BRDA:213,30,1,0
BRDA:230,31,0,1
BRDA:230,31,1,0
BRDA:241,32,0,0
BRDA:241,32,1,0
BRDA:261,33,0,1
BRDA:261,33,1,1
BRF:72
BRH:60
end_of_record
TN:
SF:controllers/examUserController.js
FN:20,(anonymous_0)
FN:118,(anonymous_1)
FN:151,(anonymous_2)
FN:326,(anonymous_3)
FN:465,(anonymous_4)
FN:626,(anonymous_5)
FNF:6
FNH:6
FNDA:7,(anonymous_0)
FNDA:3,(anonymous_1)
FNDA:3,(anonymous_2)
FNDA:1,(anonymous_3)
FNDA:9,(anonymous_4)
FNDA:2,(anonymous_5)
DA:1,1
DA:15,1
DA:21,7
DA:22,7
DA:23,7
DA:24,7
DA:27,7
DA:32,7
DA:33,1
DA:37,6
DA:46,6
DA:47,0
DA:51,6
DA:53,6
DA:54,6
DA:57,5
DA:65,5
DA:69,4
DA:81,4
DA:82,1
DA:86,3
DA:100,3
DA:101,3
DA:104,3
DA:116,3
DA:117,3
DA:118,3
DA:119,3
DA:124,3
DA:129,3
DA:133,3
DA:135,3
DA:144,4
DA:145,4
DA:152,3
DA:153,3
DA:154,3
DA:156,3
DA:157,3
DA:210,3
DA:212,2
DA:214,2
DA:216,1
DA:223,1
DA:231,1
DA:235,1
DA:248,1
DA:250,1
DA:252,1
DA:259,1
DA:260,0
DA:261,0
DA:265,1
DA:268,1
DA:276,1
DA:277,1
DA:280,1
DA:284,1
DA:285,1
DA:286,3
DA:288,1
DA:290,1
DA:291,1
DA:293,1
DA:306,1
DA:309,1
DA:314,1
DA:317,1
DA:320,1
DA:327,1
DA:328,1
DA:329,1
DA:330,1
DA:332,1
DA:335,1
DA:344,1
DA:345,0
DA:348,1
DA:356,1
DA:361,1
DA:375,1
DA:377,1
DA:380,1
DA:381,0
DA:387,0
DA:388,0
DA:389,0
DA:394,1
DA:397,1
DA:405,1
DA:406,1
DA:409,1
DA:411,1
DA:412,1
DA:413,3
DA:415,1
DA:417,1
DA:418,1
DA:420,1
DA:433,1
DA:434,0
DA:437,1
DA:441,1
DA:451,1
DA:453,1
DA:458,0
DA:459,0
DA:466,9
DA:467,9
DA:468,9
DA:469,9
DA:472,9
DA:479,9
DA:481,9
DA:483,9
DA:484,0
DA:485,0
DA:490,0
DA:493,0
DA:497,9
DA:506,9
DA:507,2
DA:511,7
DA:519,7
DA:522,6
DA:531,6
DA:542,6
DA:544,1
DA:553,1
DA:554,0
DA:567,1
DA:570,5
DA:571,2
DA:585,5
DA:601,5
DA:602,2
DA:615,5
DA:620,3
DA:627,2
DA:628,2
DA:629,2
DA:631,2
DA:661,2
DA:663,1
DA:665,1
DA:670,1
LF:146
LH:130
BRDA:32,0,0,1
BRDA:32,0,1,6
BRDA:46,1,0,0
BRDA:46,1,1,6
BRDA:46,2,0,6
BRDA:46,2,1,6
BRDA:53,3,0,0
BRDA:53,3,1,6
BRDA:54,4,0,1
BRDA:54,4,1,5
BRDA:65,5,0,1
BRDA:65,5,1,4
BRDA:81,6,0,1
BRDA:81,6,1,3
BRDA:210,7,0,2
BRDA:210,7,1,1
BRDA:214,8,0,1
BRDA:214,8,1,1
BRDA:248,9,0,1
BRDA:248,9,1,0
BRDA:259,10,0,0
BRDA:259,10,1,1
BRDA:260,11,0,0
BRDA:260,11,1,0
BRDA:344,12,0,0
BRDA:344,12,1,1
BRDA:375,13,0,1
BRDA:375,13,1,0
BRDA:380,14,0,0
BRDA:380,14,1,1
BRDA:387,15,0,0
BRDA:387,15,1,0
BRDA:388,16,0,0
BRDA:388,16,1,0
BRDA:433,17,0,0
BRDA:433,17,1,1
BRDA:479,18,0,9
BRDA:479,18,1,0
BRDA:483,19,0,0
BRDA:483,19,1,9
BRDA:506,20,0,2
BRDA:506,20,1,7
BRDA:519,21,0,1
BRDA:519,21,1,6
BRDA:542,22,0,1
BRDA:542,22,1,5
BRDA:553,23,0,0
BRDA:553,23,1,1
BRDA:570,24,0,2
BRDA:570,24,1,3
BRDA:601,25,0,2
BRDA:601,25,1,3
BRDA:661,26,0,1
BRDA:661,26,1,1
BRF:54
BRH:37
end_of_record
TN:
SF:controllers/gradeController.js
FN:5,(anonymous_0)
FN:27,(anonymous_1)
FN:73,(anonymous_2)
FNF:3
FNH:3
FNDA:2,(anonymous_0)
FNDA:1,(anonymous_1)
FNDA:2,(anonymous_2)
DA:1,1
DA:6,2
DA:7,2
DA:9,2
DA:18,2
DA:20,1
DA:22,1
DA:28,1
DA:29,1
DA:30,1
DA:43,1
DA:45,0
DA:74,2
DA:75,2
DA:76,2
DA:77,2
DA:80,2
DA:91,2
DA:92,1
DA:97,1
DA:100,1
DA:101,1
DA:102,1
DA:106,1
DA:107,1
DA:109,1
DA:110,1
DA:112,0
DA:115,1
DA:118,1
DA:123,1
DA:125,1
DA:126,1
DA:127,0
DA:128,1
DA:129,1
DA:131,0
DA:135,1
DA:136,1
DA:137,0
DA:141,1
DA:162,1
DA:172,1
DA:177,1
LF:44
LH:39
BRDA:18,0,0,1
BRDA:18,0,1,1
BRDA:91,1,0,1
BRDA:91,1,1,1
BRDA:101,2,0,1
BRDA:101,2,1,0
BRDA:101,3,0,1
BRDA:101,3,1,0
BRDA:109,4,0,1
BRDA:109,4,1,0
BRDA:109,5,0,1
BRDA:109,5,1,0
BRDA:126,6,0,0
BRDA:126,6,1,1
BRDA:126,7,0,1
BRDA:126,7,1,1
BRDA:128,8,0,1
BRDA:128,8,1,0
BRDA:128,9,0,1
BRDA:128,9,1,1
BRDA:136,10,0,0
BRDA:136,10,1,1
BRF:22
BRH:15
end_of_record
TN:
SF:controllers/index.js
FNF:0
FNH:0
DA:1,1
DA:2,1
DA:3,1
DA:4,1
DA:6,1
LF:5
LH:5
BRF:0
BRH:0
end_of_record
TN:
SF:controllers/organizationController.js
FN:7,(anonymous_0)
FN:88,(anonymous_1)
FN:109,(anonymous_2)
FN:130,(anonymous_3)
FN:162,(anonymous_4)
FNF:5
FNH:4
FNDA:2,(anonymous_0)
FNDA:2,(anonymous_1)
FNDA:0,(anonymous_2)
FNDA:2,(anonymous_3)
FNDA:6,(anonymous_4)
DA:1,1
DA:2,1
DA:8,2
DA:9,2
DA:11,2
DA:14,2
DA:15,2
DA:16,2
DA:20,2
DA:21,0
DA:27,2
DA:28,2
DA:30,2
DA:31,2
DA:33,0
DA:36,2
DA:37,2
DA:39,0
DA:42,2
DA:45,2
DA:50,2
DA:52,2
DA:53,2
DA:54,0
DA:55,2
DA:56,2
DA:58,0
DA:62,2
DA:63,2
DA:64,0
DA:68,2
DA:75,2
DA:82,0
DA:89,2
DA:90,2
DA:91,2
DA:97,2
DA:98,1
DA:101,1
DA:103,1
DA:110,0
DA:111,0
DA:112,0
DA:118,0
DA:120,0
DA:124,0
DA:131,2
DA:132,2
DA:133,2
DA:135,2
DA:136,1
DA:138,1
DA:154,1
DA:158,1
DA:163,6
DA:164,6
DA:166,6
DA:167,5
DA:169,1
DA:178,1
DA:180,5
DA:185,1
LF:62
LH:49
BRDA:15,0,0,2
BRDA:15,0,1,0
BRDA:15,1,0,2
BRDA:15,1,1,0
BRDA:15,1,2,0
BRDA:20,2,0,0
BRDA:20,2,1,2
BRDA:30,3,0,2
BRDA:30,3,1,0
BRDA:30,4,0,2
BRDA:30,4,1,0
BRDA:36,5,0,2
BRDA:36,5,1,0
BRDA:36,6,0,2
BRDA:36,6,1,0
BRDA:53,7,0,0
BRDA:53,7,1,2
BRDA:53,8,0,2
BRDA:53,8,1,2
BRDA:55,9,0,2
BRDA:55,9,1,0
BRDA:55,10,0,2
BRDA:55,10,1,2
BRDA:63,11,0,0
BRDA:63,11,1,2
BRDA:97,12,0,1
BRDA:97,12,1,1
BRDA:118,13,0,0
BRDA:118,13,1,0
BRDA:135,14,0,1
BRDA:135,14,1,1
BRDA:135,15,0,2
BRDA:135,15,1,1
BRDA:135,15,2,1
BRDA:135,15,3,1
BRDA:135,15,4,1
BRDA:135,15,5,1
BRDA:166,16,0,5
BRDA:166,16,1,1
BRDA:166,17,0,6
BRDA:166,17,1,5
BRDA:166,17,2,4
BRDA:166,17,3,3
BRDA:166,17,4,2
BRDA:175,18,0,1
BRDA:175,18,1,0
BRF:46
BRH:32
end_of_record
TN:
SF:controllers/paymentController.js
FN:6,(anonymous_0)
FN:83,(anonymous_1)
FNF:2
FNH:0
FNDA:0,(anonymous_0)
FNDA:0,(anonymous_1)
DA:1,1
DA:2,1
DA:3,1
DA:7,0
DA:8,0
DA:9,0
DA:11,0
DA:13,0
DA:14,0
DA:17,0
DA:18,0
DA:20,0
DA:21,0
DA:22,0
DA:23,0
DA:24,0
DA:25,0
DA:26,0
DA:27,0
DA:28,0
DA:30,0
DA:33,0
DA:40,0
DA:41,0
DA:43,0
DA:50,0
DA:61,0
DA:62,0
DA:65,0
DA:74,0
DA:79,0
DA:84,0
DA:85,0
DA:86,0
DA:87,0
DA:88,0
DA:90,0
DA:91,0
DA:112,0
DA:116,0
DA:132,0
DA:134,0
DA:135,0
DA:137,0
DA:148,0
DA:151,0
DA:156,0
DA:167,0
DA:172,0
DA:177,1
LF:50
LH:4
BRDA:13,0,0,0
BRDA:13,0,1,0
BRDA:20,1,0,0
BRDA:20,1,1,0
BRDA:23,2,0,0
BRDA:23,2,1,0
BRDA:26,3,0,0
BRDA:26,3,1,0
BRDA:61,4,0,0
BRDA:61,4,1,0
BRDA:90,5,0,0
BRDA:90,5,1,0
BRDA:112,6,0,0
BRDA:112,6,1,0
BRDA:113,7,0,0
BRDA:113,7,1,0
BRDA:151,8,0,0
BRDA:151,8,1,0
BRDA:152,9,0,0
BRDA:152,9,1,0
BRDA:152,9,2,0
BRF:21
BRH:0
end_of_record
TN:
SF:controllers/questionController.js
FN:7,(anonymous_0)
FN:97,(anonymous_1)
FN:117,(anonymous_2)
FN:140,(anonymous_3)
FN:161,(anonymous_4)
FNF:5
FNH:4
FNDA:1,(anonymous_0)
FNDA:5,(anonymous_1)
FNDA:3,(anonymous_2)
FNDA:0,(anonymous_3)
FNDA:2,(anonymous_4)
DA:1,1
DA:2,1
DA:8,1
DA:9,1
DA:11,1
DA:14,1
DA:15,1
DA:16,1
DA:20,1
DA:21,1
DA:23,1
DA:24,1
DA:26,0
DA:29,1
DA:32,1
DA:33,0
DA:35,1
DA:39,1
DA:40,1
DA:46,1
DA:51,1
DA:53,1
DA:54,1
DA:55,1
DA:56,0
DA:57,0
DA:59,0
DA:63,1
DA:64,1
DA:65,1
DA:69,1
DA:84,1
DA:91,0
DA:98,5
DA:99,5
DA:100,5
DA:102,5
DA:103,1
DA:106,4
DA:116,2
DA:117,2
DA:118,3
DA:119,1
DA:122,2
DA:125,1
DA:129,1
DA:131,1
DA:133,4
DA:134,4
DA:141,0
DA:142,0
DA:143,0
DA:149,0
DA:151,0
DA:155,0
DA:162,2
DA:163,2
DA:164,2
DA:175,2
DA:177,1
DA:179,1
DA:265,1
LF:62
LH:50
BRDA:15,0,0,1
BRDA:15,0,1,0
BRDA:15,1,0,1
BRDA:15,1,1,0
BRDA:15,1,2,0
BRDA:23,2,0,1
BRDA:23,2,1,0
BRDA:23,3,0,1
BRDA:23,3,1,0
BRDA:32,4,0,0
BRDA:32,4,1,1
BRDA:32,5,0,1
BRDA:32,5,1,1
BRDA:39,6,0,1
BRDA:39,6,1,0
BRDA:54,7,0,1
BRDA:54,7,1,0
BRDA:54,8,0,1
BRDA:54,8,1,1
BRDA:56,9,0,0
BRDA:56,9,1,0
BRDA:56,10,0,0
BRDA:56,10,1,0
BRDA:64,11,0,1
BRDA:64,11,1,0
BRDA:102,12,0,1
BRDA:102,12,1,4
BRDA:102,13,0,5
BRDA:102,13,1,5
BRDA:118,14,0,1
BRDA:118,14,1,2
BRDA:149,15,0,0
BRDA:149,15,1,0
BRDA:175,16,0,1
BRDA:175,16,1,1
BRF:35
BRH:20
end_of_record
TN:
SF:controllers/scheduleController.js
FN:18,(anonymous_0)
FN:49,(anonymous_1)
FNF:2
FNH:0
FNDA:0,(anonymous_0)
FNDA:0,(anonymous_1)
DA:1,1
DA:15,1
DA:19,0
DA:20,0
DA:22,0
DA:28,0
DA:29,0
DA:31,0
DA:32,0
DA:35,0
DA:41,0
DA:45,0
DA:50,0
DA:51,0
DA:53,0
DA:59,0
DA:60,0
DA:63,0
DA:68,1
LF:19
LH:3
BRDA:31,0,0,0
BRDA:31,0,1,0
BRDA:59,1,0,0
BRDA:59,1,1,0
BRF:4
BRH:0
end_of_record
TN:
SF:controllers/userControllers.js
FN:9,(anonymous_0)
FN:93,(anonymous_1)
FN:117,(anonymous_2)
FN:138,(anonymous_3)
FN:157,(anonymous_4)
FNF:5
FNH:3
FNDA:1,(anonymous_0)
FNDA:2,(anonymous_1)
FNDA:0,(anonymous_2)
FNDA:1,(anonymous_3)
FNDA:0,(anonymous_4)
DA:1,1
DA:2,1
DA:3,1
DA:4,1
DA:10,1
DA:11,1
DA:13,1
DA:16,1
DA:17,1
DA:18,1
DA:22,1
DA:23,0
DA:29,1
DA:30,1
DA:32,1
DA:33,1
DA:35,0
DA:38,1
DA:39,1
DA:41,0
DA:44,1
DA:47,1
DA:52,1
DA:54,1
DA:55,1
DA:56,0
DA:57,1
DA:58,1
DA:60,0
DA:64,1
DA:65,1
DA:66,0
DA:70,1
DA:80,1
DA:87,0
DA:94,2
DA:95,2
DA:96,2
DA:105,2
DA:106,1
DA:109,1
DA:111,1
DA:118,0
DA:119,0
DA:120,0
DA:126,0
DA:128,0
DA:132,0
DA:139,1
DA:140,1
DA:141,1
DA:149,1
DA:151,0
DA:158,0
DA:159,0
DA:169,0
DA:171,0
DA:180,0
DA:182,0
DA:183,0
DA:184,0
DA:185,0
DA:189,0
DA:192,0
DA:210,0
DA:214,0
DA:250,1
LF:67
LH:40
BRDA:17,0,0,1
BRDA:17,0,1,0
BRDA:17,1,0,1
BRDA:17,1,1,0
BRDA:17,1,2,0
BRDA:22,2,0,0
BRDA:22,2,1,1
BRDA:32,3,0,1
BRDA:32,3,1,0
BRDA:32,4,0,1
BRDA:32,4,1,0
BRDA:38,5,0,1
BRDA:38,5,1,0
BRDA:38,6,0,1
BRDA:38,6,1,0
BRDA:55,7,0,0
BRDA:55,7,1,1
BRDA:55,8,0,1
BRDA:55,8,1,1
BRDA:57,9,0,1
BRDA:57,9,1,0
BRDA:57,10,0,1
BRDA:57,10,1,1
BRDA:65,11,0,0
BRDA:65,11,1,1
BRDA:105,12,0,1
BRDA:105,12,1,1
BRDA:126,13,0,0
BRDA:126,13,1,0
BRDA:171,14,0,0
BRDA:171,14,1,0
BRDA:172,15,0,0
BRDA:172,15,1,0
BRDA:172,15,2,0
BRDA:172,15,3,0
BRDA:172,15,4,0
BRDA:172,15,5,0
BRDA:172,15,6,0
BRDA:182,16,0,0
BRDA:182,16,1,0
BRDA:183,17,0,0
BRDA:183,17,1,0
BRDA:189,18,0,0
BRDA:189,18,1,0
BRF:44
BRH:16
end_of_record
TN:
SF:helpers/bcrypt.js
FN:4,(anonymous_0)
FN:8,(anonymous_1)
FNF:2
FNH:2
FNDA:2,(anonymous_0)
FNDA:4,(anonymous_1)
DA:1,1
DA:2,1
DA:4,1
DA:5,2
DA:8,1
DA:9,4
DA:12,1
LF:7
LH:7
BRF:0
BRH:0
end_of_record
TN:
SF:helpers/cloudinary.js
FNF:0
FNH:0
DA:1,1
DA:4,1
DA:11,1
LF:3
LH:3
BRF:0
BRH:0
end_of_record
TN:
SF:helpers/generator.js
FN:3,(anonymous_0)
FN:10,(anonymous_1)
FNF:2
FNH:2
FNDA:7,(anonymous_0)
FNDA:7,(anonymous_1)
DA:1,1
DA:3,1
DA:4,7
DA:10,1
DA:12,7
DA:17,7
DA:18,6
DA:20,7
DA:22,7
DA:25,1
LF:10
LH:10
BRDA:17,0,0,1
BRDA:17,0,1,6
BRF:2
BRH:2
end_of_record
TN:
SF:helpers/index.js
FNF:0
FNH:0
DA:1,1
DA:2,1
DA:3,1
DA:5,1
LF:4
LH:4
BRF:0
BRH:0
end_of_record
TN:
SF:helpers/jwt.js
FN:4,(anonymous_0)
FN:8,(anonymous_1)
FNF:2
FNH:2
FNDA:2,(anonymous_0)
FNDA:91,(anonymous_1)
DA:1,1
DA:2,1
DA:4,1
DA:5,2
DA:8,1
DA:9,91
DA:12,1
LF:7
LH:7
BRF:0
BRH:0
end_of_record
TN:
SF:helpers/multer.js
FNF:0
FNH:0
DA:1,1
DA:3,1
LF:2
LH:2
BRF:0
BRH:0
end_of_record
TN:
SF:helpers/sendEmailConfirmation.js
FN:2,(anonymous_0)
FN:18,(anonymous_1)
FNF:2
FNH:2
FNDA:1,(anonymous_0)
FNDA:1,(anonymous_1)
DA:1,1
DA:2,1
DA:3,1
DA:11,1
DA:18,1
DA:19,1
DA:20,0
DA:22,1
DA:27,1
LF:9
LH:8
BRDA:19,0,0,0
BRDA:19,0,1,1
BRF:2
BRH:1
end_of_record
TN:
SF:lib/destroyTables.js
FN:11,(anonymous_0)
FN:19,(anonymous_1)
FN:27,(anonymous_2)
FN:35,(anonymous_3)
FN:43,(anonymous_4)
FN:51,(anonymous_5)
FNF:6
FNH:6
FNDA:1,(anonymous_0)
FNDA:1,(anonymous_1)
FNDA:3,(anonymous_2)
FNDA:1,(anonymous_3)
FNDA:1,(anonymous_4)
FNDA:1,(anonymous_5)
DA:1,1
DA:9,1
DA:11,1
DA:12,1
DA:19,1
DA:20,1
DA:27,1
DA:28,3
DA:35,1
DA:36,1
DA:43,1
DA:44,1
DA:51,1
DA:52,1
DA:59,1
LF:15
LH:15
BRF:0
BRH:0
end_of_record
TN:
SF:lib/userInit.js
FN:4,(anonymous_0)
FN:12,(anonymous_1)
FN:25,(anonymous_2)
FN:30,(anonymous_3)
FN:59,(anonymous_4)
FNF:5
FNH:4
FNDA:1,(anonymous_0)
FNDA:1,(anonymous_1)
FNDA:1,(anonymous_2)
FNDA:3,(anonymous_3)
FNDA:0,(anonymous_4)
DA:1,1
DA:2,1
DA:4,1
DA:5,1
DA:12,1
DA:13,1
DA:25,1
DA:26,1
DA:27,1
DA:30,1
DA:31,3
DA:41,3
DA:43,3
DA:44,3
DA:54,3
DA:56,3
DA:59,1
DA:60,0
DA:72,0
DA:75,1
LF:20
LH:18
BRF:0
BRH:0
end_of_record
TN:
SF:middlewares/authentication.js
FN:4,(anonymous_0)
FNF:1
FNH:1
FNDA:94,(anonymous_0)
DA:1,1
DA:2,1
DA:4,1
DA:5,94
DA:6,94
DA:7,94
DA:9,91
DA:10,90
DA:12,90
DA:13,90
DA:14,90
DA:15,90
DA:17,4
DA:21,1
LF:14
LH:14
BRDA:7,0,0,3
BRDA:7,0,1,91
BRDA:12,1,0,0
BRDA:12,1,1,90
BRDA:13,2,0,0
BRDA:13,2,1,90
BRF:6
BRH:4
end_of_record
TN:
SF:middlewares/authorization.js
FN:3,(anonymous_0)
FNF:1
FNH:1
FNDA:58,(anonymous_0)
DA:1,1
DA:3,1
DA:4,58
DA:5,58
DA:6,58
DA:7,58
DA:8,58
DA:10,0
DA:14,1
LF:9
LH:8
BRDA:7,0,0,0
BRDA:7,0,1,58
BRDA:7,1,0,58
BRDA:7,1,1,58
BRF:4
BRH:3
end_of_record
TN:
SF:middlewares/errorHandler.js
FN:1,(anonymous_0)
FNF:1
FNH:1
FNDA:65,(anonymous_0)
DA:1,1
DA:5,65
DA:6,65
DA:9,65
DA:13,12
DA:14,12
DA:17,65
DA:18,4
DA:19,4
DA:20,4
DA:22,0
DA:23,0
DA:27,65
DA:28,0
DA:29,0
DA:32,65
DA:33,15
DA:34,15
DA:37,65
DA:38,2
DA:39,2
DA:42,65
DA:43,1
DA:44,1
DA:47,65
DA:48,1
DA:49,1
DA:52,65
DA:53,4
DA:54,4
DA:57,65
DA:58,0
DA:59,0
DA:62,65
DA:63,0
DA:64,0
DA:67,65
DA:68,3
DA:69,3
DA:72,65
DA:73,4
DA:74,4
DA:77,65
DA:78,2
DA:79,2
DA:82,65
DA:83,1
DA:84,1
DA:87,65
DA:88,0
DA:89,0
DA:92,65
DA:93,1
DA:94,1
DA:97,65
DA:98,1
DA:99,1
DA:102,65
DA:103,1
DA:104,1
DA:107,65
DA:108,1
DA:109,1
DA:122,65
DA:123,2
DA:124,2
DA:127,65
DA:128,1
DA:129,1
DA:132,65
DA:133,1
DA:134,1
DA:137,65
DA:138,8
DA:139,8
DA:142,65
DA:143,0
DA:144,0
DA:147,65
DA:148,0
DA:149,0
DA:152,65
DA:157,1
LF:83
LH:69
BRDA:9,0,0,12
BRDA:9,0,1,53
BRDA:10,1,0,65
BRDA:10,1,1,54
BRDA:17,2,0,4
BRDA:17,2,1,61
BRDA:18,3,0,4
BRDA:18,3,1,0
BRDA:27,4,0,0
BRDA:27,4,1,65
BRDA:32,5,0,15
BRDA:32,5,1,50
BRDA:37,6,0,2
BRDA:37,6,1,63
BRDA:42,7,0,1
BRDA:42,7,1,64
BRDA:47,8,0,1
BRDA:47,8,1,64
BRDA:52,9,0,4
BRDA:52,9,1,61
BRDA:52,10,0,65
BRDA:52,10,1,62
BRDA:57,11,0,0
BRDA:57,11,1,65
BRDA:62,12,0,0
BRDA:62,12,1,65
BRDA:67,13,0,3
BRDA:67,13,1,62
BRDA:72,14,0,4
BRDA:72,14,1,61
BRDA:77,15,0,2
BRDA:77,15,1,63
BRDA:82,16,0,1
BRDA:82,16,1,64
BRDA:87,17,0,0
BRDA:87,17,1,65
BRDA:92,18,0,1
BRDA:92,18,1,64
BRDA:97,19,0,1
BRDA:97,19,1,64
BRDA:102,20,0,1
BRDA:102,20,1,64
BRDA:107,21,0,1
BRDA:107,21,1,64
BRDA:122,22,0,2
BRDA:122,22,1,63
BRDA:127,23,0,1
BRDA:127,23,1,64
BRDA:132,24,0,1
BRDA:132,24,1,64
BRDA:137,25,0,8
BRDA:137,25,1,57
BRDA:142,26,0,0
BRDA:142,26,1,65
BRDA:147,27,0,0
BRDA:147,27,1,65
BRF:56
BRH:49
end_of_record
TN:
SF:middlewares/index.js
FNF:0
FNH:0
DA:1,1
DA:2,1
DA:3,1
DA:5,1
LF:4
LH:4
BRF:0
BRH:0
end_of_record
TN:
SF:models/answer.js
FN:3,(anonymous_0)
FN:10,(anonymous_1)
FNF:2
FNH:2
FNDA:1,(anonymous_0)
FNDA:1,(anonymous_1)
DA:2,1
DA:3,1
DA:12,1
DA:13,1
DA:16,1
DA:50,1
LF:6
LH:6
BRF:0
BRH:0
end_of_record
TN:
SF:models/category.js
FN:3,(anonymous_0)
FN:10,(anonymous_1)
FNF:2
FNH:2
FNDA:1,(anonymous_0)
FNDA:1,(anonymous_1)
DA:2,1
DA:3,1
DA:12,1
DA:13,1
DA:16,1
DA:39,1
LF:6
LH:6
BRF:0
BRH:0
end_of_record
TN:
SF:models/certificate.js
FN:3,(anonymous_0)
FN:10,(anonymous_1)
FNF:2
FNH:2
FNDA:1,(anonymous_0)
FNDA:1,(anonymous_1)
DA:2,1
DA:3,1
DA:12,1
DA:13,1
DA:14,1
DA:17,1
DA:91,1
LF:7
LH:7
BRF:0
BRH:0
end_of_record
TN:
SF:models/exam.js
FN:3,(anonymous_0)
FN:10,(anonymous_1)
FNF:2
FNH:2
FNDA:1,(anonymous_0)
FNDA:1,(anonymous_1)
DA:2,1
DA:3,1
DA:12,1
DA:13,1
DA:14,1
DA:15,1
DA:16,1
DA:17,1
DA:18,1
DA:21,1
DA:91,1
LF:11
LH:11
BRF:0
BRH:0
end_of_record
TN:
SF:models/examschedule.js
FN:3,(anonymous_0)
FN:10,(anonymous_1)
FNF:2
FNH:2
FNDA:1,(anonymous_0)
FNDA:1,(anonymous_1)
DA:2,1
DA:3,1
DA:12,1
DA:15,1
DA:60,1
LF:5
LH:5
BRF:0
BRH:0
end_of_record
TN:
SF:models/grade.js
FN:3,(anonymous_0)
FN:10,(anonymous_1)
FNF:2
FNH:2
FNDA:1,(anonymous_0)
FNDA:1,(anonymous_1)
DA:2,1
DA:3,1
DA:12,1
DA:13,1
DA:14,1
DA:17,1
DA:30,1
LF:7
LH:7
BRF:0
BRH:0
end_of_record
TN:
SF:models/index.js
FN:21,(anonymous_0)
FN:29,(anonymous_1)
FN:34,(anonymous_2)
FNF:3
FNH:3
FNDA:14,(anonymous_0)
FNDA:13,(anonymous_1)
FNDA:13,(anonymous_2)
DA:3,1
DA:4,1
DA:5,1
DA:6,1
DA:7,1
DA:8,1
DA:9,1
DA:10,1
DA:13,1
DA:14,0
DA:16,1
DA:19,1
DA:22,14
DA:30,13
DA:31,13
DA:34,1
DA:35,13
DA:36,13
DA:40,1
DA:41,1
DA:43,1
LF:21
LH:20
BRDA:8,0,0,1
BRDA:8,0,1,0
BRDA:13,1,0,0
BRDA:13,1,1,1
BRDA:23,2,0,14
BRDA:23,2,1,14
BRDA:23,2,2,13
BRDA:23,2,3,13
BRDA:35,3,0,13
BRDA:35,3,1,0
BRF:10
BRH:7
end_of_record
TN:
SF:models/organization.js
FN:3,(anonymous_0)
FN:10,(anonymous_1)
FNF:2
FNH:2
FNDA:1,(anonymous_0)
FNDA:1,(anonymous_1)
DA:2,1
DA:3,1
DA:12,1
DA:15,1
DA:69,1
LF:5
LH:5
BRF:0
BRH:0
end_of_record
TN:
SF:models/question.js
FN:3,(anonymous_0)
FN:10,(anonymous_1)
FNF:2
FNH:2
FNDA:1,(anonymous_0)
FNDA:1,(anonymous_1)
DA:2,1
DA:3,1
DA:12,1
DA:13,1
DA:14,1
DA:15,1
DA:18,1
DA:50,1
LF:8
LH:8
BRF:0
BRH:0
end_of_record
TN:
SF:models/questiongroup.js
FN:3,(anonymous_0)
FN:10,(anonymous_1)
FNF:2
FNH:2
FNDA:1,(anonymous_0)
FNDA:1,(anonymous_1)
DA:2,1
DA:3,1
DA:12,1
DA:13,1
DA:16,1
DA:27,1
LF:6
LH:6
BRF:0
BRH:0
end_of_record
TN:
SF:models/session.js
FN:5,(anonymous_0)
FN:12,(anonymous_1)
FNF:2
FNH:2
FNDA:1,(anonymous_0)
FNDA:1,(anonymous_1)
DA:4,1
DA:5,1
DA:14,1
DA:15,1
DA:16,1
DA:19,1
DA:27,1
LF:7
LH:7
BRF:0
BRH:0
end_of_record
TN:
SF:models/transaction.js
FN:3,(anonymous_0)
FN:10,(anonymous_1)
FNF:2
FNH:2
FNDA:1,(anonymous_0)
FNDA:1,(anonymous_1)
DA:2,1
DA:3,1
DA:12,1
DA:15,1
DA:30,1
LF:5
LH:5
BRF:0
BRH:0
end_of_record
TN:
SF:models/user.js
FN:4,(anonymous_0)
FN:11,(anonymous_1)
FN:85,(anonymous_2)
FNF:3
FNH:3
FNDA:1,(anonymous_0)
FNDA:1,(anonymous_1)
FNDA:2,(anonymous_2)
DA:2,1
DA:3,1
DA:4,1
DA:13,1
DA:14,1
DA:15,1
DA:16,1
DA:17,1
DA:20,1
DA:85,1
DA:86,2
DA:88,1
LF:12
LH:12
BRF:0
BRH:0
end_of_record
TN:
SF:models/useranswer.js
FN:3,(anonymous_0)
FN:10,(anonymous_1)
FNF:2
FNH:2
FNDA:1,(anonymous_0)
FNDA:1,(anonymous_1)
DA:2,1
DA:3,1
DA:12,1
DA:13,1
DA:14,1
DA:15,1
DA:18,1
DA:31,1
LF:8
LH:8
BRF:0
BRH:0
end_of_record
TN:
SF:routers/category.js
FNF:0
FNH:0
DA:1,1
DA:2,1
DA:3,1
DA:4,1
DA:6,1
DA:8,1
DA:9,1
DA:10,1
DA:11,1
DA:12,1
DA:14,1
LF:11
LH:11
BRF:0
BRH:0
end_of_record
TN:
SF:routers/certificates.js
FNF:0
FNH:0
DA:1,1
DA:2,1
DA:3,1
DA:5,1
DA:7,1
DA:8,1
DA:10,1
LF:7
LH:7
BRF:0
BRH:0
end_of_record
TN:
SF:routers/exams.js
FNF:0
FNH:0
DA:1,1
DA:2,1
DA:3,1
DA:4,1
DA:5,1
DA:7,1
DA:9,1
DA:10,1
DA:11,1
DA:17,1
DA:18,1
DA:19,1
DA:21,1
DA:22,1
DA:24,1
DA:25,1
DA:26,1
DA:28,1
LF:18
LH:18
BRF:0
BRH:0
end_of_record
TN:
SF:routers/examschedule.js
FNF:0
FNH:0
DA:1,1
DA:2,1
DA:3,1
DA:4,1
DA:6,1
DA:8,1
DA:9,1
DA:11,1
LF:8
LH:8
BRF:0
BRH:0
end_of_record
TN:
SF:routers/grades.js
FNF:0
FNH:0
DA:1,1
DA:2,1
DA:3,1
DA:4,1
DA:6,1
DA:8,1
DA:9,1
DA:10,1
DA:12,1
LF:9
LH:9
BRF:0
BRH:0
end_of_record
TN:
SF:routers/index.js
FNF:0
FNH:0
DA:1,1
DA:2,1
DA:3,1
DA:4,1
DA:5,1
DA:6,1
DA:7,1
DA:8,1
DA:9,1
DA:10,1
DA:11,1
DA:12,1
DA:14,1
DA:15,1
DA:16,1
DA:18,1
DA:19,1
DA:20,1
DA:21,1
DA:22,1
DA:23,1
DA:24,1
DA:25,1
DA:26,1
DA:28,1
LF:25
LH:25
BRF:0
BRH:0
end_of_record
TN:
SF:routers/organizations.js
FNF:0
FNH:0
DA:1,1
DA:2,1
DA:3,1
DA:5,1
DA:7,1
DA:8,1
DA:10,1
DA:11,1
DA:12,1
DA:13,1
DA:14,1
DA:16,1
LF:12
LH:12
BRF:0
BRH:0
end_of_record
TN:
SF:routers/payment.js
FNF:0
FNH:0
DA:1,1
DA:2,1
DA:3,1
DA:5,1
DA:7,1
DA:8,1
DA:10,1
LF:7
LH:7
BRF:0
BRH:0
end_of_record
TN:
SF:routers/questions.js
FNF:0
FNH:0
DA:1,1
DA:2,1
DA:3,1
DA:4,1
DA:6,1
DA:7,1
DA:9,1
DA:10,1
DA:11,1
DA:12,1
DA:14,1
LF:11
LH:11
BRF:0
BRH:0
end_of_record
TN:
SF:routers/user.js
FNF:0
FNH:0
DA:1,1
DA:2,1
DA:3,1
DA:4,1
DA:5,1
DA:14,1
DA:15,1
DA:18,1
DA:19,1
DA:20,1
DA:22,1
LF:11
LH:11
BRF:0
BRH:0
end_of_record
