TN:
SF:app.js
FNF:0
FNH:0
DA:1,1
DA:2,1
DA:5,1
DA:6,1
DA:7,1
DA:8,1
DA:9,1
DA:11,1
DA:12,1
DA:13,1
DA:15,1
DA:17,1
DA:19,1
LF:13
LH:13
BRDA:1,0,0,1
BRDA:1,0,1,0
BRF:2
BRH:1
end_of_record
TN:
SF:controllers/authController.js
FN:13,(anonymous_0)
FN:42,(anonymous_1)
FN:83,(anonymous_2)
FNF:3
FNH:2
FNDA:7,(anonymous_0)
FNDA:0,(anonymous_1)
FNDA:3,(anonymous_2)
DA:6,1
DA:7,1
DA:8,1
DA:14,7
DA:15,7
DA:17,7
DA:29,1
DA:31,1
DA:36,6
DA:43,0
DA:47,0
DA:48,0
DA:49,0
DA:50,0
DA:51,0
DA:52,0
DA:54,0
DA:57,0
DA:70,0
DA:72,0
DA:77,0
DA:84,3
DA:85,3
DA:86,3
DA:87,3
DA:88,3
DA:93,3
DA:94,2
DA:95,2
DA:96,1
DA:99,1
DA:101,1
DA:103,1
DA:104,1
DA:114,1
DA:116,0
DA:119,1
DA:125,1
DA:133,2
DA:138,1
LF:40
LH:27
BRDA:47,0,0,0
BRDA:47,0,1,0
BRDA:50,1,0,0
BRDA:50,1,1,0
BRDA:70,2,0,0
BRDA:70,2,1,0
BRDA:86,3,0,0
BRDA:86,3,1,3
BRDA:87,4,0,0
BRDA:87,4,1,3
BRDA:93,5,0,1
BRDA:93,5,1,2
BRDA:95,6,0,1
BRDA:95,6,1,1
BRDA:96,7,0,0
BRDA:96,7,1,1
BRDA:103,8,0,1
BRDA:103,8,1,0
BRDA:103,9,0,1
BRDA:103,9,1,0
BRF:20
BRH:9
end_of_record
TN:
SF:controllers/categoryController.js
FN:5,(anonymous_0)
FN:86,(anonymous_1)
FN:100,(anonymous_2)
FN:116,(anonymous_3)
FN:142,(anonymous_4)
FNF:5
FNH:4
FNDA:1,(anonymous_0)
FNDA:1,(anonymous_1)
FNDA:1,(anonymous_2)
FNDA:1,(anonymous_3)
FNDA:0,(anonymous_4)
DA:1,1
DA:2,1
DA:6,1
DA:7,1
DA:9,1
DA:12,1
DA:13,1
DA:14,1
DA:18,1
DA:19,0
DA:25,1
DA:26,1
DA:28,1
DA:29,1
DA:31,0
DA:34,1
DA:36,1
DA:39,1
DA:43,1
DA:44,1
DA:47,1
DA:48,1
DA:50,1
DA:51,1
DA:52,0
DA:53,1
DA:54,1
DA:56,0
DA:59,1
DA:62,1
DA:63,1
DA:64,0
DA:68,1
DA:75,1
DA:82,0
DA:87,1
DA:88,1
DA:90,1
DA:92,1
DA:94,1
DA:96,0
DA:101,1
DA:102,1
DA:104,1
DA:106,1
DA:110,1
DA:112,0
DA:117,1
DA:118,1
DA:119,1
DA:121,1
DA:123,1
DA:132,1
DA:134,1
DA:138,0
DA:143,0
DA:144,0
DA:146,0
DA:152,0
DA:154,0
DA:158,0
DA:163,1
LF:62
LH:47
BRDA:13,0,0,1
BRDA:13,0,1,0
BRDA:13,1,0,1
BRDA:13,1,1,0
BRDA:13,1,2,0
BRDA:18,2,0,0
BRDA:18,2,1,1
BRDA:28,3,0,1
BRDA:28,3,1,0
BRDA:28,4,0,1
BRDA:28,4,1,0
BRDA:51,5,0,0
BRDA:51,5,1,1
BRDA:51,6,0,1
BRDA:51,6,1,1
BRDA:53,7,0,1
BRDA:53,7,1,0
BRDA:53,8,0,1
BRDA:53,8,1,1
BRDA:63,9,0,0
BRDA:63,9,1,1
BRDA:92,10,0,0
BRDA:92,10,1,1
BRDA:104,11,0,0
BRDA:104,11,1,1
BRDA:121,12,0,0
BRDA:121,12,1,1
BRDA:132,13,0,0
BRDA:132,13,1,1
BRDA:152,14,0,0
BRDA:152,14,1,0
BRF:31
BRH:16
end_of_record
TN:
SF:controllers/certificateController.js
FN:7,(anonymous_0)
FN:89,(anonymous_1)
FNF:2
FNH:0
FNDA:0,(anonymous_0)
FNDA:0,(anonymous_1)
DA:1,1
DA:2,1
DA:8,0
DA:9,0
DA:11,0
DA:14,0
DA:15,0
DA:16,0
DA:20,0
DA:21,0
DA:23,0
DA:24,0
DA:26,0
DA:29,0
DA:30,0
DA:32,0
DA:35,0
DA:37,0
DA:40,0
DA:44,0
DA:45,0
DA:48,0
DA:49,0
DA:51,0
DA:52,0
DA:53,0
DA:54,0
DA:55,0
DA:57,0
DA:60,0
DA:63,0
DA:64,0
DA:65,0
DA:69,0
DA:76,0
DA:83,0
DA:90,0
DA:91,0
DA:92,0
DA:115,0
DA:117,0
DA:122,1
LF:42
LH:3
BRDA:15,0,0,0
BRDA:15,0,1,0
BRDA:15,1,0,0
BRDA:15,1,1,0
BRDA:15,1,2,0
BRDA:23,2,0,0
BRDA:23,2,1,0
BRDA:23,3,0,0
BRDA:23,3,1,0
BRDA:29,4,0,0
BRDA:29,4,1,0
BRDA:29,5,0,0
BRDA:29,5,1,0
BRDA:52,6,0,0
BRDA:52,6,1,0
BRDA:52,7,0,0
BRDA:52,7,1,0
BRDA:54,8,0,0
BRDA:54,8,1,0
BRDA:54,9,0,0
BRDA:54,9,1,0
BRDA:64,10,0,0
BRDA:64,10,1,0
BRF:23
BRH:0
end_of_record
TN:
SF:controllers/examController.js
FN:7,(anonymous_0)
FN:112,(anonymous_1)
FN:143,(anonymous_2)
FN:203,(anonymous_3)
FN:229,(anonymous_4)
FN:260,(anonymous_5)
FNF:6
FNH:4
FNDA:1,(anonymous_0)
FNDA:1,(anonymous_1)
FNDA:1,(anonymous_2)
FNDA:1,(anonymous_3)
FNDA:0,(anonymous_4)
FNDA:0,(anonymous_5)
DA:1,1
DA:2,1
DA:8,1
DA:10,1
DA:12,1
DA:15,1
DA:16,1
DA:17,1
DA:21,1
DA:22,1
DA:24,1
DA:25,1
DA:27,0
DA:30,1
DA:31,1
DA:33,0
DA:36,1
DA:38,1
DA:39,1
DA:42,1
DA:43,1
DA:45,0
DA:49,1
DA:50,0
DA:55,1
DA:58,1
DA:62,1
DA:63,1
DA:66,1
DA:67,1
DA:69,1
DA:70,1
DA:71,0
DA:72,1
DA:73,1
DA:75,0
DA:78,1
DA:81,1
DA:82,1
DA:83,0
DA:87,1
DA:99,1
DA:106,0
DA:113,1
DA:121,1
DA:123,1
DA:124,0
DA:125,1
DA:126,1
DA:135,1
DA:137,0
DA:144,1
DA:145,1
DA:148,1
DA:152,1
DA:153,0
DA:163,1
DA:165,1
DA:166,0
DA:168,1
DA:169,1
DA:170,0
DA:172,1
DA:173,1
DA:175,1
DA:191,1
DA:193,1
DA:197,0
DA:204,1
DA:205,1
DA:206,1
DA:207,1
DA:209,1
DA:210,1
DA:212,1
DA:219,1
DA:223,0
DA:230,0
DA:231,0
DA:233,0
DA:237,0
DA:238,0
DA:242,0
DA:248,0
DA:250,0
DA:254,0
DA:261,0
DA:262,0
DA:263,0
DA:265,0
DA:268,0
DA:269,0
DA:271,0
DA:275,1
LF:94
LH:63
BRDA:16,0,0,1
BRDA:16,0,1,0
BRDA:16,1,0,1
BRDA:16,1,1,0
BRDA:16,1,2,0
BRDA:24,2,0,1
BRDA:24,2,1,0
BRDA:24,3,0,1
BRDA:24,3,1,0
BRDA:30,4,0,1
BRDA:30,4,1,0
BRDA:30,5,0,1
BRDA:30,5,1,0
BRDA:42,6,0,1
BRDA:42,6,1,0
BRDA:42,7,0,1
BRDA:42,7,1,0
BRDA:49,8,0,0
BRDA:49,8,1,1
BRDA:70,9,0,0
BRDA:70,9,1,1
BRDA:70,10,0,1
BRDA:70,10,1,1
BRDA:72,11,0,1
BRDA:72,11,1,0
BRDA:72,12,0,1
BRDA:72,12,1,1
BRDA:82,13,0,0
BRDA:82,13,1,1
BRDA:123,14,0,0
BRDA:123,14,1,1
BRDA:123,15,0,1
BRDA:123,15,1,1
BRDA:125,16,0,0
BRDA:125,16,1,1
BRDA:125,17,0,1
BRDA:125,17,1,1
BRDA:152,18,0,0
BRDA:152,18,1,1
BRDA:165,19,0,0
BRDA:165,19,1,1
BRDA:165,20,0,1
BRDA:165,20,1,0
BRDA:165,20,2,0
BRDA:165,20,3,0
BRDA:165,20,4,0
BRDA:168,21,0,1
BRDA:168,21,1,0
BRDA:169,22,0,0
BRDA:169,22,1,1
BRDA:169,23,0,1
BRDA:169,23,1,1
BRDA:172,24,0,1
BRDA:172,24,1,0
BRDA:173,25,0,0
BRDA:173,25,1,1
BRDA:173,26,0,1
BRDA:173,26,1,1
BRDA:191,27,0,0
BRDA:191,27,1,1
BRDA:207,28,0,0
BRDA:207,28,1,1
BRDA:210,29,0,0
BRDA:210,29,1,1
BRDA:220,30,0,1
BRDA:220,30,1,0
BRDA:237,31,0,0
BRDA:237,31,1,0
BRDA:248,32,0,0
BRDA:248,32,1,0
BRDA:268,33,0,0
BRDA:268,33,1,0
BRF:72
BRH:37
end_of_record
TN:
SF:controllers/examUserController.js
FN:19,(anonymous_0)
FN:103,(anonymous_1)
FN:136,(anonymous_2)
FN:331,(anonymous_3)
FN:484,(anonymous_4)
FN:644,(anonymous_5)
FNF:6
FNH:2
FNDA:1,(anonymous_0)
FNDA:1,(anonymous_1)
FNDA:0,(anonymous_2)
FNDA:0,(anonymous_3)
FNDA:0,(anonymous_4)
FNDA:0,(anonymous_5)
DA:1,1
DA:14,1
DA:20,1
DA:21,1
DA:22,1
DA:23,1
DA:26,1
DA:31,1
DA:32,0
DA:36,1
DA:38,1
DA:39,1
DA:42,1
DA:50,1
DA:54,1
DA:66,1
DA:67,0
DA:71,1
DA:85,1
DA:86,1
DA:89,1
DA:101,1
DA:102,1
DA:103,1
DA:104,1
DA:109,1
DA:114,1
DA:118,1
DA:120,1
DA:129,0
DA:130,0
DA:137,0
DA:138,0
DA:139,0
DA:141,0
DA:142,0
DA:195,0
DA:197,0
DA:199,0
DA:201,0
DA:208,0
DA:216,0
DA:220,0
DA:233,0
DA:235,0
DA:237,0
DA:243,0
DA:246,0
DA:247,0
DA:248,0
DA:252,0
DA:255,0
DA:263,0
DA:265,0
DA:267,0
DA:268,0
DA:271,0
DA:275,0
DA:277,0
DA:278,0
DA:279,0
DA:280,0
DA:281,0
DA:282,0
DA:285,0
DA:287,0
DA:288,0
DA:290,0
DA:291,0
DA:292,0
DA:294,0
DA:307,0
DA:308,0
DA:311,0
DA:314,0
DA:319,0
DA:322,0
DA:325,0
DA:332,0
DA:333,0
DA:334,0
DA:335,0
DA:337,0
DA:340,0
DA:349,0
DA:350,0
DA:353,0
DA:361,0
DA:366,0
DA:380,0
DA:382,0
DA:384,0
DA:390,0
DA:393,0
DA:394,0
DA:395,0
DA:399,0
DA:402,0
DA:410,0
DA:412,0
DA:414,0
DA:415,0
DA:418,0
DA:420,0
DA:422,0
DA:423,0
DA:424,0
DA:425,0
DA:426,0
DA:427,0
DA:430,0
DA:432,0
DA:433,0
DA:435,0
DA:436,0
DA:437,0
DA:439,0
DA:452,0
DA:453,0
DA:456,0
DA:460,0
DA:470,0
DA:472,0
DA:477,0
DA:478,0
DA:485,0
DA:486,0
DA:487,0
DA:488,0
DA:491,0
DA:498,0
DA:500,0
DA:502,0
DA:503,0
DA:508,0
DA:511,0
DA:515,0
DA:524,0
DA:525,0
DA:529,0
DA:537,0
DA:540,0
DA:549,0
DA:560,0
DA:562,0
DA:571,0
DA:572,0
DA:585,0
DA:588,0
DA:589,0
DA:603,0
DA:619,0
DA:620,0
DA:633,0
DA:638,0
DA:645,0
DA:646,0
DA:647,0
DA:649,0
DA:678,0
DA:680,0
DA:685,1
LF:162
LH:28
BRDA:31,0,0,0
BRDA:31,0,1,1
BRDA:38,1,0,0
BRDA:38,1,1,1
BRDA:39,2,0,0
BRDA:39,2,1,1
BRDA:50,3,0,0
BRDA:50,3,1,1
BRDA:66,4,0,0
BRDA:66,4,1,1
BRDA:195,5,0,0
BRDA:195,5,1,0
BRDA:199,6,0,0
BRDA:199,6,1,0
BRDA:233,7,0,0
BRDA:233,7,1,0
BRDA:246,8,0,0
BRDA:246,8,1,0
BRDA:247,9,0,0
BRDA:247,9,1,0
BRDA:277,10,0,0
BRDA:277,10,1,0
BRDA:279,11,0,0
BRDA:279,11,1,0
BRDA:281,12,0,0
BRDA:281,12,1,0
BRDA:307,13,0,0
BRDA:307,13,1,0
BRDA:349,14,0,0
BRDA:349,14,1,0
BRDA:380,15,0,0
BRDA:380,15,1,0
BRDA:393,16,0,0
BRDA:393,16,1,0
BRDA:394,17,0,0
BRDA:394,17,1,0
BRDA:422,18,0,0
BRDA:422,18,1,0
BRDA:424,19,0,0
BRDA:424,19,1,0
BRDA:426,20,0,0
BRDA:426,20,1,0
BRDA:452,21,0,0
BRDA:452,21,1,0
BRDA:498,22,0,0
BRDA:498,22,1,0
BRDA:502,23,0,0
BRDA:502,23,1,0
BRDA:524,24,0,0
BRDA:524,24,1,0
BRDA:537,25,0,0
BRDA:537,25,1,0
BRDA:560,26,0,0
BRDA:560,26,1,0
BRDA:571,27,0,0
BRDA:571,27,1,0
BRDA:588,28,0,0
BRDA:588,28,1,0
BRDA:619,29,0,0
BRDA:619,29,1,0
BRF:60
BRH:5
end_of_record
TN:
SF:controllers/gradeController.js
FN:5,(anonymous_0)
FN:26,(anonymous_1)
FN:50,(anonymous_2)
FN:72,(anonymous_3)
FNF:4
FNH:0
FNDA:0,(anonymous_0)
FNDA:0,(anonymous_1)
FNDA:0,(anonymous_2)
FNDA:0,(anonymous_3)
DA:1,1
DA:6,0
DA:7,0
DA:9,0
DA:18,0
DA:19,0
DA:21,0
DA:27,0
DA:28,0
DA:29,0
DA:42,0
DA:44,0
DA:51,0
DA:52,0
DA:54,0
DA:60,0
DA:62,0
DA:66,0
DA:73,0
DA:74,0
DA:75,0
DA:76,0
DA:79,0
DA:90,0
DA:91,0
DA:96,0
DA:99,0
DA:100,0
DA:101,0
DA:105,0
DA:106,0
DA:108,0
DA:109,0
DA:111,0
DA:114,0
DA:116,0
DA:118,0
DA:121,0
DA:125,0
DA:126,0
DA:129,0
DA:130,0
DA:132,0
DA:133,0
DA:134,0
DA:135,0
DA:136,0
DA:138,0
DA:141,0
DA:144,0
DA:145,0
DA:146,0
DA:150,0
DA:171,0
DA:181,0
DA:186,1
LF:56
LH:2
BRDA:18,0,0,0
BRDA:18,0,1,0
BRDA:60,1,0,0
BRDA:60,1,1,0
BRDA:90,2,0,0
BRDA:90,2,1,0
BRDA:100,3,0,0
BRDA:100,3,1,0
BRDA:100,4,0,0
BRDA:100,4,1,0
BRDA:108,5,0,0
BRDA:108,5,1,0
BRDA:108,6,0,0
BRDA:108,6,1,0
BRDA:133,7,0,0
BRDA:133,7,1,0
BRDA:133,8,0,0
BRDA:133,8,1,0
BRDA:135,9,0,0
BRDA:135,9,1,0
BRDA:135,10,0,0
BRDA:135,10,1,0
BRDA:145,11,0,0
BRDA:145,11,1,0
BRF:24
BRH:0
end_of_record
TN:
SF:controllers/index.js
FNF:0
FNH:0
DA:1,1
DA:2,1
DA:3,1
DA:4,1
DA:6,1
LF:5
LH:5
BRF:0
BRH:0
end_of_record
TN:
SF:controllers/organizationController.js
FN:7,(anonymous_0)
FN:96,(anonymous_1)
FN:112,(anonymous_2)
FN:133,(anonymous_3)
FN:165,(anonymous_4)
FNF:5
FNH:0
FNDA:0,(anonymous_0)
FNDA:0,(anonymous_1)
FNDA:0,(anonymous_2)
FNDA:0,(anonymous_3)
FNDA:0,(anonymous_4)
DA:1,1
DA:2,1
DA:8,0
DA:9,0
DA:11,0
DA:14,0
DA:15,0
DA:16,0
DA:20,0
DA:21,0
DA:27,0
DA:28,0
DA:30,0
DA:31,0
DA:33,0
DA:36,0
DA:37,0
DA:39,0
DA:42,0
DA:44,0
DA:47,0
DA:51,0
DA:52,0
DA:55,0
DA:56,0
DA:58,0
DA:59,0
DA:60,0
DA:61,0
DA:62,0
DA:64,0
DA:67,0
DA:70,0
DA:71,0
DA:72,0
DA:76,0
DA:83,0
DA:90,0
DA:97,0
DA:98,0
DA:99,0
DA:104,0
DA:106,0
DA:113,0
DA:114,0
DA:115,0
DA:121,0
DA:123,0
DA:127,0
DA:134,0
DA:135,0
DA:136,0
DA:138,0
DA:139,0
DA:141,0
DA:157,0
DA:161,0
DA:166,0
DA:167,0
DA:169,0
DA:170,0
DA:172,0
DA:181,0
DA:183,0
DA:188,1
LF:65
LH:3
BRDA:15,0,0,0
BRDA:15,0,1,0
BRDA:15,1,0,0
BRDA:15,1,1,0
BRDA:15,1,2,0
BRDA:20,2,0,0
BRDA:20,2,1,0
BRDA:30,3,0,0
BRDA:30,3,1,0
BRDA:30,4,0,0
BRDA:30,4,1,0
BRDA:36,5,0,0
BRDA:36,5,1,0
BRDA:36,6,0,0
BRDA:36,6,1,0
BRDA:59,7,0,0
BRDA:59,7,1,0
BRDA:59,8,0,0
BRDA:59,8,1,0
BRDA:61,9,0,0
BRDA:61,9,1,0
BRDA:61,10,0,0
BRDA:61,10,1,0
BRDA:71,11,0,0
BRDA:71,11,1,0
BRDA:121,12,0,0
BRDA:121,12,1,0
BRDA:138,13,0,0
BRDA:138,13,1,0
BRDA:138,14,0,0
BRDA:138,14,1,0
BRDA:138,14,2,0
BRDA:138,14,3,0
BRDA:138,14,4,0
BRDA:169,15,0,0
BRDA:169,15,1,0
BRDA:169,16,0,0
BRDA:169,16,1,0
BRDA:169,16,2,0
BRDA:169,16,3,0
BRDA:169,16,4,0
BRDA:178,17,0,0
BRDA:178,17,1,0
BRF:43
BRH:0
end_of_record
TN:
SF:controllers/paymentController.js
FN:6,(anonymous_0)
FN:98,(anonymous_1)
FN:119,(anonymous_2)
FNF:3
FNH:0
FNDA:0,(anonymous_0)
FNDA:0,(anonymous_1)
FNDA:0,(anonymous_2)
DA:1,1
DA:2,1
DA:3,1
DA:7,0
DA:8,0
DA:9,0
DA:11,0
DA:13,0
DA:14,0
DA:17,0
DA:18,0
DA:20,0
DA:21,0
DA:23,0
DA:24,0
DA:25,0
DA:26,0
DA:27,0
DA:28,0
DA:29,0
DA:30,0
DA:31,0
DA:32,0
DA:33,0
DA:34,0
DA:35,0
DA:36,0
DA:39,0
DA:46,0
DA:48,0
DA:50,0
DA:52,0
DA:54,0
DA:61,0
DA:63,0
DA:74,0
DA:76,0
DA:77,0
DA:80,0
DA:89,0
DA:94,0
DA:99,0
DA:100,0
DA:101,0
DA:111,0
DA:115,0
DA:120,0
DA:121,0
DA:123,0
DA:125,0
DA:126,0
DA:127,0
DA:129,0
DA:131,0
DA:133,0
DA:135,0
DA:137,0
DA:139,0
DA:140,0
DA:148,0
DA:159,0
DA:161,0
DA:162,0
DA:165,0
DA:169,0
DA:185,0
DA:187,0
DA:189,0
DA:190,0
DA:192,0
DA:203,0
DA:206,0
DA:211,0
DA:222,0
DA:227,0
DA:232,1
LF:76
LH:4
BRDA:13,0,0,0
BRDA:13,0,1,0
BRDA:23,1,0,0
BRDA:23,1,1,0
BRDA:23,2,0,0
BRDA:23,2,1,0
BRDA:25,3,0,0
BRDA:25,3,1,0
BRDA:29,4,0,0
BRDA:29,4,1,0
BRDA:33,5,0,0
BRDA:33,5,1,0
BRDA:76,6,0,0
BRDA:76,6,1,0
BRDA:139,7,0,0
BRDA:139,7,1,0
BRDA:161,8,0,0
BRDA:161,8,1,0
BRDA:165,9,0,0
BRDA:165,9,1,0
BRDA:166,10,0,0
BRDA:166,10,1,0
BRDA:206,11,0,0
BRDA:206,11,1,0
BRDA:207,12,0,0
BRDA:207,12,1,0
BRDA:207,12,2,0
BRF:27
BRH:0
end_of_record
TN:
SF:controllers/questionController.js
FN:7,(anonymous_0)
FN:107,(anonymous_1)
FN:127,(anonymous_2)
FN:148,(anonymous_3)
FN:169,(anonymous_4)
FN:193,(anonymous_5)
FNF:6
FNH:4
FNDA:1,(anonymous_0)
FNDA:1,(anonymous_1)
FNDA:2,(anonymous_2)
FNDA:0,(anonymous_3)
FNDA:1,(anonymous_4)
FNDA:0,(anonymous_5)
DA:1,1
DA:2,1
DA:8,1
DA:9,1
DA:11,1
DA:14,1
DA:15,1
DA:16,1
DA:20,1
DA:21,1
DA:23,1
DA:24,1
DA:26,0
DA:29,1
DA:31,1
DA:34,1
DA:35,1
DA:37,0
DA:41,1
DA:42,0
DA:47,1
DA:50,1
DA:54,1
DA:55,1
DA:58,1
DA:59,1
DA:61,1
DA:62,1
DA:63,0
DA:64,1
DA:65,1
DA:67,0
DA:70,1
DA:73,1
DA:74,1
DA:75,0
DA:79,1
DA:94,1
DA:101,0
DA:108,1
DA:109,1
DA:110,1
DA:112,1
DA:113,0
DA:116,1
DA:126,1
DA:127,1
DA:128,2
DA:131,1
DA:133,1
DA:137,1
DA:139,1
DA:141,0
DA:142,0
DA:149,0
DA:150,0
DA:151,0
DA:157,0
DA:159,0
DA:163,0
DA:170,1
DA:171,1
DA:172,1
DA:183,1
DA:185,1
DA:187,0
DA:194,0
DA:195,0
DA:197,0
DA:200,0
DA:201,0
DA:202,0
DA:206,0
DA:207,0
DA:209,0
DA:210,0
DA:212,0
DA:215,0
DA:217,0
DA:220,0
DA:221,0
DA:223,0
DA:227,0
DA:228,0
DA:233,0
DA:236,0
DA:240,0
DA:241,0
DA:244,0
DA:245,0
DA:247,0
DA:248,0
DA:249,0
DA:250,0
DA:251,0
DA:253,0
DA:256,0
DA:259,0
DA:260,0
DA:261,0
DA:265,0
DA:272,0
DA:279,0
DA:283,1
LF:104
LH:50
BRDA:15,0,0,1
BRDA:15,0,1,0
BRDA:15,1,0,1
BRDA:15,1,1,0
BRDA:15,1,2,0
BRDA:23,2,0,1
BRDA:23,2,1,0
BRDA:23,3,0,1
BRDA:23,3,1,0
BRDA:34,4,0,1
BRDA:34,4,1,0
BRDA:34,5,0,1
BRDA:34,5,1,0
BRDA:41,6,0,0
BRDA:41,6,1,1
BRDA:62,7,0,0
BRDA:62,7,1,1
BRDA:62,8,0,1
BRDA:62,8,1,1
BRDA:64,9,0,1
BRDA:64,9,1,0
BRDA:64,10,0,1
BRDA:64,10,1,1
BRDA:74,11,0,0
BRDA:74,11,1,1
BRDA:112,12,0,0
BRDA:112,12,1,1
BRDA:112,13,0,1
BRDA:112,13,1,1
BRDA:157,14,0,0
BRDA:157,14,1,0
BRDA:183,15,0,0
BRDA:183,15,1,1
BRDA:201,16,0,0
BRDA:201,16,1,0
BRDA:201,17,0,0
BRDA:201,17,1,0
BRDA:201,18,0,0
BRDA:201,18,1,0
BRDA:209,19,0,0
BRDA:209,19,1,0
BRDA:209,20,0,0
BRDA:209,20,1,0
BRDA:220,21,0,0
BRDA:220,21,1,0
BRDA:220,22,0,0
BRDA:220,22,1,0
BRDA:227,23,0,0
BRDA:227,23,1,0
BRDA:248,24,0,0
BRDA:248,24,1,0
BRDA:248,25,0,0
BRDA:248,25,1,0
BRDA:250,26,0,0
BRDA:250,26,1,0
BRDA:250,27,0,0
BRDA:250,27,1,0
BRDA:260,28,0,0
BRDA:260,28,1,0
BRF:59
BRH:18
end_of_record
TN:
SF:controllers/userControllers.js
FN:9,(anonymous_0)
FN:101,(anonymous_1)
FN:120,(anonymous_2)
FN:141,(anonymous_3)
FN:160,(anonymous_4)
FNF:5
FNH:2
FNDA:0,(anonymous_0)
FNDA:1,(anonymous_1)
FNDA:0,(anonymous_2)
FNDA:1,(anonymous_3)
FNDA:0,(anonymous_4)
DA:1,1
DA:2,1
DA:3,1
DA:4,1
DA:10,0
DA:11,0
DA:13,0
DA:16,0
DA:17,0
DA:18,0
DA:22,0
DA:23,0
DA:29,0
DA:30,0
DA:32,0
DA:33,0
DA:35,0
DA:38,0
DA:39,0
DA:41,0
DA:44,0
DA:46,0
DA:49,0
DA:53,0
DA:54,0
DA:57,0
DA:58,0
DA:60,0
DA:61,0
DA:62,0
DA:63,0
DA:64,0
DA:66,0
DA:69,0
DA:72,0
DA:73,0
DA:74,0
DA:78,0
DA:88,0
DA:95,0
DA:102,1
DA:103,1
DA:104,1
DA:112,1
DA:114,0
DA:121,0
DA:122,0
DA:123,0
DA:129,0
DA:131,0
DA:135,0
DA:142,1
DA:143,1
DA:144,1
DA:152,1
DA:154,0
DA:161,0
DA:162,0
DA:172,0
DA:174,0
DA:183,0
DA:185,0
DA:186,0
DA:187,0
DA:188,0
DA:192,0
DA:195,0
DA:213,0
DA:217,0
DA:253,1
LF:70
LH:13
BRDA:17,0,0,0
BRDA:17,0,1,0
BRDA:17,1,0,0
BRDA:17,1,1,0
BRDA:17,1,2,0
BRDA:22,2,0,0
BRDA:22,2,1,0
BRDA:32,3,0,0
BRDA:32,3,1,0
BRDA:32,4,0,0
BRDA:32,4,1,0
BRDA:38,5,0,0
BRDA:38,5,1,0
BRDA:38,6,0,0
BRDA:38,6,1,0
BRDA:61,7,0,0
BRDA:61,7,1,0
BRDA:61,8,0,0
BRDA:61,8,1,0
BRDA:63,9,0,0
BRDA:63,9,1,0
BRDA:63,10,0,0
BRDA:63,10,1,0
BRDA:73,11,0,0
BRDA:73,11,1,0
BRDA:129,12,0,0
BRDA:129,12,1,0
BRDA:174,13,0,0
BRDA:174,13,1,0
BRDA:175,14,0,0
BRDA:175,14,1,0
BRDA:175,14,2,0
BRDA:175,14,3,0
BRDA:175,14,4,0
BRDA:175,14,5,0
BRDA:175,14,6,0
BRDA:185,15,0,0
BRDA:185,15,1,0
BRDA:186,16,0,0
BRDA:186,16,1,0
BRDA:192,17,0,0
BRDA:192,17,1,0
BRF:42
BRH:0
end_of_record
TN:
SF:helpers/bcrypt.js
FN:4,(anonymous_0)
FN:8,(anonymous_1)
FNF:2
FNH:2
FNDA:2,(anonymous_0)
FNDA:2,(anonymous_1)
DA:1,1
DA:2,1
DA:4,1
DA:5,2
DA:8,1
DA:9,2
DA:12,1
LF:7
LH:7
BRF:0
BRH:0
end_of_record
TN:
SF:helpers/cloudinary.js
FNF:0
FNH:0
DA:1,1
DA:4,1
DA:11,1
LF:3
LH:3
BRF:0
BRH:0
end_of_record
TN:
SF:helpers/generator.js
FN:3,(anonymous_0)
FN:10,(anonymous_1)
FNF:2
FNH:2
FNDA:7,(anonymous_0)
FNDA:7,(anonymous_1)
DA:1,1
DA:3,1
DA:4,7
DA:10,1
DA:12,7
DA:17,7
DA:18,6
DA:20,7
DA:22,7
DA:25,1
LF:10
LH:10
BRDA:17,0,0,1
BRDA:17,0,1,6
BRF:2
BRH:2
end_of_record
TN:
SF:helpers/index.js
FNF:0
FNH:0
DA:1,1
DA:2,1
DA:3,1
DA:5,1
LF:4
LH:4
BRF:0
BRH:0
end_of_record
TN:
SF:helpers/jwt.js
FN:4,(anonymous_0)
FN:8,(anonymous_1)
FNF:2
FNH:2
FNDA:1,(anonymous_0)
FNDA:14,(anonymous_1)
DA:1,1
DA:2,1
DA:4,1
DA:5,1
DA:8,1
DA:9,14
DA:12,1
LF:7
LH:7
BRF:0
BRH:0
end_of_record
TN:
SF:helpers/multer.js
FNF:0
FNH:0
DA:1,1
DA:3,1
LF:2
LH:2
BRF:0
BRH:0
end_of_record
TN:
SF:helpers/sendEmailConfirmation.js
FN:2,(anonymous_0)
FN:18,(anonymous_1)
FNF:2
FNH:1
FNDA:1,(anonymous_0)
FNDA:0,(anonymous_1)
DA:1,1
DA:2,1
DA:3,1
DA:11,1
DA:18,1
DA:19,0
DA:20,0
DA:22,0
DA:27,1
LF:9
LH:6
BRDA:19,0,0,0
BRDA:19,0,1,0
BRF:2
BRH:0
end_of_record
TN:
SF:lib/categoriesInit.js
FN:4,(anonymous_0)
FNF:1
FNH:1
FNDA:1,(anonymous_0)
DA:1,1
DA:2,1
DA:4,1
DA:5,1
DA:6,1
DA:12,0
DA:16,1
LF:7
LH:6
BRF:0
BRH:0
end_of_record
TN:
SF:lib/examInit.js
FN:4,(anonymous_0)
FNF:1
FNH:1
FNDA:1,(anonymous_0)
DA:1,1
DA:2,1
DA:4,1
DA:5,1
DA:6,1
DA:12,0
DA:16,1
LF:7
LH:6
BRF:0
BRH:0
end_of_record
TN:
SF:lib/userInit.js
FN:16,(anonymous_0)
FN:28,(anonymous_1)
FNF:2
FNH:2
FNDA:1,(anonymous_0)
FNDA:1,(anonymous_1)
DA:1,1
DA:2,1
DA:16,1
DA:17,1
DA:18,1
DA:24,0
DA:28,1
DA:29,1
DA:30,1
DA:41,0
DA:45,1
LF:11
LH:9
BRF:0
BRH:0
end_of_record
TN:
SF:middlewares/authentication.js
FN:4,(anonymous_0)
FNF:1
FNH:1
FNDA:14,(anonymous_0)
DA:1,1
DA:2,1
DA:4,1
DA:5,14
DA:6,14
DA:7,14
DA:9,14
DA:10,14
DA:12,14
DA:13,14
DA:14,14
DA:15,14
DA:17,0
DA:21,1
LF:14
LH:13
BRDA:7,0,0,0
BRDA:7,0,1,14
BRDA:12,1,0,0
BRDA:12,1,1,14
BRDA:13,2,0,0
BRDA:13,2,1,14
BRF:6
BRH:3
end_of_record
TN:
SF:middlewares/authorization.js
FN:3,(anonymous_0)
FN:14,(anonymous_1)
FNF:2
FNH:1
FNDA:11,(anonymous_0)
FNDA:0,(anonymous_1)
DA:1,1
DA:3,1
DA:4,11
DA:5,11
DA:6,11
DA:7,11
DA:8,11
DA:10,0
DA:14,1
DA:15,0
DA:16,0
DA:18,0
DA:19,0
DA:20,0
DA:22,0
DA:23,0
DA:25,0
DA:30,1
LF:18
LH:9
BRDA:7,0,0,0
BRDA:7,0,1,11
BRDA:7,1,0,11
BRDA:7,1,1,11
BRDA:20,2,0,0
BRDA:20,2,1,0
BRDA:22,3,0,0
BRDA:22,3,1,0
BRDA:22,4,0,0
BRDA:22,4,1,0
BRF:10
BRH:3
end_of_record
TN:
SF:middlewares/errorHandler.js
FN:1,(anonymous_0)
FNF:1
FNH:1
FNDA:8,(anonymous_0)
DA:1,1
DA:2,8
DA:3,8
DA:5,8
DA:6,8
DA:9,8
DA:13,6
DA:14,6
DA:17,8
DA:18,0
DA:19,0
DA:20,0
DA:21,0
DA:22,0
DA:23,0
DA:24,0
DA:25,0
DA:26,0
DA:27,0
DA:28,0
DA:29,0
DA:30,0
DA:31,0
DA:32,0
DA:34,0
DA:35,0
DA:39,8
DA:40,0
DA:41,0
DA:44,8
DA:45,0
DA:46,0
DA:49,8
DA:50,0
DA:51,0
DA:54,8
DA:55,2
DA:56,2
DA:59,8
DA:60,0
DA:61,0
DA:64,8
DA:65,0
DA:66,0
DA:69,8
DA:70,0
DA:71,0
DA:74,8
DA:75,0
DA:76,0
DA:79,8
DA:80,0
DA:81,0
DA:84,8
DA:85,0
DA:88,8
DA:89,0
DA:92,8
DA:93,0
DA:94,0
DA:97,8
DA:98,0
DA:99,0
DA:102,8
DA:103,0
DA:104,0
DA:107,8
DA:108,0
DA:109,0
DA:112,8
DA:113,0
DA:114,0
DA:117,8
DA:118,0
DA:119,0
DA:122,8
DA:123,0
DA:124,0
DA:127,8
DA:128,0
DA:129,0
DA:132,8
DA:133,0
DA:134,0
DA:137,8
DA:138,0
DA:139,0
DA:142,8
DA:143,0
DA:144,0
DA:147,8
DA:148,0
DA:149,0
DA:152,8
DA:153,0
DA:154,0
DA:157,8
DA:158,0
DA:159,0
DA:162,8
DA:163,0
DA:164,0
DA:167,8
DA:168,0
DA:169,0
DA:172,8
DA:173,0
DA:174,0
DA:177,8
DA:182,1
LF:110
LH:41
BRDA:9,0,0,6
BRDA:9,0,1,2
BRDA:10,1,0,8
BRDA:10,1,1,3
BRDA:17,2,0,0
BRDA:17,2,1,8
BRDA:18,3,0,0
BRDA:18,3,1,0
BRDA:21,4,0,0
BRDA:21,4,1,0
BRDA:24,5,0,0
BRDA:24,5,1,0
BRDA:27,6,0,0
BRDA:27,6,1,0
BRDA:30,7,0,0
BRDA:30,7,1,0
BRDA:39,8,0,0
BRDA:39,8,1,8
BRDA:44,9,0,0
BRDA:44,9,1,8
BRDA:49,10,0,0
BRDA:49,10,1,8
BRDA:54,11,0,2
BRDA:54,11,1,6
BRDA:59,12,0,0
BRDA:59,12,1,8
BRDA:64,13,0,0
BRDA:64,13,1,8
BRDA:69,14,0,0
BRDA:69,14,1,8
BRDA:69,15,0,8
BRDA:69,15,1,8
BRDA:74,16,0,0
BRDA:74,16,1,8
BRDA:79,17,0,0
BRDA:79,17,1,8
BRDA:84,18,0,0
BRDA:84,18,1,8
BRDA:88,19,0,0
BRDA:88,19,1,8
BRDA:92,20,0,0
BRDA:92,20,1,8
BRDA:97,21,0,0
BRDA:97,21,1,8
BRDA:102,22,0,0
BRDA:102,22,1,8
BRDA:107,23,0,0
BRDA:107,23,1,8
BRDA:112,24,0,0
BRDA:112,24,1,8
BRDA:117,25,0,0
BRDA:117,25,1,8
BRDA:122,26,0,0
BRDA:122,26,1,8
BRDA:127,27,0,0
BRDA:127,27,1,8
BRDA:132,28,0,0
BRDA:132,28,1,8
BRDA:137,29,0,0
BRDA:137,29,1,8
BRDA:142,30,0,0
BRDA:142,30,1,8
BRDA:147,31,0,0
BRDA:147,31,1,8
BRDA:152,32,0,0
BRDA:152,32,1,8
BRDA:157,33,0,0
BRDA:157,33,1,8
BRDA:162,34,0,0
BRDA:162,34,1,8
BRDA:167,35,0,0
BRDA:167,35,1,8
BRDA:172,36,0,0
BRDA:172,36,1,8
BRF:74
BRH:36
end_of_record
TN:
SF:middlewares/index.js
FNF:0
FNH:0
DA:1,1
DA:2,1
DA:3,1
DA:5,1
LF:4
LH:4
BRF:0
BRH:0
end_of_record
TN:
SF:models/answer.js
FN:3,(anonymous_0)
FN:10,(anonymous_1)
FNF:2
FNH:2
FNDA:1,(anonymous_0)
FNDA:1,(anonymous_1)
DA:2,1
DA:3,1
DA:12,1
DA:13,1
DA:16,1
DA:50,1
LF:6
LH:6
BRF:0
BRH:0
end_of_record
TN:
SF:models/category.js
FN:3,(anonymous_0)
FN:10,(anonymous_1)
FNF:2
FNH:2
FNDA:1,(anonymous_0)
FNDA:1,(anonymous_1)
DA:2,1
DA:3,1
DA:12,1
DA:13,1
DA:16,1
DA:39,1
LF:6
LH:6
BRF:0
BRH:0
end_of_record
TN:
SF:models/certificate.js
FN:3,(anonymous_0)
FN:10,(anonymous_1)
FNF:2
FNH:2
FNDA:1,(anonymous_0)
FNDA:1,(anonymous_1)
DA:2,1
DA:3,1
DA:12,1
DA:13,1
DA:14,1
DA:17,1
DA:91,1
LF:7
LH:7
BRF:0
BRH:0
end_of_record
TN:
SF:models/exam.js
FN:3,(anonymous_0)
FN:10,(anonymous_1)
FNF:2
FNH:2
FNDA:1,(anonymous_0)
FNDA:1,(anonymous_1)
DA:2,1
DA:3,1
DA:12,1
DA:13,1
DA:14,1
DA:15,1
DA:16,1
DA:17,1
DA:18,1
DA:21,1
DA:91,1
LF:11
LH:11
BRF:0
BRH:0
end_of_record
TN:
SF:models/examschedule.js
FN:3,(anonymous_0)
FN:10,(anonymous_1)
FNF:2
FNH:2
FNDA:1,(anonymous_0)
FNDA:1,(anonymous_1)
DA:2,1
DA:3,1
DA:12,1
DA:15,1
DA:48,1
LF:5
LH:5
BRF:0
BRH:0
end_of_record
TN:
SF:models/grade.js
FN:3,(anonymous_0)
FN:10,(anonymous_1)
FNF:2
FNH:2
FNDA:1,(anonymous_0)
FNDA:1,(anonymous_1)
DA:2,1
DA:3,1
DA:12,1
DA:13,1
DA:14,1
DA:17,1
DA:30,1
LF:7
LH:7
BRF:0
BRH:0
end_of_record
TN:
SF:models/index.js
FN:21,(anonymous_0)
FN:29,(anonymous_1)
FN:34,(anonymous_2)
FNF:3
FNH:3
FNDA:14,(anonymous_0)
FNDA:13,(anonymous_1)
FNDA:13,(anonymous_2)
DA:3,1
DA:4,1
DA:5,1
DA:6,1
DA:7,1
DA:8,1
DA:9,1
DA:10,1
DA:13,1
DA:14,0
DA:16,1
DA:19,1
DA:22,14
DA:30,13
DA:31,13
DA:34,1
DA:35,13
DA:36,13
DA:40,1
DA:41,1
DA:43,1
LF:21
LH:20
BRDA:8,0,0,1
BRDA:8,0,1,0
BRDA:13,1,0,0
BRDA:13,1,1,1
BRDA:23,2,0,14
BRDA:23,2,1,14
BRDA:23,2,2,13
BRDA:23,2,3,13
BRDA:35,3,0,13
BRDA:35,3,1,0
BRF:10
BRH:7
end_of_record
TN:
SF:models/organization.js
FN:3,(anonymous_0)
FN:10,(anonymous_1)
FNF:2
FNH:2
FNDA:1,(anonymous_0)
FNDA:1,(anonymous_1)
DA:2,1
DA:3,1
DA:12,1
DA:15,1
DA:69,1
LF:5
LH:5
BRF:0
BRH:0
end_of_record
TN:
SF:models/question.js
FN:3,(anonymous_0)
FN:10,(anonymous_1)
FNF:2
FNH:2
FNDA:1,(anonymous_0)
FNDA:1,(anonymous_1)
DA:2,1
DA:3,1
DA:12,1
DA:13,1
DA:14,1
DA:15,1
DA:18,1
DA:50,1
LF:8
LH:8
BRF:0
BRH:0
end_of_record
TN:
SF:models/questiongroup.js
FN:3,(anonymous_0)
FN:10,(anonymous_1)
FNF:2
FNH:2
FNDA:1,(anonymous_0)
FNDA:1,(anonymous_1)
DA:2,1
DA:3,1
DA:12,1
DA:13,1
DA:16,1
DA:27,1
LF:6
LH:6
BRF:0
BRH:0
end_of_record
TN:
SF:models/session.js
FN:5,(anonymous_0)
FN:12,(anonymous_1)
FNF:2
FNH:2
FNDA:1,(anonymous_0)
FNDA:1,(anonymous_1)
DA:4,1
DA:5,1
DA:14,1
DA:15,1
DA:16,1
DA:19,1
DA:27,1
LF:7
LH:7
BRF:0
BRH:0
end_of_record
TN:
SF:models/transaction.js
FN:3,(anonymous_0)
FN:10,(anonymous_1)
FNF:2
FNH:2
FNDA:1,(anonymous_0)
FNDA:1,(anonymous_1)
DA:2,1
DA:3,1
DA:12,1
DA:15,1
DA:30,1
LF:5
LH:5
BRF:0
BRH:0
end_of_record
TN:
SF:models/user.js
FN:4,(anonymous_0)
FN:11,(anonymous_1)
FN:85,(anonymous_2)
FNF:3
FNH:3
FNDA:1,(anonymous_0)
FNDA:1,(anonymous_1)
FNDA:2,(anonymous_2)
DA:2,1
DA:3,1
DA:4,1
DA:13,1
DA:14,1
DA:15,1
DA:16,1
DA:17,1
DA:20,1
DA:85,1
DA:86,2
DA:88,1
LF:12
LH:12
BRF:0
BRH:0
end_of_record
TN:
SF:models/useranswer.js
FN:3,(anonymous_0)
FN:10,(anonymous_1)
FNF:2
FNH:2
FNDA:1,(anonymous_0)
FNDA:1,(anonymous_1)
DA:2,1
DA:3,1
DA:12,1
DA:13,1
DA:14,1
DA:15,1
DA:18,1
DA:31,1
LF:8
LH:8
BRF:0
BRH:0
end_of_record
TN:
SF:routers/category.js
FNF:0
FNH:0
DA:1,1
DA:2,1
DA:3,1
DA:4,1
DA:6,1
DA:7,1
DA:9,1
DA:10,1
DA:11,1
DA:12,1
DA:13,1
DA:15,1
LF:12
LH:12
BRF:0
BRH:0
end_of_record
TN:
SF:routers/certificates.js
FNF:0
FNH:0
DA:1,1
DA:2,1
DA:3,1
DA:5,1
DA:7,1
DA:8,1
DA:10,1
LF:7
LH:7
BRF:0
BRH:0
end_of_record
TN:
SF:routers/exams.js
FNF:0
FNH:0
DA:1,1
DA:2,1
DA:3,1
DA:4,1
DA:5,1
DA:7,1
DA:9,1
DA:10,1
DA:11,1
DA:17,1
DA:18,1
DA:19,1
DA:21,1
DA:22,1
DA:24,1
DA:25,1
DA:26,1
DA:28,1
LF:18
LH:18
BRF:0
BRH:0
end_of_record
TN:
SF:routers/grades.js
FNF:0
FNH:0
DA:1,1
DA:2,1
DA:3,1
DA:4,1
DA:6,1
DA:8,1
DA:9,1
DA:10,1
DA:12,1
LF:9
LH:9
BRF:0
BRH:0
end_of_record
TN:
SF:routers/index.js
FNF:0
FNH:0
DA:1,1
DA:2,1
DA:3,1
DA:4,1
DA:5,1
DA:6,1
DA:7,1
DA:8,1
DA:9,1
DA:10,1
DA:11,1
DA:13,1
DA:14,1
DA:15,1
DA:17,1
DA:18,1
DA:19,1
DA:20,1
DA:21,1
DA:22,1
DA:23,1
DA:24,1
DA:26,1
LF:23
LH:23
BRF:0
BRH:0
end_of_record
TN:
SF:routers/organizations.js
FNF:0
FNH:0
DA:1,1
DA:2,1
DA:3,1
DA:5,1
DA:7,1
DA:8,1
DA:10,1
DA:11,1
DA:12,1
DA:13,1
DA:14,1
DA:16,1
LF:12
LH:12
BRF:0
BRH:0
end_of_record
TN:
SF:routers/payment.js
FNF:0
FNH:0
DA:1,1
DA:2,1
DA:3,1
DA:5,1
DA:7,1
DA:8,1
DA:10,1
LF:7
LH:7
BRF:0
BRH:0
end_of_record
TN:
SF:routers/questions.js
FNF:0
FNH:0
DA:1,1
DA:2,1
DA:3,1
DA:4,1
DA:6,1
DA:7,1
DA:9,1
DA:10,1
DA:11,1
DA:12,1
DA:14,1
LF:11
LH:11
BRF:0
BRH:0
end_of_record
TN:
SF:routers/user.js
FNF:0
FNH:0
DA:1,1
DA:2,1
DA:3,1
DA:4,1
DA:5,1
DA:14,1
DA:15,1
DA:18,1
DA:19,1
DA:20,1
DA:22,1
LF:11
LH:11
BRF:0
BRH:0
end_of_record
